#
# A fatal error has been detected by the Java Runtime Environment:
#
#  EXCEPTION_ACCESS_VIOLATION (0xc0000005) at pc=0x00007ffea8fe207b, pid=13992, tid=2756
#
# JRE version: Java(TM) SE Runtime Environment (8.0_73-b02) (build 1.8.0_73-b02)
# Java VM: Java HotSpot(TM) 64-Bit Server VM (25.73-b02 mixed mode windows-amd64 compressed oops)
# Problematic frame:
# C  [disjava.dll+0x4207b]
#
# Failed to write core dump. Minidumps are not enabled by default on client versions of Windows
#
# If you would like to submit a bug report, please visit:
#   http://bugreport.java.com/bugreport/crash.jsp
# The crash happened outside the Java Virtual Machine in native code.
# See problematic frame for where to report the bug.
#

---------------  T H R E A D  ---------------

Current thread (0x0000000019183800):  JavaThread "AWT-EventQueue-0" [_thread_in_native, id=2756, stack(0x000000001ad50000,0x000000001ae50000)]

siginfo: ExceptionCode=0xc0000005, writing address 0x0000000000003770

Registers:
RAX=0x0000000000000002, RBX=0x0000000018d99d10, RCX=0x0000000000000001, RDX=0x000000001ae4c861
RSP=0x000000001ae4c940, RBP=0x000000001ae4ca18, RSI=0x00000000115d4000, RDI=0x0000000000000000
R8 =0x0000000000000000, R9 =0x0000000018d99d10, R10=0x0000000000000290, R11=0x000000001ae4c910
R12=0x0000000000000000, R13=0x000000001ba14850, R14=0x000000001ae4ca38, R15=0x0000000019183800
RIP=0x00007ffea8fe207b, EFLAGS=0x0000000000010202

Top of Stack: (sp=0x000000001ae4c940)
0x000000001ae4c940:   0000000000000001 0000000018d99d10
0x000000001ae4c950:   000000001ae4ca18 00007ffea8fe2040
0x000000001ae4c960:   0000000002627ced 00007ffea8fa20dd
0x000000001ae4c970:   000000001ba14850 0000000002627ced
0x000000001ae4c980:   0000000000000000 000000001ba14850
0x000000001ae4c990:   0000000018d99d10 0000000002636360
0x000000001ae4c9a0:   00000000191839f8 0000000002635e34
0x000000001ae4c9b0:   00000000191839f8 000000001ae4ca28
0x000000001ae4c9c0:   000000001ae4ca38 000000001ae4ca30
0x000000001ae4c9d0:   000000001ae4c9d0 000000001ae4c9d8
0x000000001ae4c9e0:   0000000000000000 000000001ae4ca38
0x000000001ae4c9f0:   000000001ba33d50 0000000000000000
0x000000001ae4ca00:   000000001ba14850 0000000000000000
0x000000001ae4ca10:   000000001ae4ca38 000000001ae4ca80
0x000000001ae4ca20:   0000000002627ced 00000000d79d6788
0x000000001ae4ca30:   000000000262f978 00000000d79da9b8 

Instructions: (pc=0x00007ffea8fe207b)
0x00007ffea8fe205b:   15 b8 3b 12 00 4c 8b cb 48 8b c8 41 b8 02 00 00
0x00007ffea8fe206b:   00 48 8b f8 e8 9c fd fd ff 85 c0 74 09 8d 48 ff
0x00007ffea8fe207b:   89 8f 70 37 00 00 48 8b 5c 24 30 48 83 c4 20 5f
0x00007ffea8fe208b:   c3 cc cc cc cc 48 89 5c 24 08 57 b8 20 00 00 00 


Register to memory mapping:

RAX=0x0000000000000002 is an unknown value
RBX=0x0000000018d99d10 is an unknown value
RCX=0x0000000000000001 is an unknown value
RDX=0x000000001ae4c861 is pointing into the stack for thread: 0x0000000019183800
RSP=0x000000001ae4c940 is pointing into the stack for thread: 0x0000000019183800
RBP=0x000000001ae4ca18 is pointing into the stack for thread: 0x0000000019183800
RSI=0x00000000115d4000 is an unknown value
RDI=0x0000000000000000 is an unknown value
R8 =0x0000000000000000 is an unknown value
R9 =0x0000000018d99d10 is an unknown value
R10=0x0000000000000290 is an unknown value
R11=0x000000001ae4c910 is pointing into the stack for thread: 0x0000000019183800
R12=0x0000000000000000 is an unknown value
R13={method} {0x000000001ba14858} 'axstyp' '(Ljava/lang/String;)V' in 'de/dislin/Dislin'
R14=0x000000001ae4ca38 is pointing into the stack for thread: 0x0000000019183800
R15=0x0000000019183800 is a thread


Stack: [0x000000001ad50000,0x000000001ae50000],  sp=0x000000001ae4c940,  free space=1010k
Native frames: (J=compiled Java code, j=interpreted, Vv=VM code, C=native code)
C  [disjava.dll+0x4207b]
C  [disjava.dll+0x20dd]
C  0x0000000002635e34

Java frames: (J=compiled Java code, j=interpreted, Vv=VM code)
j  de.dislin.Dislin.axstyp(Ljava/lang/String;)V+0
j  dislin.plot_1D.run1D_yn()V+435
j  dislin.plot_1D.draw_1D_yn()V+1
j  emft_vol2.Dislin_Settings.jButton2ActionPerformed(Ljava/awt/event/ActionEvent;)V+148
j  emft_vol2.Dislin_Settings.access$1100(Lemft_vol2/Dislin_Settings;Ljava/awt/event/ActionEvent;)V+2
j  emft_vol2.Dislin_Settings$13.actionPerformed(Ljava/awt/event/ActionEvent;)V+5
j  javax.swing.AbstractButton.fireActionPerformed(Ljava/awt/event/ActionEvent;)V+83
j  javax.swing.AbstractButton$Handler.actionPerformed(Ljava/awt/event/ActionEvent;)V+5
j  javax.swing.DefaultButtonModel.fireActionPerformed(Ljava/awt/event/ActionEvent;)V+34
j  javax.swing.DefaultButtonModel.setPressed(Z)V+117
j  javax.swing.plaf.basic.BasicButtonListener.mouseReleased(Ljava/awt/event/MouseEvent;)V+35
j  java.awt.Component.processMouseEvent(Ljava/awt/event/MouseEvent;)V+64
j  javax.swing.JComponent.processMouseEvent(Ljava/awt/event/MouseEvent;)V+23
j  java.awt.Component.processEvent(Ljava/awt/AWTEvent;)V+81
J 1628 C1 java.awt.Container.processEvent(Ljava/awt/AWTEvent;)V (22 bytes) @ 0x0000000002b4d9cc [0x0000000002b4d6a0+0x32c]
J 1152 C1 java.awt.Component.dispatchEventImpl(Ljava/awt/AWTEvent;)V (883 bytes) @ 0x0000000002a1a61c [0x0000000002a15140+0x54dc]
J 948 C1 java.awt.Container.dispatchEventImpl(Ljava/awt/AWTEvent;)V (129 bytes) @ 0x000000000296f3c4 [0x000000000296f280+0x144]
J 947 C1 java.awt.Component.dispatchEvent(Ljava/awt/AWTEvent;)V (6 bytes) @ 0x000000000296ef04 [0x000000000296ee00+0x104]
j  java.awt.LightweightDispatcher.retargetMouseEvent(Ljava/awt/Component;ILjava/awt/event/MouseEvent;)V+327
J 1153 C1 java.awt.LightweightDispatcher.processMouseEvent(Ljava/awt/event/MouseEvent;)Z (286 bytes) @ 0x0000000002a226ac [0x0000000002a20f80+0x172c]
J 1159 C1 java.awt.LightweightDispatcher.dispatchEvent(Ljava/awt/AWTEvent;)Z (73 bytes) @ 0x0000000002a26f3c [0x0000000002a26b00+0x43c]
J 948 C1 java.awt.Container.dispatchEventImpl(Ljava/awt/AWTEvent;)V (129 bytes) @ 0x000000000296f364 [0x000000000296f280+0xe4]
J 1127 C1 java.awt.Window.dispatchEventImpl(Ljava/awt/AWTEvent;)V (23 bytes) @ 0x00000000029fec24 [0x00000000029fe640+0x5e4]
J 970 C1 java.awt.EventQueue.dispatchEventImpl(Ljava/awt/AWTEvent;Ljava/lang/Object;)V (149 bytes) @ 0x00000000029804fc [0x000000000297ecc0+0x183c]
J 968 C1 java.awt.EventQueue$3.run()Ljava/lang/Void; (60 bytes) @ 0x000000000297e0cc [0x000000000297dec0+0x20c]
J 967 C1 java.awt.EventQueue$3.run()Ljava/lang/Object; (5 bytes) @ 0x000000000297758c [0x0000000002977500+0x8c]
v  ~StubRoutines::call_stub
J 814  java.security.AccessController.doPrivileged(Ljava/security/PrivilegedAction;Ljava/security/AccessControlContext;)Ljava/lang/Object; (0 bytes) @ 0x000000000291f266 [0x000000000291f200+0x66]
J 1131 C1 java.awt.EventQueue$4.run()Ljava/lang/Object; (5 bytes) @ 0x00000000029ffc6c [0x00000000029ff840+0x42c]
v  ~StubRoutines::call_stub
J 814  java.security.AccessController.doPrivileged(Ljava/security/PrivilegedAction;Ljava/security/AccessControlContext;)Ljava/lang/Object; (0 bytes) @ 0x000000000291f266 [0x000000000291f200+0x66]
J 882 C1 java.awt.EventQueue.dispatchEvent(Ljava/awt/AWTEvent;)V (80 bytes) @ 0x000000000294c37c [0x000000000294b500+0xe7c]
J 887 C1 java.awt.EventDispatchThread.pumpOneEventForFilters(I)V (295 bytes) @ 0x0000000002950634 [0x000000000294e980+0x1cb4]
j  java.awt.EventDispatchThread.pumpEventsForFilter(ILjava/awt/Conditional;Ljava/awt/EventFilter;)V+35
j  java.awt.EventDispatchThread.pumpEventsForHierarchy(ILjava/awt/Conditional;Ljava/awt/Component;)V+11
j  java.awt.EventDispatchThread.pumpEvents(ILjava/awt/Conditional;)V+4
j  java.awt.EventDispatchThread.pumpEvents(Ljava/awt/Conditional;)V+3
j  java.awt.EventDispatchThread.run()V+9
v  ~StubRoutines::call_stub

---------------  P R O C E S S  ---------------

Java Threads: ( => current thread )
  0x0000000019423000 JavaThread "TimerQueue" daemon [_thread_blocked, id=3092, stack(0x000000001ca60000,0x000000001cb60000)]
  0x00000000009ee000 JavaThread "DestroyJavaVM" [_thread_blocked, id=15916, stack(0x0000000000be0000,0x0000000000ce0000)]
=>0x0000000019183800 JavaThread "AWT-EventQueue-0" [_thread_in_native, id=2756, stack(0x000000001ad50000,0x000000001ae50000)]
  0x000000001916f000 JavaThread "AWT-Windows" daemon [_thread_in_native, id=6480, stack(0x0000000019af0000,0x0000000019bf0000)]
  0x000000001916c800 JavaThread "AWT-Shutdown" [_thread_blocked, id=11840, stack(0x00000000199f0000,0x0000000019af0000)]
  0x0000000019119800 JavaThread "Java2D Disposer" daemon [_thread_blocked, id=15460, stack(0x00000000198f0000,0x00000000199f0000)]
  0x00000000189e8800 JavaThread "Service Thread" daemon [_thread_blocked, id=14536, stack(0x0000000018dc0000,0x0000000018ec0000)]
  0x0000000017178000 JavaThread "C1 CompilerThread2" daemon [_thread_blocked, id=15008, stack(0x00000000188c0000,0x00000000189c0000)]
  0x0000000017175000 JavaThread "C2 CompilerThread1" daemon [_thread_blocked, id=10924, stack(0x00000000187c0000,0x00000000188c0000)]
  0x0000000017172800 JavaThread "C2 CompilerThread0" daemon [_thread_blocked, id=11952, stack(0x00000000186c0000,0x00000000187c0000)]
  0x0000000017171800 JavaThread "Attach Listener" daemon [_thread_blocked, id=2092, stack(0x00000000185c0000,0x00000000186c0000)]
  0x0000000017170800 JavaThread "Signal Dispatcher" daemon [_thread_blocked, id=12440, stack(0x00000000184c0000,0x00000000185c0000)]
  0x0000000017139000 JavaThread "Finalizer" daemon [_thread_blocked, id=15876, stack(0x00000000183c0000,0x00000000184c0000)]
  0x0000000017138800 JavaThread "Reference Handler" daemon [_thread_blocked, id=14128, stack(0x00000000182c0000,0x00000000183c0000)]

Other Threads:
  0x0000000017137000 VMThread [stack: 0x00000000181c0000,0x00000000182c0000] [id=2840]
  0x0000000018a0f800 WatcherThread [stack: 0x0000000018ec0000,0x0000000018fc0000] [id=16720]

VM state:not at safepoint (normal execution)

VM Mutex/Monitor currently owned by a thread: None

Heap:
 PSYoungGen      total 38400K, used 31796K [0x00000000d5d80000, 0x00000000d8800000, 0x0000000100000000)
  eden space 33280K, 95% used [0x00000000d5d80000,0x00000000d7c8d190,0x00000000d7e00000)
  from space 5120K, 0% used [0x00000000d8300000,0x00000000d8300000,0x00000000d8800000)
  to   space 5120K, 0% used [0x00000000d7e00000,0x00000000d7e00000,0x00000000d8300000)
 ParOldGen       total 87552K, used 0K [0x0000000081800000, 0x0000000086d80000, 0x00000000d5d80000)
  object space 87552K, 0% used [0x0000000081800000,0x0000000081800000,0x0000000086d80000)
 Metaspace       used 15832K, capacity 16054K, committed 16384K, reserved 1062912K
  class space    used 1938K, capacity 1994K, committed 2048K, reserved 1048576K

Card table byte_map: [0x00000000119e0000,0x0000000011de0000] byte_map_base: 0x00000000115d4000

Marking Bits: (ParMarkBitMap*) 0x000000006e620600
 Begin Bits: [0x0000000012490000, 0x0000000014430000)
 End Bits:   [0x0000000014430000, 0x00000000163d0000)

Polling page: 0x0000000000a50000

CodeCache: size=245760Kb used=5581Kb max_used=5581Kb free=240178Kb
 bounds [0x0000000002620000, 0x0000000002ba0000, 0x0000000011620000]
 total_blobs=2312 nmethods=1710 adapters=514
 compilation: enabled

Compilation events (10 events):
Event: 35.906 Thread 0x0000000017178000 1704       3       sun.awt.image.IntegerComponentRaster::verify (540 bytes)
Event: 35.910 Thread 0x0000000017178000 nmethod 1704 0x0000000002b915d0 code [0x0000000002b91c00, 0x0000000002b95c48]
Event: 36.239 Thread 0x0000000017178000 1707       3       javax.swing.JComponent::processMouseMotionEvent (46 bytes)
Event: 36.240 Thread 0x0000000017178000 nmethod 1707 0x0000000002b84710 code [0x0000000002b848a0, 0x0000000002b84c88]
Event: 36.240 Thread 0x0000000017178000 1708       3       java.awt.Component::processMouseMotionEvent (58 bytes)
Event: 36.240 Thread 0x0000000017178000 nmethod 1708 0x0000000002b84050 code [0x0000000002b841e0, 0x0000000002b845d8]
Event: 37.480 Thread 0x0000000017178000 1709       3       sun.awt.image.SunWritableRaster::stealData (11 bytes)
Event: 37.480 Thread 0x0000000017178000 nmethod 1709 0x0000000002b83b50 code [0x0000000002b83cc0, 0x0000000002b83eb0]
Event: 37.480 Thread 0x0000000017178000 1710       3       java.awt.image.DataBuffer$1::getData (7 bytes)
Event: 37.480 Thread 0x0000000017178000 nmethod 1710 0x0000000002b83790 code [0x0000000002b838e0, 0x0000000002b83a50]

GC Heap History (0 events):
No events

Deoptimization events (10 events):
Event: 3.386 Thread 0x00000000009ee000 Uncommon trap: reason=class_check action=maybe_recompile pc=0x0000000002870044 method=java.util.HashMap.putVal(ILjava/lang/Object;Ljava/lang/Object;ZZ)Ljava/lang/Object; @ 253
Event: 3.463 Thread 0x0000000019183800 Uncommon trap: reason=unstable_if action=reinterpret pc=0x000000000286c56c method=java.awt.MultipleGradientPaintContext.indexIntoGradientsArrays(F)I @ 24
Event: 3.492 Thread 0x0000000019183800 Uncommon trap: reason=unstable_if action=reinterpret pc=0x000000000290996c method=java.awt.MultipleGradientPaintContext.indexIntoGradientsArrays(F)I @ 13
Event: 3.970 Thread 0x00000000009ee000 Uncommon trap: reason=unstable_if action=reinterpret pc=0x000000000293f404 method=org.sqlite.SQLiteJDBCLoader.contentsEquals(Ljava/io/InputStream;Ljava/io/InputStream;)Z @ 39
Event: 4.629 Thread 0x0000000019183800 Uncommon trap: reason=class_check action=maybe_recompile pc=0x000000000279b928 method=java.lang.String.equals(Ljava/lang/Object;)Z @ 8
Event: 4.629 Thread 0x0000000019183800 Uncommon trap: reason=class_check action=maybe_recompile pc=0x000000000279b928 method=java.lang.String.equals(Ljava/lang/Object;)Z @ 8
Event: 4.629 Thread 0x0000000019183800 Uncommon trap: reason=class_check action=maybe_recompile pc=0x000000000279b928 method=java.lang.String.equals(Ljava/lang/Object;)Z @ 8
Event: 5.686 Thread 0x0000000019183800 Uncommon trap: reason=class_check action=maybe_recompile pc=0x000000000279b928 method=java.lang.String.equals(Ljava/lang/Object;)Z @ 8
Event: 8.490 Thread 0x0000000019183800 Uncommon trap: reason=unstable_if action=reinterpret pc=0x000000000291bc0c method=java.util.HashMap.putVal(ILjava/lang/Object;Ljava/lang/Object;ZZ)Ljava/lang/Object; @ 109
Event: 8.511 Thread 0x00000000191ee000 Uncommon trap: reason=range_check action=make_not_entrant pc=0x00000000029c3a9c method=java.awt.image.DirectColorModel.setFields()V @ 65

Internal exceptions (10 events):
Event: 8.449 Thread 0x0000000019183800 Exception <a 'java/lang/ClassNotFoundException': javax/swing/JToolBarSeparator> (0x00000000d73854c8) thrown at [D:\re\puppet\workspace\8-2-build-windows-amd64-cygwin\jdk8u73\6086\hotspot\src\share\vm\classfile\systemDictionary.cpp, line 210]
Event: 8.449 Thread 0x0000000019183800 Exception <a 'java/lang/ClassNotFoundException': ToolBarSeparator> (0x00000000d7385b48) thrown at [D:\re\puppet\workspace\8-2-build-windows-amd64-cygwin\jdk8u73\6086\hotspot\src\share\vm\classfile\systemDictionary.cpp, line 210]
Event: 8.449 Thread 0x0000000019183800 Exception <a 'java/lang/ClassNotFoundException': ToolTip> (0x00000000d73863c8) thrown at [D:\re\puppet\workspace\8-2-build-windows-amd64-cygwin\jdk8u73\6086\hotspot\src\share\vm\classfile\systemDictionary.cpp, line 210]
Event: 8.449 Thread 0x0000000019183800 Exception <a 'java/lang/ClassNotFoundException': Tree> (0x00000000d7386c40) thrown at [D:\re\puppet\workspace\8-2-build-windows-amd64-cygwin\jdk8u73\6086\hotspot\src\share\vm\classfile\systemDictionary.cpp, line 210]
Event: 8.449 Thread 0x0000000019183800 Exception <a 'java/lang/ClassNotFoundException': Tree> (0x00000000d7387520) thrown at [D:\re\puppet\workspace\8-2-build-windows-amd64-cygwin\jdk8u73\6086\hotspot\src\share\vm\classfile\systemDictionary.cpp, line 210]
Event: 8.449 Thread 0x0000000019183800 Exception <a 'java/lang/ClassNotFoundException': javax/swing/JTreeCell> (0x00000000d7387a88) thrown at [D:\re\puppet\workspace\8-2-build-windows-amd64-cygwin\jdk8u73\6086\hotspot\src\share\vm\classfile\systemDictionary.cpp, line 210]
Event: 8.449 Thread 0x0000000019183800 Exception <a 'java/lang/ClassNotFoundException': TreeCell> (0x00000000d73880f8) thrown at [D:\re\puppet\workspace\8-2-build-windows-amd64-cygwin\jdk8u73\6086\hotspot\src\share\vm\classfile\systemDictionary.cpp, line 210]
Event: 8.449 Thread 0x0000000019183800 Exception <a 'java/lang/ClassNotFoundException': RootPane> (0x00000000d7388b00) thrown at [D:\re\puppet\workspace\8-2-build-windows-amd64-cygwin\jdk8u73\6086\hotspot\src\share\vm\classfile\systemDictionary.cpp, line 210]
Event: 10.380 Thread 0x0000000019183800 Exception <a 'java/lang/IllegalArgumentException'> (0x00000000d79db960) thrown at [D:\re\puppet\workspace\8-2-build-windows-amd64-cygwin\jdk8u73\6086\hotspot\src\share\vm\prims\jvm.cpp, line 1390]
Event: 10.381 Thread 0x0000000019183800 Exception <a 'java/lang/IllegalArgumentException'> (0x00000000d79db960) thrown at [D:\re\puppet\workspace\8-2-build-windows-amd64-cygwin\jdk8u73\6086\hotspot\src\share\vm\prims\jvm.cpp, line 1390]

Events (10 events):
Event: 10.380 loading class sun/awt/windows/WDesktopPeer done
Event: 10.380 loading class java/awt/Desktop$Action
Event: 10.380 loading class java/awt/Desktop$Action done
Event: 10.381 loading class java/lang/Throwable$WrappedPrintStream
Event: 10.381 loading class java/lang/Throwable$PrintStreamOrWriter
Event: 10.381 loading class java/lang/Throwable$PrintStreamOrWriter done
Event: 10.381 loading class java/lang/Throwable$WrappedPrintStream done
Event: 13.553 Thread 0x00000000191ee000 Thread exited: 0x00000000191ee000
Event: 34.617 loading class java/awt/KeyboardFocusManager$5
Event: 34.618 loading class java/awt/KeyboardFocusManager$5 done


Dynamic libraries:
0x00007ff7d41b0000 - 0x00007ff7d41e7000 	C:\Program Files\Java\jdk1.8.0_73\bin\java.exe
0x00007ffed3030000 - 0x00007ffed3202000 	C:\WINDOWS\SYSTEM32\ntdll.dll
0x00007ffed08e0000 - 0x00007ffed098c000 	C:\WINDOWS\System32\KERNEL32.DLL
0x00007ffeb1830000 - 0x00007ffeb1864000 	C:\Program Files\AVAST Software\Avast\x64\aswhooka.dll
0x00007ffecf530000 - 0x00007ffecf74d000 	C:\WINDOWS\System32\KERNELBASE.dll
0x00007ffed20b0000 - 0x00007ffed2152000 	C:\WINDOWS\System32\ADVAPI32.dll
0x00007ffed0b00000 - 0x00007ffed0b9e000 	C:\WINDOWS\System32\msvcrt.dll
0x00007ffed23c0000 - 0x00007ffed2419000 	C:\WINDOWS\System32\sechost.dll
0x00007ffed07b0000 - 0x00007ffed08d1000 	C:\WINDOWS\System32\RPCRT4.dll
0x00007ffed0640000 - 0x00007ffed07a5000 	C:\WINDOWS\System32\USER32.dll
0x00007ffecfbd0000 - 0x00007ffecfbee000 	C:\WINDOWS\System32\win32u.dll
0x00007ffed2d60000 - 0x00007ffed2d94000 	C:\WINDOWS\System32\GDI32.dll
0x00007ffed0440000 - 0x00007ffed05c0000 	C:\WINDOWS\System32\gdi32full.dll
0x00007ffec3af0000 - 0x00007ffec3d6a000 	C:\WINDOWS\WinSxS\amd64_microsoft.windows.common-controls_6595b64144ccf1df_6.0.14393.953_none_42151e83c686086b\COMCTL32.dll
0x00007ffed29f0000 - 0x00007ffed2cb8000 	C:\WINDOWS\System32\combase.dll
0x00007ffed0340000 - 0x00007ffed0435000 	C:\WINDOWS\System32\ucrtbase.dll
0x00007ffed02d0000 - 0x00007ffed033a000 	C:\WINDOWS\System32\bcryptPrimitives.dll
0x00007ffed09a0000 - 0x00007ffed09ce000 	C:\WINDOWS\System32\IMM32.DLL
0x000000006e750000 - 0x000000006e822000 	C:\Program Files\Java\jdk1.8.0_73\jre\bin\msvcr100.dll
0x000000006de10000 - 0x000000006e6a0000 	C:\Program Files\Java\jdk1.8.0_73\jre\bin\server\jvm.dll
0x00007ffed0990000 - 0x00007ffed0998000 	C:\WINDOWS\System32\PSAPI.DLL
0x00007ffecc680000 - 0x00007ffecc689000 	C:\WINDOWS\SYSTEM32\WSOCK32.dll
0x00007ffed2fc0000 - 0x00007ffed302a000 	C:\WINDOWS\System32\WS2_32.dll
0x00007ffecda00000 - 0x00007ffecda23000 	C:\WINDOWS\SYSTEM32\WINMM.dll
0x00007ffebd6a0000 - 0x00007ffebd6aa000 	C:\WINDOWS\SYSTEM32\VERSION.dll
0x00007ffecd9a0000 - 0x00007ffecd9cb000 	C:\WINDOWS\SYSTEM32\WINMMBASE.dll
0x00007ffecf8a0000 - 0x00007ffecf8e2000 	C:\WINDOWS\System32\cfgmgr32.dll
0x000000006fd40000 - 0x000000006fd4f000 	C:\Program Files\Java\jdk1.8.0_73\jre\bin\verify.dll
0x000000006e720000 - 0x000000006e749000 	C:\Program Files\Java\jdk1.8.0_73\jre\bin\java.dll
0x000000006ddf0000 - 0x000000006de06000 	C:\Program Files\Java\jdk1.8.0_73\jre\bin\zip.dll
0x00007ffed0ba0000 - 0x00007ffed20a9000 	C:\WINDOWS\System32\SHELL32.dll
0x00007ffecfbf0000 - 0x00007ffed02c9000 	C:\WINDOWS\System32\windows.storage.dll
0x00007ffecf4d0000 - 0x00007ffecf51c000 	C:\WINDOWS\System32\powrprof.dll
0x00007ffed2da0000 - 0x00007ffed2df2000 	C:\WINDOWS\System32\shlwapi.dll
0x00007ffecf520000 - 0x00007ffecf52f000 	C:\WINDOWS\System32\kernel.appcore.dll
0x00007ffecf7f0000 - 0x00007ffecf899000 	C:\WINDOWS\System32\shcore.dll
0x00007ffecf4b0000 - 0x00007ffecf4c4000 	C:\WINDOWS\System32\profapi.dll
0x000000006dc10000 - 0x000000006dda8000 	C:\Program Files\Java\jdk1.8.0_73\jre\bin\awt.dll
0x00007ffed0a40000 - 0x00007ffed0aff000 	C:\WINDOWS\System32\OLEAUT32.dll
0x00007ffecf750000 - 0x00007ffecf7ec000 	C:\WINDOWS\System32\msvcp_win.dll
0x00007ffecdb20000 - 0x00007ffecdb9a000 	C:\WINDOWS\SYSTEM32\apphelp.dll
0x00007ffecdd00000 - 0x00007ffecdd95000 	C:\WINDOWS\system32\uxtheme.dll
0x00007ffed2260000 - 0x00007ffed23ba000 	C:\WINDOWS\System32\MSCTF.dll
0x00007ffecd340000 - 0x00007ffecd366000 	C:\WINDOWS\system32\dwmapi.dll
0x00007ffed2480000 - 0x00007ffed25b8000 	C:\WINDOWS\System32\ole32.dll
0x000000006dbc0000 - 0x000000006dc07000 	C:\Program Files\Java\jdk1.8.0_73\jre\bin\fontmanager.dll
0x000000006ddd0000 - 0x000000006ddea000 	C:\Program Files\Java\jdk1.8.0_73\jre\bin\net.dll
0x00007ffecedd0000 - 0x00007ffecee2c000 	C:\WINDOWS\system32\mswsock.dll
0x000000006ddb0000 - 0x000000006ddc1000 	C:\Program Files\Java\jdk1.8.0_73\jre\bin\nio.dll
0x000000006db70000 - 0x000000006dbb2000 	C:\Program Files\Java\jdk1.8.0_73\jre\bin\t2k.dll
0x000000006db40000 - 0x000000006db6a000 	C:\Program Files\Java\jdk1.8.0_73\jre\bin\dcpr.dll
0x00007ffecef70000 - 0x00007ffecef87000 	C:\WINDOWS\SYSTEM32\CRYPTSP.dll
0x00007ffece9d0000 - 0x00007ffecea03000 	C:\WINDOWS\system32\rsaenh.dll
0x00007ffecf3e0000 - 0x00007ffecf40b000 	C:\WINDOWS\SYSTEM32\bcrypt.dll
0x00007ffecec50000 - 0x00007ffecec6f000 	C:\WINDOWS\SYSTEM32\USERENV.dll
0x00007ffecef90000 - 0x00007ffecef9b000 	C:\WINDOWS\SYSTEM32\CRYPTBASE.dll
0x00007ffeceb50000 - 0x00007ffeceb88000 	C:\WINDOWS\SYSTEM32\IPHLPAPI.DLL
0x00007ffed2fa0000 - 0x00007ffed2fa8000 	C:\WINDOWS\System32\NSI.dll
0x00007ffec7440000 - 0x00007ffec7456000 	C:\WINDOWS\SYSTEM32\dhcpcsvc6.DLL
0x00007ffec7420000 - 0x00007ffec743a000 	C:\WINDOWS\SYSTEM32\dhcpcsvc.DLL
0x000000006cd80000 - 0x000000006ce70000 	C:\Users\Jozef\AppData\Local\Temp\sqlite-3.16.1-cd276ea7-ad98-4bcc-914c-f6cfb5fc3640-sqlitejdbc.dll
0x000000006db00000 - 0x000000006db31000 	C:\Program Files\Java\jdk1.8.0_73\jre\bin\jpeg.dll
0x00007ffed2cc0000 - 0x00007ffed2d5f000 	C:\WINDOWS\System32\clbcatq.dll
0x00007ffeccad0000 - 0x00007ffeccc78000 	C:\WINDOWS\SYSTEM32\WindowsCodecs.dll
0x00007ffeb69b0000 - 0x00007ffeb69f9000 	C:\WINDOWS\system32\dataexchange.dll
0x00007ffecbd50000 - 0x00007ffecc006000 	C:\WINDOWS\system32\d3d11.dll
0x00007ffecd4f0000 - 0x00007ffecd641000 	C:\WINDOWS\system32\dcomp.dll
0x00007ffece500000 - 0x00007ffece59f000 	C:\WINDOWS\system32\dxgi.dll
0x00007ffecdf30000 - 0x00007ffece04c000 	C:\WINDOWS\system32\twinapi.appcore.dll
0x00007ffea8fa0000 - 0x00007ffea914c000 	C:\dislin\win\disjava.dll
0x00007ffeb1370000 - 0x00007ffeb1493000 	C:\WINDOWS\SYSTEM32\OPENGL32.dll
0x00007ffeb1790000 - 0x00007ffeb17bd000 	C:\WINDOWS\SYSTEM32\GLU32.dll
0x00007ffeb1230000 - 0x00007ffeb1327000 	C:\WINDOWS\SYSTEM32\DDRAW.dll
0x00007ffeb11b0000 - 0x00007ffeb11b8000 	C:\WINDOWS\SYSTEM32\DCIMAN32.dll
0x00007ffec9f90000 - 0x00007ffec9fb5000 	C:\Program Files (x86)\Samsung\Easy Printer Manager\SmartScreenPrint\CDAKEYMonitor64.dll
0x00007ffecc380000 - 0x00007ffecc512000 	C:\WINDOWS\SYSTEM32\dbghelp.dll

VM Arguments:
jvm_args: -Dfile.encoding=UTF-8 
java_command: emft_vol2.main_class
java_class_path (initial): C:\Users\Jozef\AppData\Roaming\NetBeans\8.1\modules\ext\sqlite-jdbc-3.16.1.jar;C:\Users\Jozef\Documents\NetBeansProjects\EMFTvol2\log4j-1.2.15.jar;C:\Users\Jozef\Documents\NetBeansProjects\EMFTvol2\jdelaunay-master.zip;C:\Users\Jozef\Documents\NetBeansProjects\EMFTvol2\EMFT_vol2\delaunay.jar;C:\Users\Jozef\Documents\NetBeansProjects\EMFTvol2\EMFT_vol2\quickhull-src.jar;C:\Users\Jozef\Documents\NetBeansProjects\EMFTvol2\EMFT_vol2\Dislin.jar;C:\Users\Jozef\Documents\NetBeansProjects\EMFTvol2\EMFT_vol2\commons-math-2.2\commons-math-2.2-javadoc.jar;C:\Users\Jozef\Documents\NetBeansProjects\EMFTvol2\EMFT_vol2\commons-math-2.2\commons-math-2.2-sources.jar;C:\Users\Jozef\Documents\NetBeansProjects\EMFTvol2\EMFT_vol2\commons-math-2.2\commons-math-2.2.jar;C:\Users\Jozef\Documents\NetBeansProjects\EMFTvol2\EMFT_vol2\commons-math3-3.6.1;C:\Users\Jozef\Documents\NetBeansProjects\EMFTvol2\EMFT_vol2\commons-math3-3.6.1\commons-math3-3.6.1.jar;C:\Users\Jozef\Documents\NetBeansProjects\EMFTvol2\EMFT_vol2\commons-math3-3.6.1\commons-math3-3.6.1-javadoc.jar;C:\Users\Jozef\Documents\NetBeansProjects\EMFTvol2\EMFT_vol2\commons-math3-3.6.1\commons-math3-3.6.1-sources.jar;C:\Users\Jozef\Documents\NetBeansProjects\EMFTvol2\EMFT_vol2\commons-math3-3.6.1\commons-math3-3.6.1-tools.jar;C:\Users\Jozef\Documents\NetBeansProjects\EMFTvol2\EMFT_vol2\flanagan.jar;C:\dislin;C:\Users\Jozef\Documents\NetBeansProjects\EMFTvol2\EMFT_vol2\build\classes
Launcher Type: SUN_STANDARD

Environment Variables:
PATH=C:\ProgramData\Oracle\Java\javapath;C:\Program Files (x86)\Intel\iCLS Client\;C:\Program Files\Intel\iCLS Client\;C:\WINDOWS\system32;C:\WINDOWS;C:\WINDOWS\System32\Wbem;C:\WINDOWS\System32\WindowsPowerShell\v1.0\;C:\Program Files (x86)\Intel\Intel(R) Management Engine Components\DAL;C:\Program Files\Intel\Intel(R) Management Engine Components\DAL;C:\Program Files (x86)\Intel\Intel(R) Management Engine Components\IPT;C:\Program Files\Intel\Intel(R) Management Engine Components\IPT;C:\Program Files (x86)\Pico Technology\PicoScope6\;C:\Program Files\Intel\WiFi\bin\;C:\Program Files\Common Files\Intel\WirelessCommon\;F:\Matlab 2017b\core\runtime\win64;F:\Matlab 2017b\core\bin;C:\Users\Jozef\AppData\Local\Programs\MiKTeX 2.9\miktex\bin\x64\;C:\myPF\miktex\bin\x64\;C:\MinGW\bin;C:\MinGW\msys\1.0\bin;c:\dislin\win;%USERPROFILE%\AppData\Local\Microsoft\WindowsApps;
USERNAME=Jozef
OS=Windows_NT
PROCESSOR_IDENTIFIER=Intel64 Family 6 Model 78 Stepping 3, GenuineIntel



---------------  S Y S T E M  ---------------

OS: Windows 10.0 , 64 bit Build 14393 (10.0.14393.1198)

CPU:total 4 (2 cores per cpu, 2 threads per core) family 6 model 78 stepping 3, cmov, cx8, fxsr, mmx, sse, sse2, sse3, ssse3, sse4.1, sse4.2, popcnt, avx, avx2, aes, clmul, erms, 3dnowpref, lzcnt, ht, tsc, tscinvbit, bmi1, bmi2, adx

Memory: 4k page, physical 8282200k(1893796k free), swap 11624320k(1458092k free)

vm_info: Java HotSpot(TM) 64-Bit Server VM (25.73-b02) for windows-amd64 JRE (1.8.0_73-b02), built on Jan 29 2016 17:38:49 by "java_re" with MS VC++ 10.0 (VS2010)

time: Wed Apr 11 11:12:44 2018
elapsed time: 37 seconds (0d 0h 0m 37s)

