#
# A fatal error has been detected by the Java Runtime Environment:
#
#  EXCEPTION_ACCESS_VIOLATION (0xc0000005) at pc=0x0000000050284ec2, pid=3156, tid=0x0000000000002114
#
# JRE version: Java(TM) SE Runtime Environment (8.0_102-b14) (build 1.8.0_102-b14)
# Java VM: Java HotSpot(TM) 64-Bit Server VM (25.102-b14 mixed mode windows-amd64 compressed oops)
# Problematic frame:
# V  [jvm.dll+0x144ec2]
#
# Failed to write core dump. Minidumps are not enabled by default on client versions of Windows
#
# If you would like to submit a bug report, please visit:
#   http://bugreport.java.com/bugreport/crash.jsp
#

---------------  T H R E A D  ---------------

Current thread (0x00000000026f2800):  JavaThread "main" [_thread_in_vm, id=8468, stack(0x00000000025f0000,0x00000000026f0000)]

siginfo: ExceptionCode=0xc0000005, reading address 0x0000000000000000

Registers:
RAX=0x0000000000000000, RBX=0x00000000026f2800, RCX=0x0000000000000280, RDX=0x0000000000000000
RSP=0x00000000026ef5a0, RBP=0x0000000000000000, RSI=0x0000000000000000, RDI=0x0000000000000000
R8 =0x0000000000000000, R9 =0x00000000026ef6f8, R10=0x0000000002807f28, R11=0x000000005036b330
R12=0x0000000000000000, R13=0x000000001bc76188, R14=0x00000000026ef700, R15=0x00000000026f2800
RIP=0x0000000050284ec2, EFLAGS=0x0000000000010202

Top of Stack: (sp=0x00000000026ef5a0)
0x00000000026ef5a0:   000000001bc76188 00000000026f2800
0x00000000026ef5b0:   00000000026f2800 0000000000db7b60
0x00000000026ef5c0:   00000000026f2800 0000000000000000
0x00000000026ef5d0:   00000000026f20d0 00000000501fae76
0x00000000026ef5e0:   00000000026efb28 0000000000000001
0x00000000026ef5f0:   000000000000000e 00000000026f2800
0x00000000026ef600:   000000001bc76188 00000000026f2800
0x00000000026ef610:   0000000000000002 00007ffe4ec6f1a3
0x00000000026ef620:   00000000026ef6d8 00000000027f835d
0x00000000026ef630:   00000000026f2000 000000001bc76188
0x00000000026ef640:   000000001bc76188 0000000000000002
0x00000000026ef650:   0000000000000002 0000000002807f54
0x00000000026ef660:   00000000026f29f8 00000000026ef6e8
0x00000000026ef670:   0000000000000000 00000000026ef6f8
0x00000000026ef680:   0000000000000002 00000000026f2800
0x00000000026ef690:   0000000002807c82 00000000026ef698 

Instructions: (pc=0x0000000050284ec2)
0x0000000050284ea2:   89 5c 24 20 48 89 74 24 28 48 39 73 08 74 0a 48
0x0000000050284eb2:   8d 4c 24 20 e8 25 64 13 00 40 38 35 9e 64 6c 00
0x0000000050284ec2:   48 8b 3f 48 63 05 80 c4 6a 00 74 1b 8b 0c 38 85
0x0000000050284ed2:   c9 74 7c 8b c1 8b 0d bb 98 65 00 48 d3 e0 48 03 


Register to memory mapping:

RAX=0x0000000000000000 is an unknown value
RBX=0x00000000026f2800 is a thread
RCX=0x0000000000000280 is an unknown value
RDX=0x0000000000000000 is an unknown value
RSP=0x00000000026ef5a0 is pointing into the stack for thread: 0x00000000026f2800
RBP=0x0000000000000000 is an unknown value
RSI=0x0000000000000000 is an unknown value
RDI=0x0000000000000000 is an unknown value
R8 =0x0000000000000000 is an unknown value
R9 =0x00000000026ef6f8 is pointing into the stack for thread: 0x00000000026f2800
R10=0x0000000002807f28 is at code_begin+840 in an Interpreter codelet
method entry point (kind = native)  [0x0000000002807be0, 0x0000000002808540]  2400 bytes
R11=0x000000005036b330 is an unknown value
R12=0x0000000000000000 is an unknown value
R13={method} {0x000000001bc76190} 'name' '(Ljava/lang/String;Ljava/lang/String;)V' in 'de/dislin/Dislin'
R14=0x00000000026ef700 is pointing into the stack for thread: 0x00000000026f2800
R15=0x00000000026f2800 is a thread


Stack: [0x00000000025f0000,0x00000000026f0000],  sp=0x00000000026ef5a0,  free space=1021k
Native frames: (J=compiled Java code, j=interpreted, Vv=VM code, C=native code)

Java frames: (J=compiled Java code, j=interpreted, Vv=VM code)
j  de.dislin.Dislin.name(Ljava/lang/String;Ljava/lang/String;)V+0
j  dislin.SurfaceGraph.main()V+334
j  dislin.SurfaceGraph.Run()V+1
j  emft_vol2.main_class.main([Ljava/lang/String;)V+665
v  ~StubRoutines::call_stub

---------------  P R O C E S S  ---------------

Java Threads: ( => current thread )
  0x0000000019079000 JavaThread "Image Fetcher 0" daemon [_thread_blocked, id=11684, stack(0x000000001b330000,0x000000001b430000)]
  0x0000000019439800 JavaThread "AWT-EventQueue-0" [_thread_blocked, id=7496, stack(0x000000001b030000,0x000000001b130000)]
  0x0000000019066000 JavaThread "AWT-Windows" daemon [_thread_in_native, id=12660, stack(0x0000000019db0000,0x0000000019eb0000)]
  0x0000000019063000 JavaThread "AWT-Shutdown" [_thread_blocked, id=4772, stack(0x0000000019cb0000,0x0000000019db0000)]
  0x00000000193f3000 JavaThread "Java2D Disposer" daemon [_thread_blocked, id=5284, stack(0x0000000019bb0000,0x0000000019cb0000)]
  0x0000000018ca8800 JavaThread "Service Thread" daemon [_thread_blocked, id=7968, stack(0x0000000019080000,0x0000000019180000)]
  0x0000000017349800 JavaThread "C1 CompilerThread2" daemon [_thread_blocked, id=6648, stack(0x0000000018b80000,0x0000000018c80000)]
  0x0000000017340000 JavaThread "C2 CompilerThread1" daemon [_thread_blocked, id=1884, stack(0x0000000018a80000,0x0000000018b80000)]
  0x000000001733c800 JavaThread "C2 CompilerThread0" daemon [_thread_blocked, id=7180, stack(0x0000000018980000,0x0000000018a80000)]
  0x000000001733b000 JavaThread "Attach Listener" daemon [_thread_blocked, id=10384, stack(0x0000000018880000,0x0000000018980000)]
  0x000000001733a000 JavaThread "Signal Dispatcher" daemon [_thread_blocked, id=1552, stack(0x0000000018780000,0x0000000018880000)]
  0x00000000027ec000 JavaThread "Finalizer" daemon [_thread_blocked, id=12460, stack(0x0000000018590000,0x0000000018690000)]
  0x00000000027e1000 JavaThread "Reference Handler" daemon [_thread_blocked, id=7272, stack(0x0000000018490000,0x0000000018590000)]
=>0x00000000026f2800 JavaThread "main" [_thread_in_vm, id=8468, stack(0x00000000025f0000,0x00000000026f0000)]

Other Threads:
  0x0000000017307800 VMThread [stack: 0x0000000018390000,0x0000000018490000] [id=1108]
  0x0000000018cc3000 WatcherThread [stack: 0x0000000019180000,0x0000000019280000] [id=1828]

VM state:not at safepoint (normal execution)

VM Mutex/Monitor currently owned by a thread: None

Heap:
 PSYoungGen      total 38400K, used 17786K [0x00000000d5d80000, 0x00000000d8800000, 0x0000000100000000)
  eden space 33280K, 53% used [0x00000000d5d80000,0x00000000d6ede820,0x00000000d7e00000)
  from space 5120K, 0% used [0x00000000d8300000,0x00000000d8300000,0x00000000d8800000)
  to   space 5120K, 0% used [0x00000000d7e00000,0x00000000d7e00000,0x00000000d8300000)
 ParOldGen       total 87552K, used 0K [0x0000000081800000, 0x0000000086d80000, 0x00000000d5d80000)
  object space 87552K, 0% used [0x0000000081800000,0x0000000081800000,0x0000000086d80000)
 Metaspace       used 15043K, capacity 15282K, committed 15616K, reserved 1062912K
  class space    used 1830K, capacity 1930K, committed 2048K, reserved 1048576K

Card table byte_map: [0x0000000011bb0000,0x0000000011fb0000] byte_map_base: 0x00000000117a4000

Marking Bits: (ParMarkBitMap*) 0x000000005095a6c0
 Begin Bits: [0x0000000012660000, 0x0000000014600000)
 End Bits:   [0x0000000014600000, 0x00000000165a0000)

Polling page: 0x0000000000da0000

CodeCache: size=245760Kb used=3309Kb max_used=3309Kb free=242450Kb
 bounds [0x00000000027f0000, 0x0000000002b30000, 0x00000000117f0000]
 total_blobs=1494 nmethods=894 adapters=513
 compilation: enabled

Compilation events (10 events):
Event: 2.603 Thread 0x0000000017349800  892       3       org.jdelaunay.delaunay.geometries.DTriangle::isInside (63 bytes)
Event: 2.603 Thread 0x0000000017349800 nmethod 892 0x0000000002b1fc10 code [0x0000000002b1fda0, 0x0000000002b20318]
Event: 2.603 Thread 0x0000000017349800  890       3       org.jdelaunay.delaunay.geometries.DTriangle::getPoint (96 bytes)
Event: 2.603 Thread 0x0000000017349800 nmethod 890 0x0000000002b228d0 code [0x0000000002b22a80, 0x0000000002b23338]
Event: 2.603 Thread 0x0000000017349800  893       3       org.jdelaunay.delaunay.geometries.DPoint::setX (6 bytes)
Event: 2.604 Thread 0x0000000017349800 nmethod 893 0x0000000002b23710 code [0x0000000002b23860, 0x0000000002b239b0]
Event: 2.604 Thread 0x0000000017349800  894       3       org.jdelaunay.delaunay.geometries.DPoint::setZ (6 bytes)
Event: 2.604 Thread 0x0000000017349800 nmethod 894 0x0000000002b23a50 code [0x0000000002b23ba0, 0x0000000002b23cf0]
Event: 2.608 Thread 0x0000000017349800  895       3       java.lang.String::<init> (15 bytes)
Event: 2.609 Thread 0x0000000017349800 nmethod 895 0x0000000002b2c650 code [0x0000000002b2c7e0, 0x0000000002b2cbc8]

GC Heap History (0 events):
No events

Deoptimization events (10 events):
Event: 0.489 Thread 0x0000000019439800 Uncommon trap: reason=bimorphic action=maybe_recompile pc=0x00000000029f4964 method=java.util.HashMap.putVal(ILjava/lang/Object;Ljava/lang/Object;ZZ)Ljava/lang/Object; @ 152
Event: 0.493 Thread 0x0000000019439800 Uncommon trap: reason=bimorphic action=maybe_recompile pc=0x00000000029f4964 method=java.util.HashMap.putVal(ILjava/lang/Object;Ljava/lang/Object;ZZ)Ljava/lang/Object; @ 152
Event: 0.547 Thread 0x0000000019439800 Uncommon trap: reason=bimorphic action=maybe_recompile pc=0x00000000029f4964 method=java.util.HashMap.putVal(ILjava/lang/Object;Ljava/lang/Object;ZZ)Ljava/lang/Object; @ 152
Event: 1.866 Thread 0x0000000019439800 Uncommon trap: reason=bimorphic action=maybe_recompile pc=0x00000000029f4964 method=java.util.HashMap.putVal(ILjava/lang/Object;Ljava/lang/Object;ZZ)Ljava/lang/Object; @ 152
Event: 2.082 Thread 0x0000000019439800 Uncommon trap: reason=unstable_if action=reinterpret pc=0x0000000002a1dcec method=java.awt.MultipleGradientPaintContext.indexIntoGradientsArrays(F)I @ 24
Event: 2.092 Thread 0x00000000026f2800 Uncommon trap: reason=unstable_if action=reinterpret pc=0x0000000002a62af8 method=java.lang.String.indexOf([CII[CIII)I @ 3
Event: 2.095 Thread 0x00000000026f2800 Uncommon trap: reason=bimorphic action=maybe_recompile pc=0x00000000029fa1e8 method=java.util.HashMap.putVal(ILjava/lang/Object;Ljava/lang/Object;ZZ)Ljava/lang/Object; @ 152
Event: 2.096 Thread 0x0000000019439800 Uncommon trap: reason=unstable_if action=reinterpret pc=0x0000000002a9c86c method=java.awt.MultipleGradientPaintContext.indexIntoGradientsArrays(F)I @ 13
Event: 2.414 Thread 0x00000000026f2800 Uncommon trap: reason=unstable_if action=reinterpret pc=0x0000000002aca184 method=org.sqlite.SQLiteJDBCLoader.contentsEquals(Ljava/io/InputStream;Ljava/io/InputStream;)Z @ 39
Event: 2.529 Thread 0x00000000026f2800 Uncommon trap: reason=unstable_if action=reinterpret pc=0x0000000002ab3ac8 method=java.util.HashMap.putVal(ILjava/lang/Object;Ljava/lang/Object;ZZ)Ljava/lang/Object; @ 236

Internal exceptions (10 events):
Event: 1.967 Thread 0x00000000026f2800 Exception <a 'java/lang/ClassNotFoundException': ToolBar> (0x00000000d6256f50) thrown at [C:\re\workspace\8-2-build-windows-amd64-cygwin\jdk8u102\7268\hotspot\src\share\vm\classfile\systemDictionary.cpp, line 210]
Event: 1.967 Thread 0x00000000026f2800 Exception <a 'java/lang/ClassNotFoundException': ToggleButton> (0x00000000d6257500) thrown at [C:\re\workspace\8-2-build-windows-amd64-cygwin\jdk8u102\7268\hotspot\src\share\vm\classfile\systemDictionary.cpp, line 210]
Event: 1.967 Thread 0x00000000026f2800 Exception <a 'java/lang/ClassNotFoundException': javax/swing/JToolBarSeparator> (0x00000000d6257960) thrown at [C:\re\workspace\8-2-build-windows-amd64-cygwin\jdk8u102\7268\hotspot\src\share\vm\classfile\systemDictionary.cpp, line 210]
Event: 1.967 Thread 0x00000000026f2800 Exception <a 'java/lang/ClassNotFoundException': ToolBarSeparator> (0x00000000d6257df8) thrown at [C:\re\workspace\8-2-build-windows-amd64-cygwin\jdk8u102\7268\hotspot\src\share\vm\classfile\systemDictionary.cpp, line 210]
Event: 1.967 Thread 0x00000000026f2800 Exception <a 'java/lang/ClassNotFoundException': ToolTip> (0x00000000d6258490) thrown at [C:\re\workspace\8-2-build-windows-amd64-cygwin\jdk8u102\7268\hotspot\src\share\vm\classfile\systemDictionary.cpp, line 210]
Event: 1.967 Thread 0x00000000026f2800 Exception <a 'java/lang/ClassNotFoundException': Tree> (0x00000000d6258b20) thrown at [C:\re\workspace\8-2-build-windows-amd64-cygwin\jdk8u102\7268\hotspot\src\share\vm\classfile\systemDictionary.cpp, line 210]
Event: 1.967 Thread 0x00000000026f2800 Exception <a 'java/lang/ClassNotFoundException': Tree> (0x00000000d6259218) thrown at [C:\re\workspace\8-2-build-windows-amd64-cygwin\jdk8u102\7268\hotspot\src\share\vm\classfile\systemDictionary.cpp, line 210]
Event: 1.967 Thread 0x00000000026f2800 Exception <a 'java/lang/ClassNotFoundException': javax/swing/JTreeCell> (0x00000000d6259598) thrown at [C:\re\workspace\8-2-build-windows-amd64-cygwin\jdk8u102\7268\hotspot\src\share\vm\classfile\systemDictionary.cpp, line 210]
Event: 1.967 Thread 0x00000000026f2800 Exception <a 'java/lang/ClassNotFoundException': TreeCell> (0x00000000d6259a20) thrown at [C:\re\workspace\8-2-build-windows-amd64-cygwin\jdk8u102\7268\hotspot\src\share\vm\classfile\systemDictionary.cpp, line 210]
Event: 1.967 Thread 0x00000000026f2800 Exception <a 'java/lang/ClassNotFoundException': RootPane> (0x00000000d625a240) thrown at [C:\re\workspace\8-2-build-windows-amd64-cygwin\jdk8u102\7268\hotspot\src\share\vm\classfile\systemDictionary.cpp, line 210]

Events (10 events):
Event: 2.596 loading class org/jdelaunay/delaunay/geometries/DTriangle
Event: 2.596 loading class org/jdelaunay/delaunay/geometries/DTriangle done
Event: 2.598 loading class BackEnd/Tfield
Event: 2.598 loading class BackEnd/Tfield done
Event: 2.603 loading class dislin/SurfaceGraph
Event: 2.603 loading class dislin/SurfaceGraph done
Event: 2.604 loading class de/dislin/Dislin
Event: 2.604 loading class de/dislin/Dislin done
Event: 2.608 loading class java/lang/ClassLoaderHelper
Event: 2.608 loading class java/lang/ClassLoaderHelper done


Dynamic libraries:
0x00007ff7ecd50000 - 0x00007ff7ecd87000 	C:\Program Files\Java\jdk1.8.0_102\bin\java.exe
0x00007ffe7f030000 - 0x00007ffe7f201000 	C:\WINDOWS\SYSTEM32\ntdll.dll
0x00007ffe7ee60000 - 0x00007ffe7ef0c000 	C:\WINDOWS\System32\KERNEL32.DLL
0x00007ffe62f30000 - 0x00007ffe62f63000 	C:\Program Files\AVAST Software\Avast\x64\aswhooka.dll
0x00007ffe7c3a0000 - 0x00007ffe7c5bd000 	C:\WINDOWS\System32\KERNELBASE.dll
0x00007ffe7ef10000 - 0x00007ffe7efb2000 	C:\WINDOWS\System32\ADVAPI32.dll
0x00007ffe7e530000 - 0x00007ffe7e5ce000 	C:\WINDOWS\System32\msvcrt.dll
0x00007ffe7ec70000 - 0x00007ffe7ecc9000 	C:\WINDOWS\System32\sechost.dll
0x00007ffe7dd90000 - 0x00007ffe7deb1000 	C:\WINDOWS\System32\RPCRT4.dll
0x00007ffe7e5d0000 - 0x00007ffe7e735000 	C:\WINDOWS\System32\USER32.dll
0x00007ffe7b630000 - 0x00007ffe7b64e000 	C:\WINDOWS\System32\win32u.dll
0x00007ffe7efd0000 - 0x00007ffe7f004000 	C:\WINDOWS\System32\GDI32.dll
0x00007ffe7c0d0000 - 0x00007ffe7c250000 	C:\WINDOWS\System32\gdi32full.dll
0x00007ffe6b450000 - 0x00007ffe6b6ca000 	C:\WINDOWS\WinSxS\amd64_microsoft.windows.common-controls_6595b64144ccf1df_6.0.14393.953_none_42151e83c686086b\COMCTL32.dll
0x00007ffe7e260000 - 0x00007ffe7e528000 	C:\WINDOWS\System32\combase.dll
0x00007ffe7b530000 - 0x00007ffe7b625000 	C:\WINDOWS\System32\ucrtbase.dll
0x00007ffe7b6a0000 - 0x00007ffe7b70a000 	C:\WINDOWS\System32\bcryptPrimitives.dll
0x00007ffe7e0d0000 - 0x00007ffe7e0fe000 	C:\WINDOWS\System32\IMM32.DLL
0x00000000509e0000 - 0x0000000050ab1000 	C:\Program Files\Java\jdk1.8.0_102\jre\bin\msvcr100.dll
0x0000000050140000 - 0x00000000509da000 	C:\Program Files\Java\jdk1.8.0_102\jre\bin\server\jvm.dll
0x00007ffe7efc0000 - 0x00007ffe7efc8000 	C:\WINDOWS\System32\PSAPI.DLL
0x00007ffe78140000 - 0x00007ffe78149000 	C:\WINDOWS\SYSTEM32\WSOCK32.dll
0x00007ffe7ed30000 - 0x00007ffe7ed9a000 	C:\WINDOWS\System32\WS2_32.dll
0x00007ffe79920000 - 0x00007ffe79943000 	C:\WINDOWS\SYSTEM32\WINMM.dll
0x00007ffe69880000 - 0x00007ffe6988a000 	C:\WINDOWS\SYSTEM32\VERSION.dll
0x00007ffe798c0000 - 0x00007ffe798eb000 	C:\WINDOWS\SYSTEM32\WINMMBASE.dll
0x00007ffe7b650000 - 0x00007ffe7b692000 	C:\WINDOWS\System32\cfgmgr32.dll
0x0000000050130000 - 0x000000005013f000 	C:\Program Files\Java\jdk1.8.0_102\jre\bin\verify.dll
0x0000000050100000 - 0x0000000050129000 	C:\Program Files\Java\jdk1.8.0_102\jre\bin\java.dll
0x00000000500e0000 - 0x00000000500f6000 	C:\Program Files\Java\jdk1.8.0_102\jre\bin\zip.dll
0x00007ffe7c820000 - 0x00007ffe7dd28000 	C:\WINDOWS\System32\SHELL32.dll
0x00007ffe7b7c0000 - 0x00007ffe7be9a000 	C:\WINDOWS\System32\windows.storage.dll
0x00007ffe7b4e0000 - 0x00007ffe7b52c000 	C:\WINDOWS\System32\powrprof.dll
0x00007ffe7dd30000 - 0x00007ffe7dd82000 	C:\WINDOWS\System32\shlwapi.dll
0x00007ffe7b4a0000 - 0x00007ffe7b4af000 	C:\WINDOWS\System32\kernel.appcore.dll
0x00007ffe7c250000 - 0x00007ffe7c2f9000 	C:\WINDOWS\System32\shcore.dll
0x00007ffe7b4c0000 - 0x00007ffe7b4d4000 	C:\WINDOWS\System32\profapi.dll
0x0000000077e60000 - 0x0000000077ff8000 	C:\Program Files\Java\jdk1.8.0_102\jre\bin\awt.dll
0x00007ffe7eda0000 - 0x00007ffe7ee5f000 	C:\WINDOWS\System32\OLEAUT32.dll
0x00007ffe7c300000 - 0x00007ffe7c39c000 	C:\WINDOWS\System32\msvcp_win.dll
0x00007ffe79a40000 - 0x00007ffe79aba000 	C:\WINDOWS\SYSTEM32\apphelp.dll
0x00007ffe79c20000 - 0x00007ffe79cb5000 	C:\WINDOWS\system32\uxtheme.dll
0x00007ffe7e100000 - 0x00007ffe7e25a000 	C:\WINDOWS\System32\MSCTF.dll
0x00007ffe792c0000 - 0x00007ffe792e6000 	C:\WINDOWS\system32\dwmapi.dll
0x00007ffe7c6e0000 - 0x00007ffe7c818000 	C:\WINDOWS\System32\ole32.dll
0x0000000050090000 - 0x00000000500d7000 	C:\Program Files\Java\jdk1.8.0_102\jre\bin\fontmanager.dll
0x0000000050070000 - 0x000000005008a000 	C:\Program Files\Java\jdk1.8.0_102\jre\bin\net.dll
0x00007ffe7add0000 - 0x00007ffe7ae2c000 	C:\WINDOWS\system32\mswsock.dll
0x0000000050050000 - 0x0000000050061000 	C:\Program Files\Java\jdk1.8.0_102\jre\bin\nio.dll
0x0000000050000000 - 0x0000000050042000 	C:\Program Files\Java\jdk1.8.0_102\jre\bin\t2k.dll
0x0000000077e30000 - 0x0000000077e5a000 	C:\Program Files\Java\jdk1.8.0_102\jre\bin\dcpr.dll
0x00007ffe7af80000 - 0x00007ffe7af97000 	C:\WINDOWS\SYSTEM32\CRYPTSP.dll
0x00007ffe7a9d0000 - 0x00007ffe7aa03000 	C:\WINDOWS\system32\rsaenh.dll
0x00007ffe7b080000 - 0x00007ffe7b0ab000 	C:\WINDOWS\SYSTEM32\bcrypt.dll
0x00007ffe7ac50000 - 0x00007ffe7ac6f000 	C:\WINDOWS\SYSTEM32\USERENV.dll
0x00007ffe7af70000 - 0x00007ffe7af7b000 	C:\WINDOWS\SYSTEM32\CRYPTBASE.dll
0x00007ffe7ab50000 - 0x00007ffe7ab88000 	C:\WINDOWS\SYSTEM32\IPHLPAPI.DLL
0x00007ffe7df20000 - 0x00007ffe7df28000 	C:\WINDOWS\System32\NSI.dll
0x00007ffe72ac0000 - 0x00007ffe72ad6000 	C:\WINDOWS\SYSTEM32\dhcpcsvc6.DLL
0x00007ffe72aa0000 - 0x00007ffe72aba000 	C:\WINDOWS\SYSTEM32\dhcpcsvc.DLL
0x000000006cd80000 - 0x000000006ce70000 	C:\Users\Jozef\AppData\Local\Temp\sqlite-3.16.1-22ef7542-f4ae-464f-9122-d59e77cb3fce-sqlitejdbc.dll
0x00007ffe4ec60000 - 0x00007ffe4ee0c000 	C:\dislin\win\disjava.dll
0x00007ffe5ab20000 - 0x00007ffe5ac43000 	C:\WINDOWS\SYSTEM32\OPENGL32.dll
0x00007ffe5aaf0000 - 0x00007ffe5ab1d000 	C:\WINDOWS\SYSTEM32\GLU32.dll
0x00007ffe5a9f0000 - 0x00007ffe5aae7000 	C:\WINDOWS\SYSTEM32\DDRAW.dll
0x00007ffe5d210000 - 0x00007ffe5d218000 	C:\WINDOWS\SYSTEM32\DCIMAN32.dll
0x00007ffe77e20000 - 0x00007ffe77fb2000 	C:\WINDOWS\SYSTEM32\dbghelp.dll

VM Arguments:
jvm_args: -Dfile.encoding=UTF-8 
java_command: emft_vol2.main_class
java_class_path (initial): C:\Users\Jozef\Documents\NetBeansProjects\EMFTvol2\commons-math3-3.6.1-bin.zip;C:\Users\Jozef\AppData\Roaming\NetBeans\8.1\modules\ext\sqlite-jdbc-3.16.1.jar;C:\Users\Jozef\Documents\NetBeansProjects\EMFTvol2\log4j-1.2.15.jar;C:\Users\Jozef\Documents\NetBeansProjects\EMFTvol2\jdelaunay-master.zip;C:\Users\Jozef\Documents\NetBeansProjects\EMFTvol2\EMFT_vol2\delaunay.jar;C:\Users\Jozef\Documents\NetBeansProjects\EMFTvol2\EMFT_vol2\quickhull-src.jar;C:\Users\Jozef\Documents\NetBeansProjects\EMFTvol2\EMFT_vol2\Dislin.jar;C:\Users\Jozef\Documents\NetBeansProjects\EMFTvol2\EMFT_vol2\build\classes
Launcher Type: SUN_STANDARD

Environment Variables:
PATH=C:\Program Files (x86)\PC Connectivity Solution\;C:\ProgramData\Oracle\Java\javapath;C:\Program Files (x86)\Intel\iCLS Client\;C:\Program Files\Intel\iCLS Client\;C:\WINDOWS\system32;C:\WINDOWS;C:\WINDOWS\System32\Wbem;C:\WINDOWS\System32\WindowsPowerShell\v1.0\;C:\Program Files (x86)\Intel\Intel(R) Management Engine Components\DAL;C:\Program Files\Intel\Intel(R) Management Engine Components\DAL;C:\Program Files (x86)\Intel\Intel(R) Management Engine Components\IPT;C:\Program Files\Intel\Intel(R) Management Engine Components\IPT;C:\Program Files (x86)\Pico Technology\PicoScope6\;C:\Program Files\Intel\WiFi\bin\;C:\Program Files\Common Files\Intel\WirelessCommon\;C:\Users\Jozef\AppData\Local\Programs\MiKTeX 2.9\miktex\bin\x64\;C:\myPF\miktex\bin\x64\;C:\MinGW\bin;C:\MinGW\msys\1.0\bin;c:\dislin\win;%USERPROFILE%\AppData\Local\Microsoft\WindowsApps;
USERNAME=Jozef
OS=Windows_NT
PROCESSOR_IDENTIFIER=Intel64 Family 6 Model 78 Stepping 3, GenuineIntel



---------------  S Y S T E M  ---------------

OS: Windows 10.0 , 64 bit Build 14393 (10.0.14393.1198)

CPU:total 4 (2 cores per cpu, 2 threads per core) family 6 model 78 stepping 3, cmov, cx8, fxsr, mmx, sse, sse2, sse3, ssse3, sse4.1, sse4.2, popcnt, avx, avx2, aes, clmul, erms, 3dnowpref, lzcnt, ht, tsc, tscinvbit, bmi1, bmi2, adx

Memory: 4k page, physical 8282200k(2576988k free), swap 14049368k(6578532k free)

vm_info: Java HotSpot(TM) 64-Bit Server VM (25.102-b14) for windows-amd64 JRE (1.8.0_102-b14), built on Jun 22 2016 13:15:21 by "java_re" with MS VC++ 10.0 (VS2010)

time: Mon Jul 17 11:29:57 2017
elapsed time: 2 seconds (0d 0h 0m 2s)

