#
# A fatal error has been detected by the Java Runtime Environment:
#
#  EXCEPTION_ACCESS_VIOLATION (0xc0000005) at pc=0x00007fffb64e207b, pid=2948, tid=2456
#
# JRE version: Java(TM) SE Runtime Environment (8.0_73-b02) (build 1.8.0_73-b02)
# Java VM: Java HotSpot(TM) 64-Bit Server VM (25.73-b02 mixed mode windows-amd64 compressed oops)
# Problematic frame:
# C  [disjava.dll+0x4207b]
#
# Failed to write core dump. Minidumps are not enabled by default on client versions of Windows
#
# If you would like to submit a bug report, please visit:
#   http://bugreport.java.com/bugreport/crash.jsp
# The crash happened outside the Java Virtual Machine in native code.
# See problematic frame for where to report the bug.
#

---------------  T H R E A D  ---------------

Current thread (0x0000000019a4e800):  JavaThread "AWT-EventQueue-0" [_thread_in_native, id=2456, stack(0x000000001b420000,0x000000001b520000)]

siginfo: ExceptionCode=0xc0000005, writing address 0x0000000000003770

Registers:
RAX=0x0000000000000002, RBX=0x000000001941a8e0, RCX=0x0000000000000001, RDX=0x000000001b51c7a1
RSP=0x000000001b51c880, RBP=0x000000001b51c958, RSI=0x000000000000004e, RDI=0x0000000000000000
R8 =0x0000000000000000, R9 =0x000000001941a8e0, R10=0x0000000000000290, R11=0x000000001b51c850
R12=0x0000000000000000, R13=0x000000001f77b550, R14=0x000000001b51c978, R15=0x0000000019a4e800
RIP=0x00007fffb64e207b, EFLAGS=0x0000000000010202

Top of Stack: (sp=0x000000001b51c880)
0x000000001b51c880:   0000000000000001 000000001941a8e0
0x000000001b51c890:   000000001b51c958 00007fffb64e2040
0x000000001b51c8a0:   0000000002a27d8d 00007fffb64a20dd
0x000000001b51c8b0:   000000001f77b550 0000000002a27d8d
0x000000001b51c8c0:   0000000000000000 000000001f77b550
0x000000001b51c8d0:   000000001941a8e0 0000000002a3e810
0x000000001b51c8e0:   0000000019a4e9f8 0000000002a3dfcc
0x000000001b51c8f0:   0000000019a4e9f8 000000001b51c968
0x000000001b51c900:   000000001b51c978 000000001b51c970
0x000000001b51c910:   000000001b51c910 000000001b51c918
0x000000001b51c920:   0000000000000000 000000001b51c978
0x000000001b51c930:   000000001f7ab7e0 0000000000000000
0x000000001b51c940:   000000001f77b550 0000000000000000
0x000000001b51c950:   000000001b51c978 000000001b51c9c0
0x000000001b51c960:   0000000002a27d8d 00000000823b2a70
0x000000001b51c970:   0000000002a342f8 0000000082438668 

Instructions: (pc=0x00007fffb64e207b)
0x00007fffb64e205b:   15 b8 3b 12 00 4c 8b cb 48 8b c8 41 b8 02 00 00
0x00007fffb64e206b:   00 48 8b f8 e8 9c fd fd ff 85 c0 74 09 8d 48 ff
0x00007fffb64e207b:   89 8f 70 37 00 00 48 8b 5c 24 30 48 83 c4 20 5f
0x00007fffb64e208b:   c3 cc cc cc cc 48 89 5c 24 08 57 b8 20 00 00 00 


Register to memory mapping:

RAX=0x0000000000000002 is an unknown value
RBX=0x000000001941a8e0 is an unknown value
RCX=0x0000000000000001 is an unknown value
RDX=0x000000001b51c7a1 is pointing into the stack for thread: 0x0000000019a4e800
RSP=0x000000001b51c880 is pointing into the stack for thread: 0x0000000019a4e800
RBP=0x000000001b51c958 is pointing into the stack for thread: 0x0000000019a4e800
RSI=0x000000000000004e is an unknown value
RDI=0x0000000000000000 is an unknown value
R8 =0x0000000000000000 is an unknown value
R9 =0x000000001941a8e0 is an unknown value
R10=0x0000000000000290 is an unknown value
R11=0x000000001b51c850 is pointing into the stack for thread: 0x0000000019a4e800
R12=0x0000000000000000 is an unknown value
R13={method} {0x000000001f77b558} 'axstyp' '(Ljava/lang/String;)V' in 'de/dislin/Dislin'
R14=0x000000001b51c978 is pointing into the stack for thread: 0x0000000019a4e800
R15=0x0000000019a4e800 is a thread


Stack: [0x000000001b420000,0x000000001b520000],  sp=0x000000001b51c880,  free space=1010k
Native frames: (J=compiled Java code, j=interpreted, Vv=VM code, C=native code)
C  [disjava.dll+0x4207b]
C  [disjava.dll+0x20dd]
C  0x0000000002a3dfcc

Java frames: (J=compiled Java code, j=interpreted, Vv=VM code)
j  de.dislin.Dislin.axstyp(Ljava/lang/String;)V+0
j  dislin.plot_1D.run1D_yn()V+432
j  dislin.plot_1D.draw_1D_yn()V+1
j  InternalFrame.InternalFrameproject.Draw_1D_graph(Ljava/lang/String;Ljava/lang/String;ILjava/lang/String;Ljava/lang/String;Ljava/lang/String;Ljava/lang/String;)V+1664
j  InternalFrame.InternalFrameproject.calcBaE_poytingActionPerformed(Ljava/awt/event/ActionEvent;)V+1205
j  InternalFrame.InternalFrameproject.access$800(LInternalFrame/InternalFrameproject;Ljava/awt/event/ActionEvent;)V+2
j  InternalFrame.InternalFrameproject$9.actionPerformed(Ljava/awt/event/ActionEvent;)V+5
j  javax.swing.AbstractButton.fireActionPerformed(Ljava/awt/event/ActionEvent;)V+83
j  javax.swing.AbstractButton$Handler.actionPerformed(Ljava/awt/event/ActionEvent;)V+5
j  javax.swing.DefaultButtonModel.fireActionPerformed(Ljava/awt/event/ActionEvent;)V+34
j  javax.swing.DefaultButtonModel.setPressed(Z)V+117
j  javax.swing.plaf.basic.BasicButtonListener.mouseReleased(Ljava/awt/event/MouseEvent;)V+35
J 2788 C1 java.awt.Component.processMouseEvent(Ljava/awt/event/MouseEvent;)V (100 bytes) @ 0x00000000033447d4 [0x0000000003344420+0x3b4]
J 2787 C1 javax.swing.JComponent.processMouseEvent(Ljava/awt/event/MouseEvent;)V (27 bytes) @ 0x00000000033426c4 [0x00000000033424a0+0x224]
J 2246 C1 java.awt.Component.processEvent(Ljava/awt/AWTEvent;)V (220 bytes) @ 0x00000000031686dc [0x00000000031681a0+0x53c]
J 2191 C1 java.awt.Container.processEvent(Ljava/awt/AWTEvent;)V (22 bytes) @ 0x0000000003141b6c [0x0000000003141820+0x34c]
J 2114 C1 java.awt.Component.dispatchEventImpl(Ljava/awt/AWTEvent;)V (883 bytes) @ 0x000000000311126c [0x000000000310bd20+0x554c]
J 3307 C2 java.awt.Container.dispatchEventImpl(Ljava/awt/AWTEvent;)V (129 bytes) @ 0x00000000034926a4 [0x0000000003491f20+0x784]
J 3103 C2 java.awt.LightweightDispatcher.retargetMouseEvent(Ljava/awt/Component;ILjava/awt/event/MouseEvent;)V (350 bytes) @ 0x00000000033c22c4 [0x00000000033c1c80+0x644]
J 3307 C2 java.awt.Container.dispatchEventImpl(Ljava/awt/AWTEvent;)V (129 bytes) @ 0x00000000034923b8 [0x0000000003491f20+0x498]
J 1977 C1 java.awt.Window.dispatchEventImpl(Ljava/awt/AWTEvent;)V (23 bytes) @ 0x0000000003061c6c [0x0000000003061680+0x5ec]
J 3308 C2 java.awt.EventQueue$3.run()Ljava/lang/Object; (5 bytes) @ 0x000000000347566c [0x0000000003475240+0x42c]
v  ~StubRoutines::call_stub
J 781  java.security.AccessController.doPrivileged(Ljava/security/PrivilegedAction;Ljava/security/AccessControlContext;)Ljava/lang/Object; (0 bytes) @ 0x0000000002d18766 [0x0000000002d18700+0x66]
J 2179 C1 java.awt.EventQueue$4.run()Ljava/lang/Object; (5 bytes) @ 0x00000000031371fc [0x0000000003136dc0+0x43c]
v  ~StubRoutines::call_stub
J 781  java.security.AccessController.doPrivileged(Ljava/security/PrivilegedAction;Ljava/security/AccessControlContext;)Ljava/lang/Object; (0 bytes) @ 0x0000000002d18766 [0x0000000002d18700+0x66]
J 3301 C2 java.awt.EventDispatchThread.pumpOneEventForFilters(I)V (295 bytes) @ 0x000000000347c2d8 [0x000000000347b100+0x11d8]
j  java.awt.EventDispatchThread.pumpEventsForFilter(ILjava/awt/Conditional;Ljava/awt/EventFilter;)V+35
j  java.awt.EventDispatchThread.pumpEventsForHierarchy(ILjava/awt/Conditional;Ljava/awt/Component;)V+11
j  java.awt.EventDispatchThread.pumpEvents(ILjava/awt/Conditional;)V+4
j  java.awt.EventDispatchThread.pumpEvents(Ljava/awt/Conditional;)V+3
j  java.awt.EventDispatchThread.run()V+9
v  ~StubRoutines::call_stub

---------------  P R O C E S S  ---------------

Java Threads: ( => current thread )
  0x000000001ce5c800 JavaThread "Swing-Shell" daemon [_thread_blocked, id=1120, stack(0x000000001ea80000,0x000000001eb80000)]
  0x0000000019ec8800 JavaThread "TimerQueue" daemon [_thread_blocked, id=6812, stack(0x000000001c260000,0x000000001c360000)]
  0x0000000002922800 JavaThread "DestroyJavaVM" [_thread_blocked, id=15148, stack(0x0000000002820000,0x0000000002920000)]
  0x0000000019a52000 JavaThread "org.netbeans.modules.debugger.jpda.visual AWT Access Loop" daemon [_thread_blocked, id=15368, stack(0x000000001b520000,0x000000001b620000)]
=>0x0000000019a4e800 JavaThread "AWT-EventQueue-0" [_thread_in_native, id=2456, stack(0x000000001b420000,0x000000001b520000)]
  0x000000001994c800 JavaThread "AWT-Windows" daemon [_thread_in_native, id=11968, stack(0x000000001a2e0000,0x000000001a3e0000)]
  0x000000001994c000 JavaThread "AWT-Shutdown" [_thread_blocked, id=7208, stack(0x000000001a1e0000,0x000000001a2e0000)]
  0x0000000019947800 JavaThread "Java2D Disposer" daemon [_thread_blocked, id=9944, stack(0x000000001a0e0000,0x000000001a1e0000)]
  0x00000000175ce800 JavaThread "Service Thread" daemon [_thread_blocked, id=13988, stack(0x00000000195b0000,0x00000000196b0000)]
  0x00000000175bf000 JavaThread "C1 CompilerThread2" daemon [_thread_blocked, id=1304, stack(0x00000000190b0000,0x00000000191b0000)]
  0x000000001759a000 JavaThread "C2 CompilerThread1" daemon [_thread_in_native, id=2420, stack(0x0000000018fb0000,0x00000000190b0000)]
  0x0000000017598800 JavaThread "C2 CompilerThread0" daemon [_thread_blocked, id=16588, stack(0x0000000018eb0000,0x0000000018fb0000)]
  0x0000000017589000 JavaThread "JDWP Command Reader" daemon [_thread_in_native, id=1952, stack(0x0000000018db0000,0x0000000018eb0000)]
  0x0000000017585800 JavaThread "JDWP Event Helper Thread" daemon [_thread_blocked, id=11500, stack(0x0000000018cb0000,0x0000000018db0000)]
  0x0000000017583800 JavaThread "JDWP Transport Listener: dt_shmem" daemon [_thread_blocked, id=6556, stack(0x0000000018bb0000,0x0000000018cb0000)]
  0x0000000017571000 JavaThread "Attach Listener" daemon [_thread_blocked, id=7388, stack(0x0000000018ab0000,0x0000000018bb0000)]
  0x000000001756f800 JavaThread "Signal Dispatcher" daemon [_thread_blocked, id=5916, stack(0x00000000189b0000,0x0000000018ab0000)]
  0x0000000002a11800 JavaThread "Finalizer" daemon [_thread_blocked, id=9072, stack(0x00000000187c0000,0x00000000188c0000)]
  0x0000000002a0e000 JavaThread "Reference Handler" daemon [_thread_blocked, id=10528, stack(0x00000000186c0000,0x00000000187c0000)]

Other Threads:
  0x0000000017538000 VMThread [stack: 0x00000000185c0000,0x00000000186c0000] [id=3852]
  0x0000000019200800 WatcherThread [stack: 0x00000000196b0000,0x00000000197b0000] [id=13000]

VM state:not at safepoint (normal execution)

VM Mutex/Monitor currently owned by a thread: None

Heap:
 PSYoungGen      total 176640K, used 116126K [0x00000000d5d80000, 0x00000000e1b00000, 0x0000000100000000)
  eden space 162304K, 71% used [0x00000000d5d80000,0x00000000dceaf818,0x00000000dfc00000)
  from space 14336K, 1% used [0x00000000e0d00000,0x00000000e0d38000,0x00000000e1b00000)
  to   space 15872K, 0% used [0x00000000dfc00000,0x00000000dfc00000,0x00000000e0b80000)
 ParOldGen       total 65536K, used 14030K [0x0000000081800000, 0x0000000085800000, 0x00000000d5d80000)
  object space 65536K, 21% used [0x0000000081800000,0x00000000825b3a98,0x0000000085800000)
 Metaspace       used 22144K, capacity 22390K, committed 22704K, reserved 1069056K
  class space    used 2640K, capacity 2716K, committed 2816K, reserved 1048576K

Card table byte_map: [0x0000000011de0000,0x00000000121e0000] byte_map_base: 0x00000000119d4000

Marking Bits: (ParMarkBitMap*) 0x0000000075360600
 Begin Bits: [0x0000000012890000, 0x0000000014830000)
 End Bits:   [0x0000000014830000, 0x00000000167d0000)

Polling page: 0x0000000000d60000

CodeCache: size=245760Kb used=12887Kb max_used=12912Kb free=232872Kb
 bounds [0x0000000002a20000, 0x00000000036d0000, 0x0000000011a20000]
 total_blobs=3976 nmethods=3312 adapters=581
 compilation: enabled

Compilation events (10 events):
Event: 1261.782 Thread 0x00000000175bf000 nmethod 3663 0x00000000036b3c10 code [0x00000000036b3de0, 0x00000000036b4e68]
Event: 1261.782 Thread 0x00000000175bf000 3664       3       BackEnd.retazovka::Hcalculation (108 bytes)
Event: 1261.783 Thread 0x00000000175bf000 nmethod 3664 0x00000000036b5150 code [0x00000000036b5340, 0x00000000036b5f78]
Event: 1261.783 Thread 0x00000000175bf000 3665       3       BackEnd.retazovka::generateBundleConstants (168 bytes)
Event: 1261.784 Thread 0x00000000175bf000 nmethod 3665 0x00000000036b6390 code [0x00000000036b65e0, 0x00000000036b8050]
Event: 1261.799 Thread 0x0000000017598800 3666   !   4       sun.java2d.pipe.DrawImage::renderImageXform (713 bytes)
Event: 1261.827 Thread 0x00000000175bf000 3667       3       BackEnd.retazovka::calcul_AllRo_mirrorVectors_from_Ro_aproxxplane (71 bytes)
Event: 1261.829 Thread 0x00000000175bf000 nmethod 3667 0x00000000036b86d0 code [0x00000000036b8920, 0x00000000036b9628]
Event: 1261.912 Thread 0x00000000175bf000 3668       1       javax.swing.plaf.basic.BasicProgressBarUI::getCachedPercent (5 bytes)
Event: 1261.913 Thread 0x00000000175bf000 nmethod 3668 0x00000000036b9ed0 code [0x00000000036ba020, 0x00000000036ba130]

GC Heap History (10 events):
Event: 1218.511 GC heap before
{Heap before GC invocations=9 (full 1):
 PSYoungGen      total 55808K, used 35890K [0x00000000d5d80000, 0x00000000dc680000, 0x0000000100000000)
  eden space 34304K, 100% used [0x00000000d5d80000,0x00000000d7f00000,0x00000000d7f00000)
  from space 21504K, 7% used [0x00000000d7f00000,0x00000000d808c900,0x00000000d9400000)
  to   space 20480K, 0% used [0x00000000db280000,0x00000000db280000,0x00000000dc680000)
 ParOldGen       total 65536K, used 11496K [0x0000000081800000, 0x0000000085800000, 0x00000000d5d80000)
  object space 65536K, 17% used [0x0000000081800000,0x000000008233a138,0x0000000085800000)
 Metaspace       used 21905K, capacity 22096K, committed 22320K, reserved 1069056K
  class space    used 2612K, capacity 2683K, committed 2688K, reserved 1048576K
Event: 1218.513 GC heap after
Heap after GC invocations=9 (full 1):
 PSYoungGen      total 84992K, used 360K [0x00000000d5d80000, 0x00000000dc480000, 0x0000000100000000)
  eden space 66560K, 0% used [0x00000000d5d80000,0x00000000d5d80000,0x00000000d9e80000)
  from space 18432K, 1% used [0x00000000db280000,0x00000000db2da268,0x00000000dc480000)
  to   space 19456K, 0% used [0x00000000d9e80000,0x00000000d9e80000,0x00000000db180000)
 ParOldGen       total 65536K, used 12561K [0x0000000081800000, 0x0000000085800000, 0x00000000d5d80000)
  object space 65536K, 19% used [0x0000000081800000,0x0000000082444560,0x0000000085800000)
 Metaspace       used 21905K, capacity 22096K, committed 22320K, reserved 1069056K
  class space    used 2612K, capacity 2683K, committed 2688K, reserved 1048576K
}
Event: 1218.665 GC heap before
{Heap before GC invocations=10 (full 1):
 PSYoungGen      total 84992K, used 66920K [0x00000000d5d80000, 0x00000000dc480000, 0x0000000100000000)
  eden space 66560K, 100% used [0x00000000d5d80000,0x00000000d9e80000,0x00000000d9e80000)
  from space 18432K, 1% used [0x00000000db280000,0x00000000db2da268,0x00000000dc480000)
  to   space 19456K, 0% used [0x00000000d9e80000,0x00000000d9e80000,0x00000000db180000)
 ParOldGen       total 65536K, used 12561K [0x0000000081800000, 0x0000000085800000, 0x00000000d5d80000)
  object space 65536K, 19% used [0x0000000081800000,0x0000000082444560,0x0000000085800000)
 Metaspace       used 21931K, capacity 22160K, committed 22576K, reserved 1069056K
  class space    used 2612K, capacity 2683K, committed 2688K, reserved 1048576K
Event: 1218.667 GC heap after
Heap after GC invocations=10 (full 1):
 PSYoungGen      total 86016K, used 256K [0x00000000d5d80000, 0x00000000de700000, 0x0000000100000000)
  eden space 66560K, 0% used [0x00000000d5d80000,0x00000000d5d80000,0x00000000d9e80000)
  from space 19456K, 1% used [0x00000000d9e80000,0x00000000d9ec0000,0x00000000db180000)
  to   space 18432K, 0% used [0x00000000dd500000,0x00000000dd500000,0x00000000de700000)
 ParOldGen       total 65536K, used 12737K [0x0000000081800000, 0x0000000085800000, 0x00000000d5d80000)
  object space 65536K, 19% used [0x0000000081800000,0x00000000824705d8,0x0000000085800000)
 Metaspace       used 21931K, capacity 22160K, committed 22576K, reserved 1069056K
  class space    used 2612K, capacity 2683K, committed 2688K, reserved 1048576K
}
Event: 1218.777 GC heap before
{Heap before GC invocations=11 (full 1):
 PSYoungGen      total 86016K, used 66816K [0x00000000d5d80000, 0x00000000de700000, 0x0000000100000000)
  eden space 66560K, 100% used [0x00000000d5d80000,0x00000000d9e80000,0x00000000d9e80000)
  from space 19456K, 1% used [0x00000000d9e80000,0x00000000d9ec0000,0x00000000db180000)
  to   space 18432K, 0% used [0x00000000dd500000,0x00000000dd500000,0x00000000de700000)
 ParOldGen       total 65536K, used 12737K [0x0000000081800000, 0x0000000085800000, 0x00000000d5d80000)
  object space 65536K, 19% used [0x0000000081800000,0x00000000824705d8,0x0000000085800000)
 Metaspace       used 21931K, capacity 22160K, committed 22576K, reserved 1069056K
  class space    used 2612K, capacity 2683K, committed 2688K, reserved 1048576K
Event: 1218.780 GC heap after
Heap after GC invocations=11 (full 1):
 PSYoungGen      total 122368K, used 352K [0x00000000d5d80000, 0x00000000de680000, 0x0000000100000000)
  eden space 104448K, 0% used [0x00000000d5d80000,0x00000000d5d80000,0x00000000dc380000)
  from space 17920K, 1% used [0x00000000dd500000,0x00000000dd558000,0x00000000de680000)
  to   space 17920K, 0% used [0x00000000dc380000,0x00000000dc380000,0x00000000dd500000)
 ParOldGen       total 65536K, used 12745K [0x0000000081800000, 0x0000000085800000, 0x00000000d5d80000)
  object space 65536K, 19% used [0x0000000081800000,0x00000000824725d8,0x0000000085800000)
 Metaspace       used 21931K, capacity 22160K, committed 22576K, reserved 1069056K
  class space    used 2612K, capacity 2683K, committed 2688K, reserved 1048576K
}
Event: 1261.538 GC heap before
{Heap before GC invocations=12 (full 1):
 PSYoungGen      total 122368K, used 104800K [0x00000000d5d80000, 0x00000000de680000, 0x0000000100000000)
  eden space 104448K, 100% used [0x00000000d5d80000,0x00000000dc380000,0x00000000dc380000)
  from space 17920K, 1% used [0x00000000dd500000,0x00000000dd558000,0x00000000de680000)
  to   space 17920K, 0% used [0x00000000dc380000,0x00000000dc380000,0x00000000dd500000)
 ParOldGen       total 65536K, used 12745K [0x0000000081800000, 0x0000000085800000, 0x00000000d5d80000)
  object space 65536K, 19% used [0x0000000081800000,0x00000000824725d8,0x0000000085800000)
 Metaspace       used 22138K, capacity 22390K, committed 22704K, reserved 1069056K
  class space    used 2640K, capacity 2716K, committed 2816K, reserved 1048576K
Event: 1261.543 GC heap after
Heap after GC invocations=12 (full 1):
 PSYoungGen      total 122368K, used 1586K [0x00000000d5d80000, 0x00000000e1d80000, 0x0000000100000000)
  eden space 104448K, 0% used [0x00000000d5d80000,0x00000000d5d80000,0x00000000dc380000)
  from space 17920K, 8% used [0x00000000dc380000,0x00000000dc50c970,0x00000000dd500000)
  to   space 16896K, 0% used [0x00000000e0d00000,0x00000000e0d00000,0x00000000e1d80000)
 ParOldGen       total 65536K, used 12761K [0x0000000081800000, 0x0000000085800000, 0x00000000d5d80000)
  object space 65536K, 19% used [0x0000000081800000,0x00000000824765d8,0x0000000085800000)
 Metaspace       used 22138K, capacity 22390K, committed 22704K, reserved 1069056K
  class space    used 2640K, capacity 2716K, committed 2816K, reserved 1048576K
}
Event: 1261.736 GC heap before
{Heap before GC invocations=13 (full 1):
 PSYoungGen      total 122368K, used 106034K [0x00000000d5d80000, 0x00000000e1d80000, 0x0000000100000000)
  eden space 104448K, 100% used [0x00000000d5d80000,0x00000000dc380000,0x00000000dc380000)
  from space 17920K, 8% used [0x00000000dc380000,0x00000000dc50c970,0x00000000dd500000)
  to   space 16896K, 0% used [0x00000000e0d00000,0x00000000e0d00000,0x00000000e1d80000)
 ParOldGen       total 65536K, used 12761K [0x0000000081800000, 0x0000000085800000, 0x00000000d5d80000)
  object space 65536K, 19% used [0x0000000081800000,0x00000000824765d8,0x0000000085800000)
 Metaspace       used 22142K, capacity 22390K, committed 22704K, reserved 1069056K
  class space    used 2640K, capacity 2716K, committed 2816K, reserved 1048576K
Event: 1261.739 GC heap after
Heap after GC invocations=13 (full 1):
 PSYoungGen      total 176640K, used 224K [0x00000000d5d80000, 0x00000000e1b00000, 0x0000000100000000)
  eden space 162304K, 0% used [0x00000000d5d80000,0x00000000d5d80000,0x00000000dfc00000)
  from space 14336K, 1% used [0x00000000e0d00000,0x00000000e0d38000,0x00000000e1b00000)
  to   space 15872K, 0% used [0x00000000dfc00000,0x00000000dfc00000,0x00000000e0b80000)
 ParOldGen       total 65536K, used 14030K [0x0000000081800000, 0x0000000085800000, 0x00000000d5d80000)
  object space 65536K, 21% used [0x0000000081800000,0x00000000825b3a98,0x0000000085800000)
 Metaspace       used 22142K, capacity 22390K, committed 22704K, reserved 1069056K
  class space    used 2640K, capacity 2716K, committed 2816K, reserved 1048576K
}

Deoptimization events (10 events):
Event: 1215.082 Thread 0x0000000019a4e800 Uncommon trap: reason=bimorphic action=maybe_recompile pc=0x0000000003418328 method=java.awt.Container.findComponentAt(IIZ)Ljava/awt/Component; @ 9
Event: 1215.082 Thread 0x0000000019a4e800 Uncommon trap: reason=bimorphic action=maybe_recompile pc=0x0000000003418328 method=java.awt.Container.findComponentAt(IIZ)Ljava/awt/Component; @ 9
Event: 1215.085 Thread 0x0000000019a4e800 Uncommon trap: reason=bimorphic action=maybe_recompile pc=0x0000000003418328 method=java.awt.Container.findComponentAt(IIZ)Ljava/awt/Component; @ 9
Event: 1215.086 Thread 0x0000000019a4e800 Uncommon trap: reason=bimorphic action=maybe_recompile pc=0x000000000342e81c method=java.awt.Container.findComponentAt(IIZ)Ljava/awt/Component; @ 9
Event: 1215.097 Thread 0x0000000019a4e800 Uncommon trap: reason=class_check action=maybe_recompile pc=0x00000000032dc44c method=javax.swing.RepaintManager.addDirtyRegion0(Ljava/awt/Container;IIII)V @ 99
Event: 1244.698 Thread 0x0000000019a4e800 Uncommon trap: reason=unstable_if action=reinterpret pc=0x0000000003281ae8 method=java.awt.EventQueue.coalesceEvent(Ljava/awt/AWTEvent;I)Z @ 16
Event: 1244.868 Thread 0x0000000019a4e800 Uncommon trap: reason=unstable_if action=reinterpret pc=0x00000000030fb198 method=sun.java2d.pipe.Region.getIntersectionXYXY(IIII)Lsun/java2d/pipe/Region; @ 72
Event: 1244.876 Thread 0x0000000019a4e800 Uncommon trap: reason=unstable_if action=reinterpret pc=0x0000000002bfc09c method=sun.java2d.pipe.Region.getIntersectionXYXY(IIII)Lsun/java2d/pipe/Region; @ 72
Event: 1261.376 Thread 0x0000000019a4e800 Uncommon trap: reason=unstable_if action=reinterpret pc=0x00000000034dfc9c method=org.jdelaunay.delaunay.geometries.DTriangle.computeCenter()V @ 35
Event: 1261.376 Thread 0x0000000019a4e800 Uncommon trap: reason=unstable_if action=reinterpret pc=0x00000000034f7a58 method=org.jdelaunay.delaunay.geometries.DTriangle.interpolateZ(Lorg/jdelaunay/delaunay/geometries/DPoint;)D @ 42

Internal exceptions (10 events):
Event: 1243.265 Thread 0x0000000019a4e800 Exception <a 'java/lang/ClassNotFoundException': ToolBar> (0x00000000d70ea980) thrown at [D:\re\puppet\workspace\8-2-build-windows-amd64-cygwin\jdk8u73\6086\hotspot\src\share\vm\classfile\systemDictionary.cpp, line 210]
Event: 1243.265 Thread 0x0000000019a4e800 Exception <a 'java/lang/ClassNotFoundException': ToggleButton> (0x00000000d70eb118) thrown at [D:\re\puppet\workspace\8-2-build-windows-amd64-cygwin\jdk8u73\6086\hotspot\src\share\vm\classfile\systemDictionary.cpp, line 210]
Event: 1243.265 Thread 0x0000000019a4e800 Exception <a 'java/lang/ClassNotFoundException': javax/swing/JToolBarSeparator> (0x00000000d70eb760) thrown at [D:\re\puppet\workspace\8-2-build-windows-amd64-cygwin\jdk8u73\6086\hotspot\src\share\vm\classfile\systemDictionary.cpp, line 210]
Event: 1243.265 Thread 0x0000000019a4e800 Exception <a 'java/lang/ClassNotFoundException': ToolBarSeparator> (0x00000000d70ebde0) thrown at [D:\re\puppet\workspace\8-2-build-windows-amd64-cygwin\jdk8u73\6086\hotspot\src\share\vm\classfile\systemDictionary.cpp, line 210]
Event: 1243.266 Thread 0x0000000019a4e800 Exception <a 'java/lang/ClassNotFoundException': ToolTip> (0x00000000d70ec660) thrown at [D:\re\puppet\workspace\8-2-build-windows-amd64-cygwin\jdk8u73\6086\hotspot\src\share\vm\classfile\systemDictionary.cpp, line 210]
Event: 1243.266 Thread 0x0000000019a4e800 Exception <a 'java/lang/ClassNotFoundException': Tree> (0x00000000d70eced8) thrown at [D:\re\puppet\workspace\8-2-build-windows-amd64-cygwin\jdk8u73\6086\hotspot\src\share\vm\classfile\systemDictionary.cpp, line 210]
Event: 1243.266 Thread 0x0000000019a4e800 Exception <a 'java/lang/ClassNotFoundException': Tree> (0x00000000d70ed7b8) thrown at [D:\re\puppet\workspace\8-2-build-windows-amd64-cygwin\jdk8u73\6086\hotspot\src\share\vm\classfile\systemDictionary.cpp, line 210]
Event: 1243.266 Thread 0x0000000019a4e800 Exception <a 'java/lang/ClassNotFoundException': javax/swing/JTreeCell> (0x00000000d70edd20) thrown at [D:\re\puppet\workspace\8-2-build-windows-amd64-cygwin\jdk8u73\6086\hotspot\src\share\vm\classfile\systemDictionary.cpp, line 210]
Event: 1243.266 Thread 0x0000000019a4e800 Exception <a 'java/lang/ClassNotFoundException': TreeCell> (0x00000000d70ee390) thrown at [D:\re\puppet\workspace\8-2-build-windows-amd64-cygwin\jdk8u73\6086\hotspot\src\share\vm\classfile\systemDictionary.cpp, line 210]
Event: 1243.267 Thread 0x0000000019a4e800 Exception <a 'java/lang/ClassNotFoundException': RootPane> (0x00000000d70eed98) thrown at [D:\re\puppet\workspace\8-2-build-windows-amd64-cygwin\jdk8u73\6086\hotspot\src\share\vm\classfile\systemDictionary.cpp, line 210]

Events (10 events):
Event: 1261.406 Thread 0x00000000175bf000 flushing nmethod 0x0000000003155590
Event: 1261.425 Thread 0x00000000175bf000 flushing nmethod 0x0000000003342950
Event: 1261.433 Thread 0x0000000019a4e800 DEOPT PACKING pc=0x0000000002b630a1 sp=0x000000001b51c950
Event: 1261.433 Thread 0x0000000019a4e800 DEOPT UNPACKING pc=0x0000000002a6787f sp=0x000000001b51c718 mode 0
Event: 1261.538 Executing VM operation: ParallelGCFailedAllocation
Event: 1261.543 Executing VM operation: ParallelGCFailedAllocation done
Event: 1261.543 Executing VM operation: RevokeBias
Event: 1261.543 Executing VM operation: RevokeBias done
Event: 1261.736 Executing VM operation: ParallelGCFailedAllocation
Event: 1261.739 Executing VM operation: ParallelGCFailedAllocation done


Dynamic libraries:
0x00007ff7f75e0000 - 0x00007ff7f7617000 	C:\Program Files\Java\jdk1.8.0_73\bin\java.exe
0x00007fffde5b0000 - 0x00007fffde782000 	C:\WINDOWS\SYSTEM32\ntdll.dll
0x00007fffddee0000 - 0x00007fffddf8c000 	C:\WINDOWS\System32\KERNEL32.DLL
0x00007fffb6130000 - 0x00007fffb6164000 	C:\Program Files\AVAST Software\Avast\x64\aswhooka.dll
0x00007fffdb710000 - 0x00007fffdb92d000 	C:\WINDOWS\System32\KERNELBASE.dll
0x00007fffdd9a0000 - 0x00007fffdda42000 	C:\WINDOWS\System32\ADVAPI32.dll
0x00007fffddf90000 - 0x00007fffde02e000 	C:\WINDOWS\System32\msvcrt.dll
0x00007fffddd20000 - 0x00007fffddd79000 	C:\WINDOWS\System32\sechost.dll
0x00007fffdc290000 - 0x00007fffdc3b1000 	C:\WINDOWS\System32\RPCRT4.dll
0x00007fffdbe20000 - 0x00007fffdbf85000 	C:\WINDOWS\System32\USER32.dll
0x00007fffdb9a0000 - 0x00007fffdb9be000 	C:\WINDOWS\System32\win32u.dll
0x00007fffde140000 - 0x00007fffde174000 	C:\WINDOWS\System32\GDI32.dll
0x00007fffdb9c0000 - 0x00007fffdbb40000 	C:\WINDOWS\System32\gdi32full.dll
0x00007fffce580000 - 0x00007fffce7fa000 	C:\WINDOWS\WinSxS\amd64_microsoft.windows.common-controls_6595b64144ccf1df_6.0.14393.953_none_42151e83c686086b\COMCTL32.dll
0x00007fffdbf90000 - 0x00007fffdc258000 	C:\WINDOWS\System32\combase.dll
0x00007fffdaab0000 - 0x00007fffdaba5000 	C:\WINDOWS\System32\ucrtbase.dll
0x00007fffdb930000 - 0x00007fffdb99a000 	C:\WINDOWS\System32\bcryptPrimitives.dll
0x00007fffdbc50000 - 0x00007fffdbc7e000 	C:\WINDOWS\System32\IMM32.DLL
0x00000000774c0000 - 0x0000000077592000 	C:\Program Files\Java\jdk1.8.0_73\jre\bin\msvcr100.dll
0x0000000074b50000 - 0x00000000753e0000 	C:\Program Files\Java\jdk1.8.0_73\jre\bin\server\jvm.dll
0x00007fffdbc40000 - 0x00007fffdbc48000 	C:\WINDOWS\System32\PSAPI.DLL
0x00007fffd1a40000 - 0x00007fffd1a49000 	C:\WINDOWS\SYSTEM32\WSOCK32.dll
0x00007fffddc50000 - 0x00007fffddcba000 	C:\WINDOWS\System32\WS2_32.dll
0x00007fffd8f80000 - 0x00007fffd8fa3000 	C:\WINDOWS\SYSTEM32\WINMM.dll
0x00007fffd2540000 - 0x00007fffd254a000 	C:\WINDOWS\SYSTEM32\VERSION.dll
0x00007fffd8f20000 - 0x00007fffd8f4b000 	C:\WINDOWS\SYSTEM32\WINMMBASE.dll
0x00007fffdabb0000 - 0x00007fffdabf2000 	C:\WINDOWS\System32\cfgmgr32.dll
0x0000000050000000 - 0x000000005000f000 	C:\Program Files\Java\jdk1.8.0_73\jre\bin\verify.dll
0x0000000077450000 - 0x0000000077479000 	C:\Program Files\Java\jdk1.8.0_73\jre\bin\java.dll
0x0000000077120000 - 0x0000000077155000 	C:\Program Files\Java\jdk1.8.0_73\jre\bin\jdwp.dll
0x0000000077110000 - 0x0000000077118000 	C:\Program Files\Java\jdk1.8.0_73\jre\bin\npt.dll
0x0000000077430000 - 0x0000000077446000 	C:\Program Files\Java\jdk1.8.0_73\jre\bin\zip.dll
0x00007fffdc3c0000 - 0x00007fffdd8c9000 	C:\WINDOWS\System32\SHELL32.dll
0x00007fffdaf80000 - 0x00007fffdb659000 	C:\WINDOWS\System32\windows.storage.dll
0x00007fffdaa20000 - 0x00007fffdaa6c000 	C:\WINDOWS\System32\powrprof.dll
0x00007fffdd940000 - 0x00007fffdd992000 	C:\WINDOWS\System32\shlwapi.dll
0x00007fffdaa90000 - 0x00007fffdaa9f000 	C:\WINDOWS\System32\kernel.appcore.dll
0x00007fffdb660000 - 0x00007fffdb709000 	C:\WINDOWS\System32\shcore.dll
0x00007fffdaa70000 - 0x00007fffdaa84000 	C:\WINDOWS\System32\profapi.dll
0x0000000077160000 - 0x000000007716b000 	C:\Program Files\Java\jdk1.8.0_73\jre\bin\dt_shmem.dll
0x0000000077250000 - 0x00000000773e8000 	C:\Program Files\Java\jdk1.8.0_73\jre\bin\awt.dll
0x00007fffddb90000 - 0x00007fffddc4f000 	C:\WINDOWS\System32\OLEAUT32.dll
0x00007fffdac60000 - 0x00007fffdacfc000 	C:\WINDOWS\System32\msvcp_win.dll
0x00007fffd90a0000 - 0x00007fffd911a000 	C:\WINDOWS\SYSTEM32\apphelp.dll
0x00007fffd9280000 - 0x00007fffd9315000 	C:\WINDOWS\system32\uxtheme.dll
0x00007fffddd80000 - 0x00007fffddeda000 	C:\WINDOWS\System32\MSCTF.dll
0x00007fffd87e0000 - 0x00007fffd8806000 	C:\WINDOWS\system32\dwmapi.dll
0x00007fffdda50000 - 0x00007fffddb88000 	C:\WINDOWS\System32\ole32.dll
0x0000000077200000 - 0x0000000077247000 	C:\Program Files\Java\jdk1.8.0_73\jre\bin\fontmanager.dll
0x0000000077410000 - 0x000000007742a000 	C:\Program Files\Java\jdk1.8.0_73\jre\bin\net.dll
0x00007fffda2f0000 - 0x00007fffda34c000 	C:\WINDOWS\system32\mswsock.dll
0x00000000773f0000 - 0x0000000077401000 	C:\Program Files\Java\jdk1.8.0_73\jre\bin\nio.dll
0x00000000771b0000 - 0x00000000771f2000 	C:\Program Files\Java\jdk1.8.0_73\jre\bin\t2k.dll
0x0000000077170000 - 0x000000007719a000 	C:\Program Files\Java\jdk1.8.0_73\jre\bin\dcpr.dll
0x00007fffda4f0000 - 0x00007fffda507000 	C:\WINDOWS\SYSTEM32\CRYPTSP.dll
0x00007fffd9ef0000 - 0x00007fffd9f23000 	C:\WINDOWS\system32\rsaenh.dll
0x00007fffda960000 - 0x00007fffda98b000 	C:\WINDOWS\SYSTEM32\bcrypt.dll
0x00007fffda170000 - 0x00007fffda18f000 	C:\WINDOWS\SYSTEM32\USERENV.dll
0x00007fffda510000 - 0x00007fffda51b000 	C:\WINDOWS\SYSTEM32\CRYPTBASE.dll
0x00007fffda070000 - 0x00007fffda0a8000 	C:\WINDOWS\SYSTEM32\IPHLPAPI.DLL
0x00007fffde130000 - 0x00007fffde138000 	C:\WINDOWS\System32\NSI.dll
0x00007fffd2800000 - 0x00007fffd2816000 	C:\WINDOWS\SYSTEM32\dhcpcsvc6.DLL
0x00007fffd2760000 - 0x00007fffd277a000 	C:\WINDOWS\SYSTEM32\dhcpcsvc.DLL
0x000000006cd80000 - 0x000000006ce70000 	C:\Users\Jozef\AppData\Local\Temp\sqlite-3.16.1-54320a13-8da6-46f9-98f4-b70b3f2d00d7-sqlitejdbc.dll
0x00007fffde090000 - 0x00007fffde12f000 	C:\WINDOWS\System32\clbcatq.dll
0x00007fffd7f90000 - 0x00007fffd8138000 	C:\WINDOWS\SYSTEM32\WindowsCodecs.dll
0x00007fffbe1e0000 - 0x00007fffbe229000 	C:\WINDOWS\system32\dataexchange.dll
0x00007fffd7560000 - 0x00007fffd7816000 	C:\WINDOWS\system32\d3d11.dll
0x00007fffd8a70000 - 0x00007fffd8bc1000 	C:\WINDOWS\system32\dcomp.dll
0x00007fffd9ac0000 - 0x00007fffd9b5f000 	C:\WINDOWS\system32\dxgi.dll
0x00007fffd9550000 - 0x00007fffd966c000 	C:\WINDOWS\system32\twinapi.appcore.dll
0x00007fffb54a0000 - 0x00007fffb554c000 	C:\WINDOWS\WinSxS\amd64_microsoft.windows.common-controls_6595b64144ccf1df_5.82.14393.447_none_0d5aa7fbb6d35646\comctl32.dll
0x00007fffd85b0000 - 0x00007fffd8735000 	C:\WINDOWS\system32\propsys.dll
0x00007fffd2b80000 - 0x00007fffd2ca7000 	C:\WINDOWS\system32\NetworkExplorer.dll
0x00007fffce9c0000 - 0x00007fffced25000 	C:\Windows\System32\ActXPrxy.dll
0x00007fffc4200000 - 0x00007fffc421b000 	C:\WINDOWS\SYSTEM32\MPR.dll
0x00007fffc41c0000 - 0x00007fffc41d6000 	C:\WINDOWS\System32\ntlanman.dll
0x00007fffc48a0000 - 0x00007fffc48ab000 	C:\WINDOWS\System32\drprov.dll
0x00007fffda350000 - 0x00007fffda3a6000 	C:\WINDOWS\System32\WINSTA.dll
0x00007fffc41e0000 - 0x00007fffc4200000 	C:\WINDOWS\System32\davclnt.dll
0x00007fffc41b0000 - 0x00007fffc41bc000 	C:\WINDOWS\System32\DAVHLPR.dll
0x00007fffd7cd0000 - 0x00007fffd7ce6000 	C:\WINDOWS\System32\wkscli.dll
0x00007fffc6df0000 - 0x00007fffc6e02000 	C:\WINDOWS\SYSTEM32\cscapi.dll
0x00007fffda160000 - 0x00007fffda16d000 	C:\WINDOWS\System32\netutils.dll
0x00007fffd2b30000 - 0x00007fffd2b7d000 	C:\Windows\System32\dlnashext.dll
0x00007fffcd710000 - 0x00007fffcd72e000 	C:\Windows\System32\DevDispItemProvider.dll
0x00007fffd9780000 - 0x00007fffd97a8000 	C:\WINDOWS\System32\DEVOBJ.dll
0x00007fffd2990000 - 0x00007fffd299b000 	C:\WINDOWS\SYSTEM32\WINNSI.DLL
0x00007fffd7820000 - 0x00007fffd7856000 	C:\WINDOWS\System32\netprofm.dll
0x00007fffd1b70000 - 0x00007fffd1b7e000 	C:\WINDOWS\System32\npmproxy.dll
0x00007fffb32b0000 - 0x00007fffb34af000 	C:\WINDOWS\system32\wpdshext.dll
0x00007fffcbee0000 - 0x00007fffcc079000 	C:\WINDOWS\WinSxS\amd64_microsoft.windows.gdiplus_6595b64144ccf1df_1.1.14393.1715_none_aec701fbddd850fa\gdiplus.dll
0x00007fffd29a0000 - 0x00007fffd2a3e000 	C:\Windows\System32\PortableDeviceApi.dll
0x00007fffde180000 - 0x00007fffde5a9000 	C:\WINDOWS\System32\SETUPAPI.dll
0x00007fffdac00000 - 0x00007fffdac55000 	C:\WINDOWS\System32\WINTRUST.dll
0x00007fffdaaa0000 - 0x00007fffdaab0000 	C:\WINDOWS\System32\MSASN1.dll
0x00007fffdad00000 - 0x00007fffdaec9000 	C:\WINDOWS\System32\CRYPT32.dll
0x00007fffd1e20000 - 0x00007fffd1e52000 	C:\Windows\System32\PortableDeviceTypes.dll
0x00007fffbc590000 - 0x00007fffbc5c6000 	C:\Windows\System32\EhStorShell.dll
0x00007fffcd730000 - 0x00007fffcd755000 	C:\Windows\System32\EhStorAPI.dll
0x00007fffd8530000 - 0x00007fffd8543000 	C:\Windows\System32\WTSAPI32.dll
0x00007fffbcc40000 - 0x00007fffbcc50000 	C:\WINDOWS\SYSTEM32\LINKINFO.dll
0x00007fffd4570000 - 0x00007fffd4595000 	C:\Program Files (x86)\Samsung\Easy Printer Manager\SmartScreenPrint\CDAKEYMonitor64.dll
0x00007fffb64a0000 - 0x00007fffb664c000 	C:\dislin\win\disjava.dll
0x00007fffbf380000 - 0x00007fffbf4a3000 	C:\WINDOWS\SYSTEM32\OPENGL32.dll
0x00007fffbf310000 - 0x00007fffbf33d000 	C:\WINDOWS\SYSTEM32\GLU32.dll
0x00007fffbf210000 - 0x00007fffbf307000 	C:\WINDOWS\SYSTEM32\DDRAW.dll
0x00007fffbf190000 - 0x00007fffbf198000 	C:\WINDOWS\SYSTEM32\DCIMAN32.dll
0x00007fffbd280000 - 0x00007fffbd2c2000 	C:\WINDOWS\SYSTEM32\edputil.dll
0x00007fffc7570000 - 0x00007fffc7732000 	C:\WINDOWS\SYSTEM32\urlmon.dll
0x00007fffcfdc0000 - 0x00007fffd0065000 	C:\WINDOWS\SYSTEM32\iertutil.dll
0x00007fffda6f0000 - 0x00007fffda71c000 	C:\WINDOWS\SYSTEM32\SspiCli.dll
0x00007fffd1270000 - 0x00007fffd1377000 	C:\WINDOWS\SYSTEM32\mrmcorer.dll
0x00007fffd8750000 - 0x00007fffd87b7000 	C:\WINDOWS\SYSTEM32\Bcp47Langs.dll
0x00007fffd78b0000 - 0x00007fffd79e6000 	C:\WINDOWS\SYSTEM32\wintypes.dll
0x00007fffbec50000 - 0x00007fffbed43000 	C:\WINDOWS\System32\twinui.appcore.dll
0x00007fffbea50000 - 0x00007fffbea66000 	C:\WINDOWS\system32\execmodelproxy.dll
0x00007fffd11a0000 - 0x00007fffd126c000 	C:\Windows\System32\Windows.UI.dll
0x0000000076a10000 - 0x0000000076a41000 	C:\Program Files\Java\jdk1.8.0_73\jre\bin\jpeg.dll
0x00007fffd18a0000 - 0x00007fffd1a32000 	C:\WINDOWS\SYSTEM32\dbghelp.dll

VM Arguments:
jvm_args: -Xdebug -Xrunjdwp:transport=dt_shmem,address=javadebug -Dfile.encoding=UTF-8 
java_command: emft_vol2.main_class
java_class_path (initial): C:\Users\Jozef\AppData\Roaming\NetBeans\8.1\modules\ext\sqlite-jdbc-3.16.1.jar;C:\Users\Jozef\Documents\NetBeansProjects\EMFTvol2\log4j-1.2.15.jar;C:\Users\Jozef\Documents\NetBeansProjects\EMFTvol2\jdelaunay-master.zip;C:\Users\Jozef\Documents\NetBeansProjects\EMFTvol2\EMFT_vol2\delaunay.jar;C:\Users\Jozef\Documents\NetBeansProjects\EMFTvol2\EMFT_vol2\quickhull-src.jar;C:\Users\Jozef\Documents\NetBeansProjects\EMFTvol2\EMFT_vol2\Dislin.jar;C:\Users\Jozef\Documents\NetBeansProjects\EMFTvol2\EMFT_vol2\commons-math-2.2\commons-math-2.2-javadoc.jar;C:\Users\Jozef\Documents\NetBeansProjects\EMFTvol2\EMFT_vol2\commons-math-2.2\commons-math-2.2-sources.jar;C:\Users\Jozef\Documents\NetBeansProjects\EMFTvol2\EMFT_vol2\commons-math-2.2\commons-math-2.2.jar;C:\Users\Jozef\Documents\NetBeansProjects\EMFTvol2\EMFT_vol2\commons-math3-3.6.1;C:\Users\Jozef\Documents\NetBeansProjects\EMFTvol2\EMFT_vol2\commons-math3-3.6.1\commons-math3-3.6.1.jar;C:\Users\Jozef\Documents\NetBeansProjects\EMFTvol2\EMFT_vol2\commons-math3-3.6.1\commons-math3-3.6.1-javadoc.jar;C:\Users\Jozef\Documents\NetBeansProjects\EMFTvol2\EMFT_vol2\commons-math3-3.6.1\commons-math3-3.6.1-sources.jar;C:\Users\Jozef\Documents\NetBeansProjects\EMFTvol2\EMFT_vol2\commons-math3-3.6.1\commons-math3-3.6.1-tools.jar;C:\Users\Jozef\Documents\NetBeansProjects\EMFTvol2\EMFT_vol2\flanagan.jar;C:\dislin;C:\Users\Jozef\Documents\NetBeansProjects\EMFTvol2\EMFT_vol2\build\classes
Launcher Type: SUN_STANDARD

Environment Variables:
PATH=C:\ProgramData\Oracle\Java\javapath;C:\Program Files (x86)\Intel\iCLS Client\;C:\Program Files\Intel\iCLS Client\;C:\WINDOWS\system32;C:\WINDOWS;C:\WINDOWS\System32\Wbem;C:\WINDOWS\System32\WindowsPowerShell\v1.0\;C:\Program Files (x86)\Intel\Intel(R) Management Engine Components\DAL;C:\Program Files\Intel\Intel(R) Management Engine Components\DAL;C:\Program Files (x86)\Intel\Intel(R) Management Engine Components\IPT;C:\Program Files\Intel\Intel(R) Management Engine Components\IPT;C:\Program Files (x86)\Pico Technology\PicoScope6\;C:\Program Files\Intel\WiFi\bin\;C:\Program Files\Common Files\Intel\WirelessCommon\;F:\Matlab 2017b\core\runtime\win64;F:\Matlab 2017b\core\bin;C:\Users\Jozef\AppData\Local\Programs\MiKTeX 2.9\miktex\bin\x64\;C:\myPF\miktex\bin\x64\;C:\MinGW\bin;C:\MinGW\msys\1.0\bin;c:\dislin\win;%USERPROFILE%\AppData\Local\Microsoft\WindowsApps;
USERNAME=Jozef
OS=Windows_NT
PROCESSOR_IDENTIFIER=Intel64 Family 6 Model 78 Stepping 3, GenuineIntel



---------------  S Y S T E M  ---------------

OS: Windows 10.0 , 64 bit Build 14393 (10.0.14393.2155)

CPU:total 4 (2 cores per cpu, 2 threads per core) family 6 model 78 stepping 3, cmov, cx8, fxsr, mmx, sse, sse2, sse3, ssse3, sse4.1, sse4.2, popcnt, avx, avx2, aes, clmul, erms, 3dnowpref, lzcnt, ht, tsc, tscinvbit, bmi1, bmi2, adx

Memory: 4k page, physical 8282200k(2882292k free), swap 9527316k(1918284k free)

vm_info: Java HotSpot(TM) 64-Bit Server VM (25.73-b02) for windows-amd64 JRE (1.8.0_73-b02), built on Jan 29 2016 17:38:49 by "java_re" with MS VC++ 10.0 (VS2010)

time: Sat Apr 14 21:06:25 2018
elapsed time: 1261 seconds (0d 0h 21m 1s)

