#
# A fatal error has been detected by the Java Runtime Environment:
#
#  EXCEPTION_ACCESS_VIOLATION (0xc0000005) at pc=0x0000000077054ec2, pid=11292, tid=0x000000000000173c
#
# JRE version: Java(TM) SE Runtime Environment (8.0_102-b14) (build 1.8.0_102-b14)
# Java VM: Java HotSpot(TM) 64-Bit Server VM (25.102-b14 mixed mode windows-amd64 compressed oops)
# Problematic frame:
# V  [jvm.dll+0x144ec2]
#
# Failed to write core dump. Minidumps are not enabled by default on client versions of Windows
#
# If you would like to submit a bug report, please visit:
#   http://bugreport.java.com/bugreport/crash.jsp
#

---------------  T H R E A D  ---------------

Current thread (0x0000000019bc0800):  JavaThread "AWT-EventQueue-0" [_thread_in_vm, id=5948, stack(0x000000001b6f0000,0x000000001b7f0000)]

siginfo: ExceptionCode=0xc0000005, reading address 0x0000000000000000

Registers:
RAX=0x0000000000000000, RBX=0x0000000019bc0800, RCX=0x0000000000000080, RDX=0x0000000000000000
RSP=0x000000001b7ecd10, RBP=0x0000000000000000, RSI=0x0000000000000000, RDI=0x0000000000000000
R8 =0x0000000000000000, R9 =0x000000001b7ece60, R10=0x0000000002cd0fc0, R11=0x000000007713b330
R12=0x0000000000000000, R13=0x000000001d38e750, R14=0x000000001b7ece68, R15=0x0000000019bc0800
RIP=0x0000000077054ec2, EFLAGS=0x0000000000010202

Top of Stack: (sp=0x000000001b7ecd10)
0x000000001b7ecd10:   0000000000000000 0000000002cb83fd
0x000000001b7ecd20:   000000001d219560 0000000019bc0800
0x000000001b7ecd30:   0000000019bc0800 0000000000000000
0x000000001b7ecd40:   000000001b7ede88 0000000000000000
0x000000001b7ecd50:   000000001d38e750 000000001d25aa80
0x000000001b7ecd60:   000000001b7ece00 0000000002cd0b71
0x000000001b7ecd70:   0000000002cb56d0 0000000000000000
0x000000001b7ecd80:   000000001d219560 00007ffd89e0f1a3
0x000000001b7ecd90:   000000001b7ece40 0000000002cb83fd
0x000000001b7ecda0:   0000000002cb56d0 000000001d38e750
0x000000001b7ecdb0:   000000001b7ece40 000000001b7ece00
0x000000001b7ecdc0:   000000001b7ece40 0000000002cd0fec
0x000000001b7ecdd0:   0000000019bc09f8 000000001b7ece50
0x000000001b7ecde0:   0000000000000000 000000001b7ece60
0x000000001b7ecdf0:   0000000019b52fa0 0000000002cd0b71
0x000000001b7ece00:   000000001b7ece00 000000001d38e750 

Instructions: (pc=0x0000000077054ec2)
0x0000000077054ea2:   89 5c 24 20 48 89 74 24 28 48 39 73 08 74 0a 48
0x0000000077054eb2:   8d 4c 24 20 e8 25 64 13 00 40 38 35 9e 64 6c 00
0x0000000077054ec2:   48 8b 3f 48 63 05 80 c4 6a 00 74 1b 8b 0c 38 85
0x0000000077054ed2:   c9 74 7c 8b c1 8b 0d bb 98 65 00 48 d3 e0 48 03 


Register to memory mapping:

RAX=0x0000000000000000 is an unknown value
RBX=0x0000000019bc0800 is a thread
RCX=0x0000000000000080 is an unknown value
RDX=0x0000000000000000 is an unknown value
RSP=0x000000001b7ecd10 is pointing into the stack for thread: 0x0000000019bc0800
RBP=0x0000000000000000 is an unknown value
RSI=0x0000000000000000 is an unknown value
RDI=0x0000000000000000 is an unknown value
R8 =0x0000000000000000 is an unknown value
R9 =0x000000001b7ece60 is pointing into the stack for thread: 0x0000000019bc0800
R10=0x0000000002cd0fc0 is at code_begin+1632 in an Interpreter codelet
method entry point (kind = native)  [0x0000000002cd0960, 0x0000000002cd1980]  4128 bytes
R11=0x000000007713b330 is an unknown value
R12=0x0000000000000000 is an unknown value
R13={method} {0x000000001d38e758} 'name' '(Ljava/lang/String;Ljava/lang/String;)V' in 'de/dislin/Dislin'
R14=0x000000001b7ece68 is pointing into the stack for thread: 0x0000000019bc0800
R15=0x0000000019bc0800 is a thread


Stack: [0x000000001b6f0000,0x000000001b7f0000],  sp=0x000000001b7ecd10,  free space=1011k
Native frames: (J=compiled Java code, j=interpreted, Vv=VM code, C=native code)

Java frames: (J=compiled Java code, j=interpreted, Vv=VM code)
j  de.dislin.Dislin.name(Ljava/lang/String;Ljava/lang/String;)V+0
j  dislin.plot_2D.run2D()V+526
j  dislin.plot_2D.draw_2D_yn()V+1
j  emft_vol2.Dislin_Settings.jButton1ActionPerformed(Ljava/awt/event/ActionEvent;)V+71
j  emft_vol2.Dislin_Settings.access$900(Lemft_vol2/Dislin_Settings;Ljava/awt/event/ActionEvent;)V+2
j  emft_vol2.Dislin_Settings$11.actionPerformed(Ljava/awt/event/ActionEvent;)V+5
j  javax.swing.AbstractButton.fireActionPerformed(Ljava/awt/event/ActionEvent;)V+83
j  javax.swing.AbstractButton$Handler.actionPerformed(Ljava/awt/event/ActionEvent;)V+5
j  javax.swing.DefaultButtonModel.fireActionPerformed(Ljava/awt/event/ActionEvent;)V+34
j  javax.swing.DefaultButtonModel.setPressed(Z)V+117
j  javax.swing.plaf.basic.BasicButtonListener.mouseReleased(Ljava/awt/event/MouseEvent;)V+35
j  java.awt.Component.processMouseEvent(Ljava/awt/event/MouseEvent;)V+64
j  javax.swing.JComponent.processMouseEvent(Ljava/awt/event/MouseEvent;)V+23
j  java.awt.Component.processEvent(Ljava/awt/AWTEvent;)V+81
j  java.awt.Container.processEvent(Ljava/awt/AWTEvent;)V+18
J 1403 C1 java.awt.Component.dispatchEventImpl(Ljava/awt/AWTEvent;)V (883 bytes) @ 0x0000000003121b8c [0x000000000311c640+0x554c]
J 936 C1 java.awt.Container.dispatchEventImpl(Ljava/awt/AWTEvent;)V (129 bytes) @ 0x0000000002ffbae4 [0x0000000002ffb9a0+0x144]
J 1381 C1 java.awt.Component.dispatchEvent(Ljava/awt/AWTEvent;)V (6 bytes) @ 0x000000000310ae54 [0x000000000310ad40+0x114]
j  java.awt.LightweightDispatcher.retargetMouseEvent(Ljava/awt/Component;ILjava/awt/event/MouseEvent;)V+327
J 1395 C1 java.awt.LightweightDispatcher.processMouseEvent(Ljava/awt/event/MouseEvent;)Z (286 bytes) @ 0x00000000031169fc [0x0000000003115280+0x177c]
J 1422 C1 java.awt.LightweightDispatcher.dispatchEvent(Ljava/awt/AWTEvent;)Z (73 bytes) @ 0x00000000031302f4 [0x000000000312fec0+0x434]
J 936 C1 java.awt.Container.dispatchEventImpl(Ljava/awt/AWTEvent;)V (129 bytes) @ 0x0000000002ffba84 [0x0000000002ffb9a0+0xe4]
J 1364 C1 java.awt.Window.dispatchEventImpl(Ljava/awt/AWTEvent;)V (23 bytes) @ 0x00000000030fdc6c [0x00000000030fd680+0x5ec]
J 931 C1 java.awt.EventQueue.dispatchEventImpl(Ljava/awt/AWTEvent;Ljava/lang/Object;)V (149 bytes) @ 0x0000000002ff6bb4 [0x0000000002ff5340+0x1874]
J 929 C1 java.awt.EventQueue$3.run()Ljava/lang/Void; (60 bytes) @ 0x0000000002ff471c [0x0000000002ff4500+0x21c]
J 928 C1 java.awt.EventQueue$3.run()Ljava/lang/Object; (5 bytes) @ 0x0000000002ff4194 [0x0000000002ff4100+0x94]
v  ~StubRoutines::call_stub
J 769  java.security.AccessController.doPrivileged(Ljava/security/PrivilegedAction;Ljava/security/AccessControlContext;)Ljava/lang/Object; (0 bytes) @ 0x0000000002f8f726 [0x0000000002f8f6c0+0x66]
J 1365 C1 java.awt.EventQueue$4.run()Ljava/lang/Object; (5 bytes) @ 0x00000000030fe5fc [0x00000000030fe1c0+0x43c]
v  ~StubRoutines::call_stub
J 769  java.security.AccessController.doPrivileged(Ljava/security/PrivilegedAction;Ljava/security/AccessControlContext;)Ljava/lang/Object; (0 bytes) @ 0x0000000002f8f726 [0x0000000002f8f6c0+0x66]
J 852 C1 java.awt.EventQueue.dispatchEvent(Ljava/awt/AWTEvent;)V (80 bytes) @ 0x0000000002fc5da4 [0x0000000002fc4f00+0xea4]
J 859 C1 java.awt.EventDispatchThread.pumpOneEventForFilters(I)V (295 bytes) @ 0x0000000002fcdeb4 [0x0000000002fcc160+0x1d54]
j  java.awt.EventDispatchThread.pumpEventsForFilter(ILjava/awt/Conditional;Ljava/awt/EventFilter;)V+35
j  java.awt.EventDispatchThread.pumpEventsForHierarchy(ILjava/awt/Conditional;Ljava/awt/Component;)V+11
j  java.awt.EventDispatchThread.pumpEvents(ILjava/awt/Conditional;)V+4
j  java.awt.EventDispatchThread.pumpEvents(Ljava/awt/Conditional;)V+3
j  java.awt.EventDispatchThread.run()V+9
v  ~StubRoutines::call_stub

---------------  P R O C E S S  ---------------

Java Threads: ( => current thread )
  0x000000001a13f800 JavaThread "TimerQueue" daemon [_thread_blocked, id=13664, stack(0x000000001d600000,0x000000001d700000)]
  0x0000000002ab2800 JavaThread "DestroyJavaVM" [_thread_blocked, id=9572, stack(0x0000000002970000,0x0000000002a70000)]
  0x0000000019bd0000 JavaThread "org.netbeans.modules.debugger.jpda.visual AWT Access Loop" daemon [_thread_blocked, id=7208, stack(0x000000001b7f0000,0x000000001b8f0000)]
=>0x0000000019bc0800 JavaThread "AWT-EventQueue-0" [_thread_in_vm, id=5948, stack(0x000000001b6f0000,0x000000001b7f0000)]
  0x0000000019b56000 JavaThread "AWT-Windows" daemon [_thread_in_native, id=13316, stack(0x000000001a480000,0x000000001a580000)]
  0x0000000019b55000 JavaThread "AWT-Shutdown" [_thread_blocked, id=7732, stack(0x000000001a380000,0x000000001a480000)]
  0x0000000019b52000 JavaThread "Java2D Disposer" daemon [_thread_blocked, id=13976, stack(0x000000001a280000,0x000000001a380000)]
  0x0000000019398000 JavaThread "Service Thread" daemon [_thread_blocked, id=5424, stack(0x0000000019750000,0x0000000019850000)]
  0x000000001782f800 JavaThread "C1 CompilerThread2" daemon [_thread_blocked, id=5220, stack(0x0000000019250000,0x0000000019350000)]
  0x000000001782e000 JavaThread "C2 CompilerThread1" daemon [_thread_blocked, id=11064, stack(0x0000000019150000,0x0000000019250000)]
  0x000000001782c000 JavaThread "C2 CompilerThread0" daemon [_thread_blocked, id=10608, stack(0x0000000019050000,0x0000000019150000)]
  0x000000001781a000 JavaThread "JDWP Command Reader" daemon [_thread_in_native, id=8688, stack(0x0000000018f50000,0x0000000019050000)]
  0x0000000017817000 JavaThread "JDWP Event Helper Thread" daemon [_thread_blocked, id=14124, stack(0x0000000018e50000,0x0000000018f50000)]
  0x0000000017809000 JavaThread "JDWP Transport Listener: dt_shmem" daemon [_thread_blocked, id=8836, stack(0x0000000018d50000,0x0000000018e50000)]
  0x0000000017800800 JavaThread "Attach Listener" daemon [_thread_blocked, id=1956, stack(0x0000000018c50000,0x0000000018d50000)]
  0x00000000177ff800 JavaThread "Signal Dispatcher" daemon [_thread_blocked, id=10760, stack(0x0000000018b50000,0x0000000018c50000)]
  0x0000000002bae800 JavaThread "Finalizer" daemon [_thread_blocked, id=5412, stack(0x0000000018a50000,0x0000000018b50000)]
  0x0000000002ba3000 JavaThread "Reference Handler" daemon [_thread_blocked, id=8308, stack(0x0000000018950000,0x0000000018a50000)]

Other Threads:
  0x00000000177c7800 VMThread [stack: 0x0000000018850000,0x0000000018950000] [id=14024]
  0x00000000193a4000 WatcherThread [stack: 0x0000000019850000,0x0000000019950000] [id=3932]

VM state:not at safepoint (normal execution)

VM Mutex/Monitor currently owned by a thread: None

Heap:
 PSYoungGen      total 38400K, used 26263K [0x00000000d5d80000, 0x00000000d8800000, 0x0000000100000000)
  eden space 33280K, 78% used [0x00000000d5d80000,0x00000000d7725d08,0x00000000d7e00000)
  from space 5120K, 0% used [0x00000000d8300000,0x00000000d8300000,0x00000000d8800000)
  to   space 5120K, 0% used [0x00000000d7e00000,0x00000000d7e00000,0x00000000d8300000)
 ParOldGen       total 87552K, used 0K [0x0000000081800000, 0x0000000086d80000, 0x00000000d5d80000)
  object space 87552K, 0% used [0x0000000081800000,0x0000000081800000,0x0000000086d80000)
 Metaspace       used 15673K, capacity 15934K, committed 16128K, reserved 1062912K
  class space    used 1913K, capacity 1994K, committed 2048K, reserved 1048576K

Card table byte_map: [0x0000000012070000,0x0000000012470000] byte_map_base: 0x0000000011c64000

Marking Bits: (ParMarkBitMap*) 0x000000007772a6c0
 Begin Bits: [0x0000000012b20000, 0x0000000014ac0000)
 End Bits:   [0x0000000014ac0000, 0x0000000016a60000)

Polling page: 0x0000000001180000

CodeCache: size=245760Kb used=4708Kb max_used=4708Kb free=241051Kb
 bounds [0x0000000002cb0000, 0x0000000003150000, 0x0000000011cb0000]
 total_blobs=2043 nmethods=1445 adapters=518
 compilation: enabled

Compilation events (10 events):
Event: 11.308 Thread 0x000000001782f800 1447   !   3       sun.awt.GlobalCursorManager$NativeUpdater::postIfNotPending (48 bytes)
Event: 11.309 Thread 0x000000001782f800 nmethod 1447 0x0000000003141690 code [0x0000000003141860, 0x0000000003142168]
Event: 15.001 Thread 0x000000001782f800 1448       3       org.netbeans.modules.debugger.jpda.visual.remote.RemoteAWTService::access$400 (4 bytes)
Event: 15.001 Thread 0x000000001782f800 nmethod 1448 0x0000000003142590 code [0x00000000031426e0, 0x0000000003142810]
Event: 27.757 Thread 0x000000001782f800 1450       3       org.netbeans.modules.debugger.jpda.visual.remote.RemoteAWTService::access$000 (4 bytes)
Event: 27.758 Thread 0x000000001782f800 nmethod 1450 0x0000000003143310 code [0x0000000003143460, 0x00000000031435b0]
Event: 27.758 Thread 0x000000001782f800 1451       3       org.netbeans.modules.debugger.jpda.visual.remote.RemoteAWTService::access$100 (4 bytes)
Event: 27.758 Thread 0x000000001782f800 nmethod 1451 0x0000000002db2550 code [0x0000000002db26a0, 0x0000000002db27f0]
Event: 66.451 Thread 0x000000001782f800 1452       1       org.netbeans.modules.debugger.jpda.visual.remote.RemoteAWTService::access$400 (4 bytes)
Event: 66.451 Thread 0x000000001782f800 nmethod 1452 0x0000000002dbce10 code [0x0000000002dbcf60, 0x0000000002dbd050]

GC Heap History (0 events):
No events

Deoptimization events (10 events):
Event: 3.489 Thread 0x0000000002ab2800 Uncommon trap: reason=class_check action=maybe_recompile pc=0x0000000002f1300c method=java.util.HashMap.putVal(ILjava/lang/Object;Ljava/lang/Object;ZZ)Ljava/lang/Object; @ 253
Event: 3.489 Thread 0x0000000002ab2800 Uncommon trap: reason=class_check action=maybe_recompile pc=0x0000000002f1300c method=java.util.HashMap.putVal(ILjava/lang/Object;Ljava/lang/Object;ZZ)Ljava/lang/Object; @ 253
Event: 3.497 Thread 0x0000000019bc0800 Uncommon trap: reason=unstable_if action=reinterpret pc=0x0000000002ee9254 method=java.awt.MultipleGradientPaintContext.indexIntoGradientsArrays(F)I @ 24
Event: 3.519 Thread 0x0000000019bc0800 Uncommon trap: reason=unstable_if action=reinterpret pc=0x0000000002f783ac method=java.awt.MultipleGradientPaintContext.indexIntoGradientsArrays(F)I @ 13
Event: 3.823 Thread 0x0000000002ab2800 Uncommon trap: reason=unstable_if action=reinterpret pc=0x0000000002fb43dc method=org.sqlite.SQLiteJDBCLoader.contentsEquals(Ljava/io/InputStream;Ljava/io/InputStream;)Z @ 39
Event: 6.794 Thread 0x0000000019bc0800 Uncommon trap: reason=class_check action=maybe_recompile pc=0x0000000002e2ce54 method=java.lang.String.equals(Ljava/lang/Object;)Z @ 8
Event: 6.794 Thread 0x0000000019bc0800 Uncommon trap: reason=class_check action=maybe_recompile pc=0x0000000002e2ce54 method=java.lang.String.equals(Ljava/lang/Object;)Z @ 8
Event: 6.794 Thread 0x0000000019bc0800 Uncommon trap: reason=class_check action=maybe_recompile pc=0x0000000002e2ce54 method=java.lang.String.equals(Ljava/lang/Object;)Z @ 8
Event: 7.606 Thread 0x0000000019bc0800 Uncommon trap: reason=unstable_if action=reinterpret pc=0x0000000002f7dd98 method=java.util.HashMap.putVal(ILjava/lang/Object;Ljava/lang/Object;ZZ)Ljava/lang/Object; @ 109
Event: 7.731 Thread 0x0000000019bc0800 Uncommon trap: reason=class_check action=maybe_recompile pc=0x0000000002e2ce54 method=java.lang.String.equals(Ljava/lang/Object;)Z @ 8

Internal exceptions (10 events):
Event: 7.554 Thread 0x0000000019bc0800 Exception <a 'java/lang/ClassNotFoundException': ToolBar> (0x00000000d709dfc8) thrown at [C:\re\workspace\8-2-build-windows-amd64-cygwin\jdk8u102\7268\hotspot\src\share\vm\classfile\systemDictionary.cpp, line 210]
Event: 7.554 Thread 0x0000000019bc0800 Exception <a 'java/lang/ClassNotFoundException': ToggleButton> (0x00000000d709e760) thrown at [C:\re\workspace\8-2-build-windows-amd64-cygwin\jdk8u102\7268\hotspot\src\share\vm\classfile\systemDictionary.cpp, line 210]
Event: 7.554 Thread 0x0000000019bc0800 Exception <a 'java/lang/ClassNotFoundException': javax/swing/JToolBarSeparator> (0x00000000d709edd8) thrown at [C:\re\workspace\8-2-build-windows-amd64-cygwin\jdk8u102\7268\hotspot\src\share\vm\classfile\systemDictionary.cpp, line 210]
Event: 7.554 Thread 0x0000000019bc0800 Exception <a 'java/lang/ClassNotFoundException': ToolBarSeparator> (0x00000000d709f458) thrown at [C:\re\workspace\8-2-build-windows-amd64-cygwin\jdk8u102\7268\hotspot\src\share\vm\classfile\systemDictionary.cpp, line 210]
Event: 7.554 Thread 0x0000000019bc0800 Exception <a 'java/lang/ClassNotFoundException': ToolTip> (0x00000000d709fcd8) thrown at [C:\re\workspace\8-2-build-windows-amd64-cygwin\jdk8u102\7268\hotspot\src\share\vm\classfile\systemDictionary.cpp, line 210]
Event: 7.554 Thread 0x0000000019bc0800 Exception <a 'java/lang/ClassNotFoundException': Tree> (0x00000000d70a0550) thrown at [C:\re\workspace\8-2-build-windows-amd64-cygwin\jdk8u102\7268\hotspot\src\share\vm\classfile\systemDictionary.cpp, line 210]
Event: 7.554 Thread 0x0000000019bc0800 Exception <a 'java/lang/ClassNotFoundException': Tree> (0x00000000d70a0e30) thrown at [C:\re\workspace\8-2-build-windows-amd64-cygwin\jdk8u102\7268\hotspot\src\share\vm\classfile\systemDictionary.cpp, line 210]
Event: 7.554 Thread 0x0000000019bc0800 Exception <a 'java/lang/ClassNotFoundException': javax/swing/JTreeCell> (0x00000000d70a1398) thrown at [C:\re\workspace\8-2-build-windows-amd64-cygwin\jdk8u102\7268\hotspot\src\share\vm\classfile\systemDictionary.cpp, line 210]
Event: 7.554 Thread 0x0000000019bc0800 Exception <a 'java/lang/ClassNotFoundException': TreeCell> (0x00000000d70a1a08) thrown at [C:\re\workspace\8-2-build-windows-amd64-cygwin\jdk8u102\7268\hotspot\src\share\vm\classfile\systemDictionary.cpp, line 210]
Event: 7.555 Thread 0x0000000019bc0800 Exception <a 'java/lang/ClassNotFoundException': RootPane> (0x00000000d70a2410) thrown at [C:\re\workspace\8-2-build-windows-amd64-cygwin\jdk8u102\7268\hotspot\src\share\vm\classfile\systemDictionary.cpp, line 210]

Events (10 events):
Event: 99.863 Executing VM operation: ChangeSingleStep
Event: 99.864 Executing VM operation: ChangeSingleStep done
Event: 100.730 Executing VM operation: EnterInterpOnlyMode
Event: 100.730 Executing nested VM operation: Deoptimize
Event: 100.731 Executing nested VM operation: Deoptimize done
Event: 100.731 Executing VM operation: EnterInterpOnlyMode done
Event: 100.731 Executing VM operation: GetCurrentLocation
Event: 100.731 Executing VM operation: GetCurrentLocation done
Event: 100.731 Executing VM operation: ChangeSingleStep
Event: 100.731 Executing VM operation: ChangeSingleStep done


Dynamic libraries:
0x00007ff71cc00000 - 0x00007ff71cc37000 	C:\Program Files\Java\jdk1.8.0_102\bin\java.exe
0x00007ffdc4df0000 - 0x00007ffdc4fc2000 	C:\WINDOWS\SYSTEM32\ntdll.dll
0x00007ffdc4270000 - 0x00007ffdc431c000 	C:\WINDOWS\System32\KERNEL32.DLL
0x00007ffdaab10000 - 0x00007ffdaab44000 	C:\Program Files\AVAST Software\Avast\x64\aswhooka.dll
0x00007ffdc1730000 - 0x00007ffdc194d000 	C:\WINDOWS\System32\KERNELBASE.dll
0x00007ffdc44d0000 - 0x00007ffdc4572000 	C:\WINDOWS\System32\ADVAPI32.dll
0x00007ffdc43c0000 - 0x00007ffdc445e000 	C:\WINDOWS\System32\msvcrt.dll
0x00007ffdc4590000 - 0x00007ffdc45e9000 	C:\WINDOWS\System32\sechost.dll
0x00007ffdc49b0000 - 0x00007ffdc4ad1000 	C:\WINDOWS\System32\RPCRT4.dll
0x00007ffdc4ae0000 - 0x00007ffdc4c45000 	C:\WINDOWS\System32\USER32.dll
0x00007ffdc1610000 - 0x00007ffdc162e000 	C:\WINDOWS\System32\win32u.dll
0x00007ffdc4170000 - 0x00007ffdc41a4000 	C:\WINDOWS\System32\GDI32.dll
0x00007ffdc20e0000 - 0x00007ffdc2260000 	C:\WINDOWS\System32\gdi32full.dll
0x00007ffdb22a0000 - 0x00007ffdb251a000 	C:\WINDOWS\WinSxS\amd64_microsoft.windows.common-controls_6595b64144ccf1df_6.0.14393.953_none_42151e83c686086b\COMCTL32.dll
0x00007ffdc2380000 - 0x00007ffdc2648000 	C:\WINDOWS\System32\combase.dll
0x00007ffdc1630000 - 0x00007ffdc1725000 	C:\WINDOWS\System32\ucrtbase.dll
0x00007ffdc2310000 - 0x00007ffdc237a000 	C:\WINDOWS\System32\bcryptPrimitives.dll
0x00007ffdc4750000 - 0x00007ffdc477e000 	C:\WINDOWS\System32\IMM32.DLL
0x00000000505b0000 - 0x0000000050681000 	C:\Program Files\Java\jdk1.8.0_102\jre\bin\msvcr100.dll
0x0000000076f10000 - 0x00000000777aa000 	C:\Program Files\Java\jdk1.8.0_102\jre\bin\server\jvm.dll
0x00007ffdc2650000 - 0x00007ffdc2658000 	C:\WINDOWS\System32\PSAPI.DLL
0x00007ffdbe280000 - 0x00007ffdbe289000 	C:\WINDOWS\SYSTEM32\WSOCK32.dll
0x00007ffdc4460000 - 0x00007ffdc44ca000 	C:\WINDOWS\System32\WS2_32.dll
0x00007ffdbf790000 - 0x00007ffdbf7b3000 	C:\WINDOWS\SYSTEM32\WINMM.dll
0x00007ffdb0690000 - 0x00007ffdb069a000 	C:\WINDOWS\SYSTEM32\VERSION.dll
0x00007ffdbf760000 - 0x00007ffdbf78b000 	C:\WINDOWS\SYSTEM32\WINMMBASE.dll
0x00007ffdc1350000 - 0x00007ffdc1392000 	C:\WINDOWS\System32\cfgmgr32.dll
0x0000000050050000 - 0x000000005005f000 	C:\Program Files\Java\jdk1.8.0_102\jre\bin\verify.dll
0x0000000050020000 - 0x0000000050049000 	C:\Program Files\Java\jdk1.8.0_102\jre\bin\java.dll
0x0000000076c10000 - 0x0000000076c45000 	C:\Program Files\Java\jdk1.8.0_102\jre\bin\jdwp.dll
0x0000000076c00000 - 0x0000000076c08000 	C:\Program Files\Java\jdk1.8.0_102\jre\bin\npt.dll
0x0000000050000000 - 0x0000000050016000 	C:\Program Files\Java\jdk1.8.0_102\jre\bin\zip.dll
0x00007ffdc2660000 - 0x00007ffdc3b69000 	C:\WINDOWS\System32\SHELL32.dll
0x00007ffdc1950000 - 0x00007ffdc2029000 	C:\WINDOWS\System32\windows.storage.dll
0x00007ffdc1260000 - 0x00007ffdc12ac000 	C:\WINDOWS\System32\powrprof.dll
0x00007ffdc4110000 - 0x00007ffdc4162000 	C:\WINDOWS\System32\shlwapi.dll
0x00007ffdc12b0000 - 0x00007ffdc12bf000 	C:\WINDOWS\System32\kernel.appcore.dll
0x00007ffdc2260000 - 0x00007ffdc2309000 	C:\WINDOWS\System32\shcore.dll
0x00007ffdc12d0000 - 0x00007ffdc12e4000 	C:\WINDOWS\System32\profapi.dll
0x0000000076b40000 - 0x0000000076b4b000 	C:\Program Files\Java\jdk1.8.0_102\jre\bin\dt_shmem.dll
0x0000000076d70000 - 0x0000000076f08000 	C:\Program Files\Java\jdk1.8.0_102\jre\bin\awt.dll
0x00007ffdc41b0000 - 0x00007ffdc426f000 	C:\WINDOWS\System32\OLEAUT32.dll
0x00007ffdc13a0000 - 0x00007ffdc143c000 	C:\WINDOWS\System32\msvcp_win.dll
0x00007ffdbf8e0000 - 0x00007ffdbf95a000 	C:\WINDOWS\SYSTEM32\apphelp.dll
0x00007ffdbf9c0000 - 0x00007ffdbfa55000 	C:\WINDOWS\system32\uxtheme.dll
0x00007ffdc45f0000 - 0x00007ffdc474a000 	C:\WINDOWS\System32\MSCTF.dll
0x00007ffdbf060000 - 0x00007ffdbf086000 	C:\WINDOWS\system32\dwmapi.dll
0x00007ffdc3fd0000 - 0x00007ffdc4108000 	C:\WINDOWS\System32\ole32.dll
0x0000000076d20000 - 0x0000000076d67000 	C:\Program Files\Java\jdk1.8.0_102\jre\bin\fontmanager.dll
0x0000000076d00000 - 0x0000000076d1a000 	C:\Program Files\Java\jdk1.8.0_102\jre\bin\net.dll
0x00007ffdc0b90000 - 0x00007ffdc0bec000 	C:\WINDOWS\system32\mswsock.dll
0x0000000076ce0000 - 0x0000000076cf1000 	C:\Program Files\Java\jdk1.8.0_102\jre\bin\nio.dll
0x0000000076c90000 - 0x0000000076cd2000 	C:\Program Files\Java\jdk1.8.0_102\jre\bin\t2k.dll
0x0000000076c60000 - 0x0000000076c8a000 	C:\Program Files\Java\jdk1.8.0_102\jre\bin\dcpr.dll
0x00007ffdc0d30000 - 0x00007ffdc0d47000 	C:\WINDOWS\SYSTEM32\CRYPTSP.dll
0x00007ffdc0790000 - 0x00007ffdc07c3000 	C:\WINDOWS\system32\rsaenh.dll
0x00007ffdc0e40000 - 0x00007ffdc0e6b000 	C:\WINDOWS\SYSTEM32\bcrypt.dll
0x00007ffdc0a10000 - 0x00007ffdc0a2f000 	C:\WINDOWS\SYSTEM32\USERENV.dll
0x00007ffdc0d50000 - 0x00007ffdc0d5b000 	C:\WINDOWS\SYSTEM32\CRYPTBASE.dll
0x00007ffdc0910000 - 0x00007ffdc0948000 	C:\WINDOWS\SYSTEM32\IPHLPAPI.DLL
0x00007ffdc3b70000 - 0x00007ffdc3b78000 	C:\WINDOWS\System32\NSI.dll
0x00007ffdb9530000 - 0x00007ffdb9546000 	C:\WINDOWS\SYSTEM32\dhcpcsvc6.DLL
0x00007ffdb98e0000 - 0x00007ffdb98fa000 	C:\WINDOWS\SYSTEM32\dhcpcsvc.DLL
0x000000006cd80000 - 0x000000006ce70000 	C:\Users\Jozef\AppData\Local\Temp\sqlite-3.16.1-95098215-75fe-4ba1-a43c-771252111a7b-sqlitejdbc.dll
0x00007ffdc4320000 - 0x00007ffdc43bf000 	C:\WINDOWS\System32\clbcatq.dll
0x00007ffdbe780000 - 0x00007ffdbe928000 	C:\WINDOWS\SYSTEM32\WindowsCodecs.dll
0x00007ffda40d0000 - 0x00007ffda4119000 	C:\WINDOWS\system32\dataexchange.dll
0x00007ffdbd960000 - 0x00007ffdbdc16000 	C:\WINDOWS\system32\d3d11.dll
0x00007ffdbf2b0000 - 0x00007ffdbf401000 	C:\WINDOWS\system32\dcomp.dll
0x00007ffdc0300000 - 0x00007ffdc039f000 	C:\WINDOWS\system32\dxgi.dll
0x00007ffdbfd60000 - 0x00007ffdbfe7c000 	C:\WINDOWS\system32\twinapi.appcore.dll
0x00007ffd89e00000 - 0x00007ffd89fac000 	C:\dislin\win\disjava.dll
0x00007ffda3e10000 - 0x00007ffda3f33000 	C:\WINDOWS\SYSTEM32\OPENGL32.dll
0x00007ffda4430000 - 0x00007ffda445d000 	C:\WINDOWS\SYSTEM32\GLU32.dll
0x00007ffda4150000 - 0x00007ffda4247000 	C:\WINDOWS\SYSTEM32\DDRAW.dll
0x00007ffda43b0000 - 0x00007ffda43b8000 	C:\WINDOWS\SYSTEM32\DCIMAN32.dll
0x00007ffdb8670000 - 0x00007ffdb8802000 	C:\WINDOWS\SYSTEM32\dbghelp.dll

VM Arguments:
jvm_args: -Xdebug -Xrunjdwp:transport=dt_shmem,address=javadebug -Dfile.encoding=UTF-8 
java_command: emft_vol2.main_class
java_class_path (initial): C:\Users\Jozef\AppData\Roaming\NetBeans\8.1\modules\ext\sqlite-jdbc-3.16.1.jar;C:\Users\Jozef\Documents\NetBeansProjects\EMFTvol2\log4j-1.2.15.jar;C:\Users\Jozef\Documents\NetBeansProjects\EMFTvol2\jdelaunay-master.zip;C:\Users\Jozef\Documents\NetBeansProjects\EMFTvol2\EMFT_vol2\delaunay.jar;C:\Users\Jozef\Documents\NetBeansProjects\EMFTvol2\EMFT_vol2\quickhull-src.jar;C:\Users\Jozef\Documents\NetBeansProjects\EMFTvol2\EMFT_vol2\Dislin.jar;C:\Users\Jozef\Documents\NetBeansProjects\EMFTvol2\EMFT_vol2\commons-math-2.2\commons-math-2.2-javadoc.jar;C:\Users\Jozef\Documents\NetBeansProjects\EMFTvol2\EMFT_vol2\commons-math-2.2\commons-math-2.2-sources.jar;C:\Users\Jozef\Documents\NetBeansProjects\EMFTvol2\EMFT_vol2\commons-math-2.2\commons-math-2.2.jar;C:\Users\Jozef\Documents\NetBeansProjects\EMFTvol2\EMFT_vol2\build\classes
Launcher Type: SUN_STANDARD

Environment Variables:
PATH=C:\Program Files (x86)\PC Connectivity Solution\;C:\ProgramData\Oracle\Java\javapath;C:\Program Files (x86)\Intel\iCLS Client\;C:\Program Files\Intel\iCLS Client\;C:\WINDOWS\system32;C:\WINDOWS;C:\WINDOWS\System32\Wbem;C:\WINDOWS\System32\WindowsPowerShell\v1.0\;C:\Program Files (x86)\Intel\Intel(R) Management Engine Components\DAL;C:\Program Files\Intel\Intel(R) Management Engine Components\DAL;C:\Program Files (x86)\Intel\Intel(R) Management Engine Components\IPT;C:\Program Files\Intel\Intel(R) Management Engine Components\IPT;C:\Program Files (x86)\Pico Technology\PicoScope6\;C:\Program Files\Intel\WiFi\bin\;C:\Program Files\Common Files\Intel\WirelessCommon\;C:\Users\Jozef\AppData\Local\Programs\MiKTeX 2.9\miktex\bin\x64\;C:\myPF\miktex\bin\x64\;C:\MinGW\bin;C:\MinGW\msys\1.0\bin;c:\dislin\win;%USERPROFILE%\AppData\Local\Microsoft\WindowsApps;
USERNAME=Jozef
OS=Windows_NT
PROCESSOR_IDENTIFIER=Intel64 Family 6 Model 78 Stepping 3, GenuineIntel



---------------  S Y S T E M  ---------------

OS: Windows 10.0 , 64 bit Build 14393 (10.0.14393.1198)

CPU:total 4 (2 cores per cpu, 2 threads per core) family 6 model 78 stepping 3, cmov, cx8, fxsr, mmx, sse, sse2, sse3, ssse3, sse4.1, sse4.2, popcnt, avx, avx2, aes, clmul, erms, 3dnowpref, lzcnt, ht, tsc, tscinvbit, bmi1, bmi2, adx

Memory: 4k page, physical 8282200k(2736880k free), swap 11199548k(3161656k free)

vm_info: Java HotSpot(TM) 64-Bit Server VM (25.102-b14) for windows-amd64 JRE (1.8.0_102-b14), built on Jun 22 2016 13:15:21 by "java_re" with MS VC++ 10.0 (VS2010)

time: Tue Feb 06 15:49:29 2018
elapsed time: 100 seconds (0d 0h 1m 40s)

