#
# A fatal error has been detected by the Java Runtime Environment:
#
#  EXCEPTION_ACCESS_VIOLATION (0xc0000005) at pc=0x0000000077054ec2, pid=8252, tid=0x00000000000017d8
#
# JRE version: Java(TM) SE Runtime Environment (8.0_102-b14) (build 1.8.0_102-b14)
# Java VM: Java HotSpot(TM) 64-Bit Server VM (25.102-b14 mixed mode windows-amd64 compressed oops)
# Problematic frame:
# V  [jvm.dll+0x144ec2]
#
# Failed to write core dump. Minidumps are not enabled by default on client versions of Windows
#
# If you would like to submit a bug report, please visit:
#   http://bugreport.java.com/bugreport/crash.jsp
#

---------------  T H R E A D  ---------------

Current thread (0x00000000197c5800):  JavaThread "AWT-EventQueue-0" [_thread_in_vm, id=6104, stack(0x000000001b2e0000,0x000000001b3e0000)]

siginfo: ExceptionCode=0xc0000005, reading address 0x0000000000000000

Registers:
RAX=0x0000000000000000, RBX=0x00000000197c5800, RCX=0x0000000000000580, RDX=0x0000000000000000
RSP=0x000000001b3dc6e0, RBP=0x0000000000000000, RSI=0x0000000000000000, RDI=0x0000000000000000
R8 =0x0000000000000000, R9 =0x000000001b3dc830, R10=0x0000000002b67f28, R11=0x000000007713b330
R12=0x0000000000000000, R13=0x000000001bf73630, R14=0x000000001b3dc838, R15=0x00000000197c5800
RIP=0x0000000077054ec2, EFLAGS=0x0000000000010202

Top of Stack: (sp=0x000000001b3dc6e0)
0x000000001b3dc6e0:   00000000197c5800 000000001b3dc838
0x000000001b3dc6f0:   000000001b3dc838 000000007711ddf5
0x000000001b3dc700:   00000000197c5800 0000000000000000
0x000000001b3dc710:   000000001b3dc880 000000001b3dc838
0x000000001b3dc720:   00000000000003d8 0000000000000005
0x000000001b3dc730:   000000001bf85118 00000000197c5800
0x000000001b3dc740:   000000001912d920 0000000076fc0e86
0x000000001b3dc750:   0000000000200021 00007ffd89e0f1a3
0x000000001b3dc760:   000000001b3dc810 0000000002b5835d
0x000000001b3dc770:   000000001bf85118 000000001bf73630
0x000000001b3dc780:   000000001912dee0 0000000076fc88cf
0x000000001b3dc790:   000000001b3dd708 0000000002b67f54
0x000000001b3dc7a0:   00000000197c59f8 000000001b3dc820
0x000000001b3dc7b0:   0000000000000000 000000001b3dc830
0x000000001b3dc7c0:   000000001bf86d0c 00000000000000e6
0x000000001b3dc7d0:   000000001b3dc7d0 0000000000000000 

Instructions: (pc=0x0000000077054ec2)
0x0000000077054ea2:   89 5c 24 20 48 89 74 24 28 48 39 73 08 74 0a 48
0x0000000077054eb2:   8d 4c 24 20 e8 25 64 13 00 40 38 35 9e 64 6c 00
0x0000000077054ec2:   48 8b 3f 48 63 05 80 c4 6a 00 74 1b 8b 0c 38 85
0x0000000077054ed2:   c9 74 7c 8b c1 8b 0d bb 98 65 00 48 d3 e0 48 03 


Register to memory mapping:

RAX=0x0000000000000000 is an unknown value
RBX=0x00000000197c5800 is a thread
RCX=0x0000000000000580 is an unknown value
RDX=0x0000000000000000 is an unknown value
RSP=0x000000001b3dc6e0 is pointing into the stack for thread: 0x00000000197c5800
RBP=0x0000000000000000 is an unknown value
RSI=0x0000000000000000 is an unknown value
RDI=0x0000000000000000 is an unknown value
R8 =0x0000000000000000 is an unknown value
R9 =0x000000001b3dc830 is pointing into the stack for thread: 0x00000000197c5800
R10=0x0000000002b67f28 is at code_begin+840 in an Interpreter codelet
method entry point (kind = native)  [0x0000000002b67be0, 0x0000000002b68540]  2400 bytes
R11=0x000000007713b330 is an unknown value
R12=0x0000000000000000 is an unknown value
R13={method} {0x000000001bf73638} 'name' '(Ljava/lang/String;Ljava/lang/String;)V' in 'de/dislin/Dislin'
R14=0x000000001b3dc838 is pointing into the stack for thread: 0x00000000197c5800
R15=0x00000000197c5800 is a thread


Stack: [0x000000001b2e0000,0x000000001b3e0000],  sp=0x000000001b3dc6e0,  free space=1009k
Native frames: (J=compiled Java code, j=interpreted, Vv=VM code, C=native code)

Java frames: (J=compiled Java code, j=interpreted, Vv=VM code)
j  de.dislin.Dislin.name(Ljava/lang/String;Ljava/lang/String;)V+0
j  dislin.plot_2D.run2D()V+526
j  dislin.plot_2D.draw_2D_yn()V+1
j  emft_vol2.Dislin_Settings.jButton1ActionPerformed(Ljava/awt/event/ActionEvent;)V+71
j  emft_vol2.Dislin_Settings.access$900(Lemft_vol2/Dislin_Settings;Ljava/awt/event/ActionEvent;)V+2
j  emft_vol2.Dislin_Settings$11.actionPerformed(Ljava/awt/event/ActionEvent;)V+5
j  javax.swing.AbstractButton.fireActionPerformed(Ljava/awt/event/ActionEvent;)V+83
j  javax.swing.AbstractButton$Handler.actionPerformed(Ljava/awt/event/ActionEvent;)V+5
j  javax.swing.DefaultButtonModel.fireActionPerformed(Ljava/awt/event/ActionEvent;)V+34
j  javax.swing.DefaultButtonModel.setPressed(Z)V+117
j  javax.swing.plaf.basic.BasicButtonListener.mouseReleased(Ljava/awt/event/MouseEvent;)V+35
j  java.awt.Component.processMouseEvent(Ljava/awt/event/MouseEvent;)V+64
j  javax.swing.JComponent.processMouseEvent(Ljava/awt/event/MouseEvent;)V+23
j  java.awt.Component.processEvent(Ljava/awt/AWTEvent;)V+81
j  java.awt.Container.processEvent(Ljava/awt/AWTEvent;)V+18
J 1345 C1 java.awt.Component.dispatchEventImpl(Ljava/awt/AWTEvent;)V (883 bytes) @ 0x0000000002f849fc [0x0000000002f7f500+0x54fc]
J 1500 C1 java.awt.Container.dispatchEventImpl(Ljava/awt/AWTEvent;)V (129 bytes) @ 0x0000000003011974 [0x0000000003011840+0x134]
j  java.awt.Component.dispatchEvent(Ljava/awt/AWTEvent;)V+2
j  java.awt.LightweightDispatcher.retargetMouseEvent(Ljava/awt/Component;ILjava/awt/event/MouseEvent;)V+327
j  java.awt.LightweightDispatcher.processMouseEvent(Ljava/awt/event/MouseEvent;)Z+155
J 1429 C1 java.awt.LightweightDispatcher.dispatchEvent(Ljava/awt/AWTEvent;)Z (73 bytes) @ 0x0000000002fd70bc [0x0000000002fd6c80+0x43c]
J 1500 C1 java.awt.Container.dispatchEventImpl(Ljava/awt/AWTEvent;)V (129 bytes) @ 0x0000000003011914 [0x0000000003011840+0xd4]
J 1428 C1 java.awt.Window.dispatchEventImpl(Ljava/awt/AWTEvent;)V (23 bytes) @ 0x0000000002fd6764 [0x0000000002fd6180+0x5e4]
J 1311 C1 java.awt.EventQueue.dispatchEventImpl(Ljava/awt/AWTEvent;Ljava/lang/Object;)V (149 bytes) @ 0x0000000002f683fc [0x0000000002f66bc0+0x183c]
J 1309 C1 java.awt.EventQueue$3.run()Ljava/lang/Void; (60 bytes) @ 0x0000000002f65fcc [0x0000000002f65dc0+0x20c]
J 1308 C1 java.awt.EventQueue$3.run()Ljava/lang/Object; (5 bytes) @ 0x0000000002f65a4c [0x0000000002f659c0+0x8c]
v  ~StubRoutines::call_stub
J 799  java.security.AccessController.doPrivileged(Ljava/security/PrivilegedAction;Ljava/security/AccessControlContext;)Ljava/lang/Object; (0 bytes) @ 0x0000000002e44726 [0x0000000002e446c0+0x66]
J 1435 C1 java.awt.EventQueue$4.run()Ljava/lang/Object; (5 bytes) @ 0x0000000002fd92ec [0x0000000002fd8ec0+0x42c]
v  ~StubRoutines::call_stub
J 799  java.security.AccessController.doPrivileged(Ljava/security/PrivilegedAction;Ljava/security/AccessControlContext;)Ljava/lang/Object; (0 bytes) @ 0x0000000002e44726 [0x0000000002e446c0+0x66]
J 894 C1 java.awt.EventQueue.dispatchEvent(Ljava/awt/AWTEvent;)V (80 bytes) @ 0x0000000002e71abc [0x0000000002e70c40+0xe7c]
J 911 C1 java.awt.EventDispatchThread.pumpOneEventForFilters(I)V (295 bytes) @ 0x0000000002e782f4 [0x0000000002e76640+0x1cb4]
j  java.awt.EventDispatchThread.pumpEventsForFilter(ILjava/awt/Conditional;Ljava/awt/EventFilter;)V+35
j  java.awt.EventDispatchThread.pumpEventsForHierarchy(ILjava/awt/Conditional;Ljava/awt/Component;)V+11
j  java.awt.EventDispatchThread.pumpEvents(ILjava/awt/Conditional;)V+4
j  java.awt.EventDispatchThread.pumpEvents(Ljava/awt/Conditional;)V+3
j  java.awt.EventDispatchThread.run()V+9
v  ~StubRoutines::call_stub

---------------  P R O C E S S  ---------------

Java Threads: ( => current thread )
  0x0000000019cfc000 JavaThread "TimerQueue" daemon [_thread_blocked, id=10000, stack(0x000000001c020000,0x000000001c120000)]
  0x000000000294d800 JavaThread "DestroyJavaVM" [_thread_blocked, id=14184, stack(0x0000000002950000,0x0000000002a50000)]
=>0x00000000197c5800 JavaThread "AWT-EventQueue-0" [_thread_in_vm, id=6104, stack(0x000000001b2e0000,0x000000001b3e0000)]
  0x00000000193ed800 JavaThread "AWT-Windows" daemon [_thread_in_native, id=7888, stack(0x000000001a130000,0x000000001a230000)]
  0x00000000193ec000 JavaThread "AWT-Shutdown" [_thread_blocked, id=4876, stack(0x000000001a030000,0x000000001a130000)]
  0x0000000019773000 JavaThread "Java2D Disposer" daemon [_thread_blocked, id=736, stack(0x0000000019f30000,0x000000001a030000)]
  0x00000000176fd800 JavaThread "Service Thread" daemon [_thread_blocked, id=9100, stack(0x0000000019400000,0x0000000019500000)]
  0x00000000176ab000 JavaThread "C1 CompilerThread2" daemon [_thread_blocked, id=3936, stack(0x0000000018f00000,0x0000000019000000)]
  0x00000000176a2800 JavaThread "C2 CompilerThread1" daemon [_thread_blocked, id=13428, stack(0x0000000018e00000,0x0000000018f00000)]
  0x00000000176a0000 JavaThread "C2 CompilerThread0" daemon [_thread_blocked, id=13604, stack(0x0000000018d00000,0x0000000018e00000)]
  0x000000001769e800 JavaThread "Attach Listener" daemon [_thread_blocked, id=3224, stack(0x0000000018c00000,0x0000000018d00000)]
  0x000000001769d000 JavaThread "Signal Dispatcher" daemon [_thread_blocked, id=12140, stack(0x0000000018b00000,0x0000000018c00000)]
  0x0000000002b4a000 JavaThread "Finalizer" daemon [_thread_blocked, id=10796, stack(0x0000000018910000,0x0000000018a10000)]
  0x0000000002b41000 JavaThread "Reference Handler" daemon [_thread_blocked, id=5356, stack(0x0000000018810000,0x0000000018910000)]

Other Threads:
  0x0000000017667000 VMThread [stack: 0x0000000018710000,0x0000000018810000] [id=2672]
  0x000000001904f000 WatcherThread [stack: 0x0000000019500000,0x0000000019600000] [id=12904]

VM state:not at safepoint (normal execution)

VM Mutex/Monitor currently owned by a thread: None

Heap:
 PSYoungGen      total 38400K, used 26333K [0x00000000d5d80000, 0x00000000d8800000, 0x0000000100000000)
  eden space 33280K, 79% used [0x00000000d5d80000,0x00000000d77374b0,0x00000000d7e00000)
  from space 5120K, 0% used [0x00000000d8300000,0x00000000d8300000,0x00000000d8800000)
  to   space 5120K, 0% used [0x00000000d7e00000,0x00000000d7e00000,0x00000000d8300000)
 ParOldGen       total 87552K, used 0K [0x0000000081800000, 0x0000000086d80000, 0x00000000d5d80000)
  object space 87552K, 0% used [0x0000000081800000,0x0000000081800000,0x0000000086d80000)
 Metaspace       used 15552K, capacity 15782K, committed 15872K, reserved 1062912K
  class space    used 1912K, capacity 1994K, committed 2048K, reserved 1048576K

Card table byte_map: [0x0000000011f10000,0x0000000012310000] byte_map_base: 0x0000000011b04000

Marking Bits: (ParMarkBitMap*) 0x000000007772a6c0
 Begin Bits: [0x00000000129c0000, 0x0000000014960000)
 End Bits:   [0x0000000014960000, 0x0000000016900000)

Polling page: 0x0000000001030000

CodeCache: size=245760Kb used=4901Kb max_used=4901Kb free=240858Kb
 bounds [0x0000000002b50000, 0x0000000003020000, 0x0000000011b50000]
 total_blobs=2121 nmethods=1515 adapters=518
 compilation: enabled

Compilation events (10 events):
Event: 15.981 Thread 0x00000000176ab000 1512       3       javax.swing.plaf.nimbus.NimbusLookAndFeel::deriveARGB (123 bytes)
Event: 15.983 Thread 0x00000000176ab000 nmethod 1512 0x0000000003015990 code [0x0000000003015c40, 0x0000000003017258]
Event: 15.986 Thread 0x00000000176ab000 1513       3       sun.java2d.SunGraphics2D::getClipBounds (21 bytes)
Event: 15.987 Thread 0x00000000176ab000 nmethod 1513 0x0000000003017990 code [0x0000000003017b20, 0x0000000003017fc8]
Event: 15.987 Thread 0x00000000176ab000 1514       3       sun.java2d.SunGraphics2D::getClipBounds (102 bytes)
Event: 15.990 Thread 0x00000000176ab000 nmethod 1514 0x0000000003018210 code [0x00000000030184c0, 0x0000000003019c28]
Event: 15.990 Thread 0x00000000176ab000 1515       1       javax.swing.plaf.basic.BasicButtonUI::getPropertyPrefix (3 bytes)
Event: 15.990 Thread 0x00000000176ab000 nmethod 1515 0x000000000301a350 code [0x000000000301a4a0, 0x000000000301a5b0]
Event: 15.990 Thread 0x00000000176ab000 1516       3       java.util.ArrayList::<init> (61 bytes)
Event: 15.991 Thread 0x00000000176ab000 nmethod 1516 0x000000000301a610 code [0x000000000301a820, 0x000000000301b298]

GC Heap History (0 events):
No events

Deoptimization events (10 events):
Event: 1.827 Thread 0x000000000294d800 Uncommon trap: reason=class_check action=maybe_recompile pc=0x0000000002e03a70 method=java.util.HashMap.putVal(ILjava/lang/Object;Ljava/lang/Object;ZZ)Ljava/lang/Object; @ 253
Event: 1.831 Thread 0x00000000197c5800 Uncommon trap: reason=unstable_if action=reinterpret pc=0x0000000002d7ef2c method=java.awt.MultipleGradientPaintContext.indexIntoGradientsArrays(F)I @ 24
Event: 1.850 Thread 0x00000000197c5800 Uncommon trap: reason=unstable_if action=reinterpret pc=0x0000000002e1056c method=java.awt.MultipleGradientPaintContext.indexIntoGradientsArrays(F)I @ 13
Event: 2.136 Thread 0x000000000294d800 Uncommon trap: reason=unstable_if action=reinterpret pc=0x0000000002e49044 method=org.sqlite.SQLiteJDBCLoader.contentsEquals(Ljava/io/InputStream;Ljava/io/InputStream;)Z @ 39
Event: 2.580 Thread 0x00000000197c5800 Uncommon trap: reason=class_check action=maybe_recompile pc=0x0000000002cc4868 method=java.lang.String.equals(Ljava/lang/Object;)Z @ 8
Event: 2.580 Thread 0x00000000197c5800 Uncommon trap: reason=class_check action=maybe_recompile pc=0x0000000002cc4868 method=java.lang.String.equals(Ljava/lang/Object;)Z @ 8
Event: 2.580 Thread 0x00000000197c5800 Uncommon trap: reason=class_check action=maybe_recompile pc=0x0000000002cc4868 method=java.lang.String.equals(Ljava/lang/Object;)Z @ 8
Event: 3.490 Thread 0x00000000197c5800 Uncommon trap: reason=unstable_if action=reinterpret pc=0x0000000002e25ad4 method=java.util.HashMap.putVal(ILjava/lang/Object;Ljava/lang/Object;ZZ)Ljava/lang/Object; @ 109
Event: 3.506 Thread 0x00000000193fa800 Uncommon trap: reason=range_check action=make_not_entrant pc=0x0000000002d7a5d8 method=java.awt.image.DirectColorModel.setFields()V @ 65
Event: 3.589 Thread 0x00000000197c5800 Uncommon trap: reason=class_check action=maybe_recompile pc=0x0000000002cc4868 method=java.lang.String.equals(Ljava/lang/Object;)Z @ 8

Internal exceptions (10 events):
Event: 3.454 Thread 0x00000000197c5800 Exception <a 'java/lang/ClassNotFoundException': ToolBar> (0x00000000d6f3ee18) thrown at [C:\re\workspace\8-2-build-windows-amd64-cygwin\jdk8u102\7268\hotspot\src\share\vm\classfile\systemDictionary.cpp, line 210]
Event: 3.454 Thread 0x00000000197c5800 Exception <a 'java/lang/ClassNotFoundException': ToggleButton> (0x00000000d6f3f5b0) thrown at [C:\re\workspace\8-2-build-windows-amd64-cygwin\jdk8u102\7268\hotspot\src\share\vm\classfile\systemDictionary.cpp, line 210]
Event: 3.454 Thread 0x00000000197c5800 Exception <a 'java/lang/ClassNotFoundException': javax/swing/JToolBarSeparator> (0x00000000d6f3fbf8) thrown at [C:\re\workspace\8-2-build-windows-amd64-cygwin\jdk8u102\7268\hotspot\src\share\vm\classfile\systemDictionary.cpp, line 210]
Event: 3.454 Thread 0x00000000197c5800 Exception <a 'java/lang/ClassNotFoundException': ToolBarSeparator> (0x00000000d6f40278) thrown at [C:\re\workspace\8-2-build-windows-amd64-cygwin\jdk8u102\7268\hotspot\src\share\vm\classfile\systemDictionary.cpp, line 210]
Event: 3.454 Thread 0x00000000197c5800 Exception <a 'java/lang/ClassNotFoundException': ToolTip> (0x00000000d6f40af8) thrown at [C:\re\workspace\8-2-build-windows-amd64-cygwin\jdk8u102\7268\hotspot\src\share\vm\classfile\systemDictionary.cpp, line 210]
Event: 3.454 Thread 0x00000000197c5800 Exception <a 'java/lang/ClassNotFoundException': Tree> (0x00000000d6f41370) thrown at [C:\re\workspace\8-2-build-windows-amd64-cygwin\jdk8u102\7268\hotspot\src\share\vm\classfile\systemDictionary.cpp, line 210]
Event: 3.454 Thread 0x00000000197c5800 Exception <a 'java/lang/ClassNotFoundException': Tree> (0x00000000d6f41c50) thrown at [C:\re\workspace\8-2-build-windows-amd64-cygwin\jdk8u102\7268\hotspot\src\share\vm\classfile\systemDictionary.cpp, line 210]
Event: 3.454 Thread 0x00000000197c5800 Exception <a 'java/lang/ClassNotFoundException': javax/swing/JTreeCell> (0x00000000d6f421b8) thrown at [C:\re\workspace\8-2-build-windows-amd64-cygwin\jdk8u102\7268\hotspot\src\share\vm\classfile\systemDictionary.cpp, line 210]
Event: 3.454 Thread 0x00000000197c5800 Exception <a 'java/lang/ClassNotFoundException': TreeCell> (0x00000000d6f42828) thrown at [C:\re\workspace\8-2-build-windows-amd64-cygwin\jdk8u102\7268\hotspot\src\share\vm\classfile\systemDictionary.cpp, line 210]
Event: 3.454 Thread 0x00000000197c5800 Exception <a 'java/lang/ClassNotFoundException': RootPane> (0x00000000d6f43230) thrown at [C:\re\workspace\8-2-build-windows-amd64-cygwin\jdk8u102\7268\hotspot\src\share\vm\classfile\systemDictionary.cpp, line 210]

Events (10 events):
Event: 4.248 loading class javax/swing/Timer$1 done
Event: 8.512 Thread 0x00000000193fa800 Thread exited: 0x00000000193fa800
Event: 13.696 loading class dislin/plot_1D
Event: 13.696 loading class dislin/plot_1D done
Event: 13.697 loading class de/dislin/Dislin
Event: 13.697 loading class de/dislin/Dislin done
Event: 13.701 loading class java/lang/ClassLoaderHelper
Event: 13.701 loading class java/lang/ClassLoaderHelper done
Event: 16.040 loading class dislin/plot_2D
Event: 16.040 loading class dislin/plot_2D done


Dynamic libraries:
0x00007ff71cc00000 - 0x00007ff71cc37000 	C:\Program Files\Java\jdk1.8.0_102\bin\java.exe
0x00007ffdc4df0000 - 0x00007ffdc4fc2000 	C:\WINDOWS\SYSTEM32\ntdll.dll
0x00007ffdc4270000 - 0x00007ffdc431c000 	C:\WINDOWS\System32\KERNEL32.DLL
0x00007ffdaab10000 - 0x00007ffdaab44000 	C:\Program Files\AVAST Software\Avast\x64\aswhooka.dll
0x00007ffdc1730000 - 0x00007ffdc194d000 	C:\WINDOWS\System32\KERNELBASE.dll
0x00007ffdc44d0000 - 0x00007ffdc4572000 	C:\WINDOWS\System32\ADVAPI32.dll
0x00007ffdc43c0000 - 0x00007ffdc445e000 	C:\WINDOWS\System32\msvcrt.dll
0x00007ffdc4590000 - 0x00007ffdc45e9000 	C:\WINDOWS\System32\sechost.dll
0x00007ffdc49b0000 - 0x00007ffdc4ad1000 	C:\WINDOWS\System32\RPCRT4.dll
0x00007ffdc4ae0000 - 0x00007ffdc4c45000 	C:\WINDOWS\System32\USER32.dll
0x00007ffdc1610000 - 0x00007ffdc162e000 	C:\WINDOWS\System32\win32u.dll
0x00007ffdc4170000 - 0x00007ffdc41a4000 	C:\WINDOWS\System32\GDI32.dll
0x00007ffdc20e0000 - 0x00007ffdc2260000 	C:\WINDOWS\System32\gdi32full.dll
0x00007ffdb22a0000 - 0x00007ffdb251a000 	C:\WINDOWS\WinSxS\amd64_microsoft.windows.common-controls_6595b64144ccf1df_6.0.14393.953_none_42151e83c686086b\COMCTL32.dll
0x00007ffdc2380000 - 0x00007ffdc2648000 	C:\WINDOWS\System32\combase.dll
0x00007ffdc1630000 - 0x00007ffdc1725000 	C:\WINDOWS\System32\ucrtbase.dll
0x00007ffdc2310000 - 0x00007ffdc237a000 	C:\WINDOWS\System32\bcryptPrimitives.dll
0x00007ffdc4750000 - 0x00007ffdc477e000 	C:\WINDOWS\System32\IMM32.DLL
0x00000000505b0000 - 0x0000000050681000 	C:\Program Files\Java\jdk1.8.0_102\jre\bin\msvcr100.dll
0x0000000076f10000 - 0x00000000777aa000 	C:\Program Files\Java\jdk1.8.0_102\jre\bin\server\jvm.dll
0x00007ffdc2650000 - 0x00007ffdc2658000 	C:\WINDOWS\System32\PSAPI.DLL
0x00007ffdbe280000 - 0x00007ffdbe289000 	C:\WINDOWS\SYSTEM32\WSOCK32.dll
0x00007ffdc4460000 - 0x00007ffdc44ca000 	C:\WINDOWS\System32\WS2_32.dll
0x00007ffdbf790000 - 0x00007ffdbf7b3000 	C:\WINDOWS\SYSTEM32\WINMM.dll
0x00007ffdb0690000 - 0x00007ffdb069a000 	C:\WINDOWS\SYSTEM32\VERSION.dll
0x00007ffdbf760000 - 0x00007ffdbf78b000 	C:\WINDOWS\SYSTEM32\WINMMBASE.dll
0x00007ffdc1350000 - 0x00007ffdc1392000 	C:\WINDOWS\System32\cfgmgr32.dll
0x0000000050050000 - 0x000000005005f000 	C:\Program Files\Java\jdk1.8.0_102\jre\bin\verify.dll
0x0000000050020000 - 0x0000000050049000 	C:\Program Files\Java\jdk1.8.0_102\jre\bin\java.dll
0x0000000050000000 - 0x0000000050016000 	C:\Program Files\Java\jdk1.8.0_102\jre\bin\zip.dll
0x00007ffdc2660000 - 0x00007ffdc3b69000 	C:\WINDOWS\System32\SHELL32.dll
0x00007ffdc1950000 - 0x00007ffdc2029000 	C:\WINDOWS\System32\windows.storage.dll
0x00007ffdc1260000 - 0x00007ffdc12ac000 	C:\WINDOWS\System32\powrprof.dll
0x00007ffdc4110000 - 0x00007ffdc4162000 	C:\WINDOWS\System32\shlwapi.dll
0x00007ffdc12b0000 - 0x00007ffdc12bf000 	C:\WINDOWS\System32\kernel.appcore.dll
0x00007ffdc2260000 - 0x00007ffdc2309000 	C:\WINDOWS\System32\shcore.dll
0x00007ffdc12d0000 - 0x00007ffdc12e4000 	C:\WINDOWS\System32\profapi.dll
0x0000000076d70000 - 0x0000000076f08000 	C:\Program Files\Java\jdk1.8.0_102\jre\bin\awt.dll
0x00007ffdc41b0000 - 0x00007ffdc426f000 	C:\WINDOWS\System32\OLEAUT32.dll
0x00007ffdc13a0000 - 0x00007ffdc143c000 	C:\WINDOWS\System32\msvcp_win.dll
0x00007ffdbf8e0000 - 0x00007ffdbf95a000 	C:\WINDOWS\SYSTEM32\apphelp.dll
0x00007ffdbf9c0000 - 0x00007ffdbfa55000 	C:\WINDOWS\system32\uxtheme.dll
0x00007ffdc45f0000 - 0x00007ffdc474a000 	C:\WINDOWS\System32\MSCTF.dll
0x00007ffdbf060000 - 0x00007ffdbf086000 	C:\WINDOWS\system32\dwmapi.dll
0x00007ffdc3fd0000 - 0x00007ffdc4108000 	C:\WINDOWS\System32\ole32.dll
0x0000000076d20000 - 0x0000000076d67000 	C:\Program Files\Java\jdk1.8.0_102\jre\bin\fontmanager.dll
0x0000000076d00000 - 0x0000000076d1a000 	C:\Program Files\Java\jdk1.8.0_102\jre\bin\net.dll
0x00007ffdc0b90000 - 0x00007ffdc0bec000 	C:\WINDOWS\system32\mswsock.dll
0x0000000076ce0000 - 0x0000000076cf1000 	C:\Program Files\Java\jdk1.8.0_102\jre\bin\nio.dll
0x0000000076c90000 - 0x0000000076cd2000 	C:\Program Files\Java\jdk1.8.0_102\jre\bin\t2k.dll
0x0000000076c60000 - 0x0000000076c8a000 	C:\Program Files\Java\jdk1.8.0_102\jre\bin\dcpr.dll
0x00007ffdc0d30000 - 0x00007ffdc0d47000 	C:\WINDOWS\SYSTEM32\CRYPTSP.dll
0x00007ffdc0790000 - 0x00007ffdc07c3000 	C:\WINDOWS\system32\rsaenh.dll
0x00007ffdc0e40000 - 0x00007ffdc0e6b000 	C:\WINDOWS\SYSTEM32\bcrypt.dll
0x00007ffdc0a10000 - 0x00007ffdc0a2f000 	C:\WINDOWS\SYSTEM32\USERENV.dll
0x00007ffdc0d50000 - 0x00007ffdc0d5b000 	C:\WINDOWS\SYSTEM32\CRYPTBASE.dll
0x00007ffdc0910000 - 0x00007ffdc0948000 	C:\WINDOWS\SYSTEM32\IPHLPAPI.DLL
0x00007ffdc3b70000 - 0x00007ffdc3b78000 	C:\WINDOWS\System32\NSI.dll
0x00007ffdb9530000 - 0x00007ffdb9546000 	C:\WINDOWS\SYSTEM32\dhcpcsvc6.DLL
0x00007ffdb98e0000 - 0x00007ffdb98fa000 	C:\WINDOWS\SYSTEM32\dhcpcsvc.DLL
0x000000006cd80000 - 0x000000006ce70000 	C:\Users\Jozef\AppData\Local\Temp\sqlite-3.16.1-ff9f24fd-647c-4187-8fd3-8a88f5797e9c-sqlitejdbc.dll
0x00007ffdc4320000 - 0x00007ffdc43bf000 	C:\WINDOWS\System32\clbcatq.dll
0x00007ffdbe780000 - 0x00007ffdbe928000 	C:\WINDOWS\SYSTEM32\WindowsCodecs.dll
0x00007ffda40d0000 - 0x00007ffda4119000 	C:\WINDOWS\system32\dataexchange.dll
0x00007ffdbd960000 - 0x00007ffdbdc16000 	C:\WINDOWS\system32\d3d11.dll
0x00007ffdbf2b0000 - 0x00007ffdbf401000 	C:\WINDOWS\system32\dcomp.dll
0x00007ffdc0300000 - 0x00007ffdc039f000 	C:\WINDOWS\system32\dxgi.dll
0x00007ffdbfd60000 - 0x00007ffdbfe7c000 	C:\WINDOWS\system32\twinapi.appcore.dll
0x00007ffd89e00000 - 0x00007ffd89fac000 	C:\dislin\win\disjava.dll
0x00007ffda3e10000 - 0x00007ffda3f33000 	C:\WINDOWS\SYSTEM32\OPENGL32.dll
0x00007ffda4430000 - 0x00007ffda445d000 	C:\WINDOWS\SYSTEM32\GLU32.dll
0x00007ffda4150000 - 0x00007ffda4247000 	C:\WINDOWS\SYSTEM32\DDRAW.dll
0x00007ffda43b0000 - 0x00007ffda43b8000 	C:\WINDOWS\SYSTEM32\DCIMAN32.dll
0x00007ffdb8670000 - 0x00007ffdb8802000 	C:\WINDOWS\SYSTEM32\dbghelp.dll

VM Arguments:
jvm_args: -Dfile.encoding=UTF-8 
java_command: emft_vol2.main_class
java_class_path (initial): C:\Users\Jozef\AppData\Roaming\NetBeans\8.1\modules\ext\sqlite-jdbc-3.16.1.jar;C:\Users\Jozef\Documents\NetBeansProjects\EMFTvol2\log4j-1.2.15.jar;C:\Users\Jozef\Documents\NetBeansProjects\EMFTvol2\jdelaunay-master.zip;C:\Users\Jozef\Documents\NetBeansProjects\EMFTvol2\EMFT_vol2\delaunay.jar;C:\Users\Jozef\Documents\NetBeansProjects\EMFTvol2\EMFT_vol2\quickhull-src.jar;C:\Users\Jozef\Documents\NetBeansProjects\EMFTvol2\EMFT_vol2\Dislin.jar;C:\Users\Jozef\Documents\NetBeansProjects\EMFTvol2\EMFT_vol2\commons-math-2.2\commons-math-2.2-javadoc.jar;C:\Users\Jozef\Documents\NetBeansProjects\EMFTvol2\EMFT_vol2\commons-math-2.2\commons-math-2.2-sources.jar;C:\Users\Jozef\Documents\NetBeansProjects\EMFTvol2\EMFT_vol2\commons-math-2.2\commons-math-2.2.jar;C:\Users\Jozef\Documents\NetBeansProjects\EMFTvol2\EMFT_vol2\build\classes
Launcher Type: SUN_STANDARD

Environment Variables:
PATH=C:\Program Files (x86)\PC Connectivity Solution\;C:\ProgramData\Oracle\Java\javapath;C:\Program Files (x86)\Intel\iCLS Client\;C:\Program Files\Intel\iCLS Client\;C:\WINDOWS\system32;C:\WINDOWS;C:\WINDOWS\System32\Wbem;C:\WINDOWS\System32\WindowsPowerShell\v1.0\;C:\Program Files (x86)\Intel\Intel(R) Management Engine Components\DAL;C:\Program Files\Intel\Intel(R) Management Engine Components\DAL;C:\Program Files (x86)\Intel\Intel(R) Management Engine Components\IPT;C:\Program Files\Intel\Intel(R) Management Engine Components\IPT;C:\Program Files (x86)\Pico Technology\PicoScope6\;C:\Program Files\Intel\WiFi\bin\;C:\Program Files\Common Files\Intel\WirelessCommon\;C:\Users\Jozef\AppData\Local\Programs\MiKTeX 2.9\miktex\bin\x64\;C:\myPF\miktex\bin\x64\;C:\MinGW\bin;C:\MinGW\msys\1.0\bin;c:\dislin\win;%USERPROFILE%\AppData\Local\Microsoft\WindowsApps;
USERNAME=Jozef
OS=Windows_NT
PROCESSOR_IDENTIFIER=Intel64 Family 6 Model 78 Stepping 3, GenuineIntel



---------------  S Y S T E M  ---------------

OS: Windows 10.0 , 64 bit Build 14393 (10.0.14393.1198)

CPU:total 4 (2 cores per cpu, 2 threads per core) family 6 model 78 stepping 3, cmov, cx8, fxsr, mmx, sse, sse2, sse3, ssse3, sse4.1, sse4.2, popcnt, avx, avx2, aes, clmul, erms, 3dnowpref, lzcnt, ht, tsc, tscinvbit, bmi1, bmi2, adx

Memory: 4k page, physical 8282200k(2572548k free), swap 11199548k(3072952k free)

vm_info: Java HotSpot(TM) 64-Bit Server VM (25.102-b14) for windows-amd64 JRE (1.8.0_102-b14), built on Jun 22 2016 13:15:21 by "java_re" with MS VC++ 10.0 (VS2010)

time: Tue Feb 06 15:45:50 2018
elapsed time: 16 seconds (0d 0h 0m 16s)

