#
# A fatal error has been detected by the Java Runtime Environment:
#
#  EXCEPTION_ACCESS_VIOLATION (0xc0000005) at pc=0x0000000072ea9a4b, pid=13216, tid=0x00000000000028b4
#
# JRE version: Java(TM) SE Runtime Environment (8.0_102-b14) (build 1.8.0_102-b14)
# Java VM: Java HotSpot(TM) 64-Bit Server VM (25.102-b14 mixed mode windows-amd64 compressed oops)
# Problematic frame:
# V  [jvm.dll+0x159a4b]
#
# Failed to write core dump. Minidumps are not enabled by default on client versions of Windows
#
# If you would like to submit a bug report, please visit:
#   http://bugreport.java.com/bugreport/crash.jsp
#

---------------  T H R E A D  ---------------

Current thread (0x00000000190de800):  JavaThread "AWT-EventQueue-0" [_thread_in_vm, id=10420, stack(0x000000001ace0000,0x000000001ade0000)]

siginfo: ExceptionCode=0xc0000005, reading address 0x0000000000000000

Registers:
RAX=0x0000000000000000, RBX=0x00000000190de800, RCX=0x0000000000000e80, RDX=0x0000000000000000
RSP=0x000000001addc920, RBP=0x0000000000000000, RSI=0x00000000110d4000, RDI=0x0000000000000000
R8 =0x0000000000000000, R9 =0x0000000000000000, R10=0x4044000000000000, R11=0x0000000018a50e50
R12=0x0000000000000000, R13=0x0000000019e51b78, R14=0x000000001addca78, R15=0x00000000190de800
RIP=0x0000000072ea9a4b, EFLAGS=0x0000000000010202

Top of Stack: (sp=0x000000001addc920)
0x000000001addc920:   000000000000000a 00000000190de800
0x000000001addc930:   0000000000000000 00000000190de800
0x000000001addc940:   0000000019017be0 0000000072e08152
0x000000001addc950:   000000001adddac8 0000000000000000
0x000000001addc960:   0000000019e51b78 000000001a3dadd0
0x000000001addc970:   000000001addca78 00000000021283fd
0x000000001addc980:   0000000019e51b78 00007ffadb806ad3
0x000000001addc990:   000000001addca48 00000000110d4000
0x000000001addc9a0:   0000000000000000 0000000019e51b78
0x000000001addc9b0:   0000000018a50e50 0000000000000000
0x000000001addc9c0:   000000001addca48 0000000002140fec
0x000000001addc9d0:   00000000190de9f8 000000001addca58
0x000000001addc9e0:   000000001addca78 0000000000000000
0x000000001addc9f0:   000000000000000a 00000000110d4000
0x000000001addca00:   0000000002140b71 000000001addca08
0x000000001addca10:   0000000019e51b78 000000001addca78 

Instructions: (pc=0x0000000072ea9a4b)
0x0000000072ea9a2b:   a9 00 00 00 30 74 08 48 8b cb e8 b6 87 0e 00 c7
0x0000000072ea9a3b:   83 70 02 00 00 06 00 00 00 80 3d 16 19 6b 00 00
0x0000000072ea9a4b:   4c 8b 2f 41 bc 10 00 00 00 41 be 0c 00 00 00 41
0x0000000072ea9a5b:   8b c4 41 0f 45 c6 48 98 4a 63 3c 28 85 ff 75 0d 


Register to memory mapping:

RAX=0x0000000000000000 is an unknown value
RBX=0x00000000190de800 is a thread
RCX=0x0000000000000e80 is an unknown value
RDX=0x0000000000000000 is an unknown value
RSP=0x000000001addc920 is pointing into the stack for thread: 0x00000000190de800
RBP=0x0000000000000000 is an unknown value
RSI=0x00000000110d4000 is an unknown value
RDI=0x0000000000000000 is an unknown value
R8 =0x0000000000000000 is an unknown value
R9 =0x0000000000000000 is an unknown value
R10=0x4044000000000000 is an unknown value
R11=0x0000000018a50e50 is an unknown value
R12=0x0000000000000000 is an unknown value
R13={method} {0x0000000019e51b80} 'curve' '([D[DI)V' in 'de/dislin/Dislin'
R14=0x000000001addca78 is pointing into the stack for thread: 0x00000000190de800
R15=0x00000000190de800 is a thread


Stack: [0x000000001ace0000,0x000000001ade0000],  sp=0x000000001addc920,  free space=1010k
Native frames: (J=compiled Java code, j=interpreted, Vv=VM code, C=native code)

Java frames: (J=compiled Java code, j=interpreted, Vv=VM code)
j  de.dislin.Dislin.curve([D[DI)V+0
j  dislin.plot_1D.run1D_yn()V+444
j  dislin.plot_1D.draw_1D_yn()V+1
j  InternalFrame.terenmodel_jDialog.jButton_ulozitActionPerformed(Ljava/awt/event/ActionEvent;)V+775
j  InternalFrame.terenmodel_jDialog.access$1000(LInternalFrame/terenmodel_jDialog;Ljava/awt/event/ActionEvent;)V+2
j  InternalFrame.terenmodel_jDialog$11.actionPerformed(Ljava/awt/event/ActionEvent;)V+5
j  javax.swing.AbstractButton.fireActionPerformed(Ljava/awt/event/ActionEvent;)V+83
j  javax.swing.AbstractButton$Handler.actionPerformed(Ljava/awt/event/ActionEvent;)V+5
j  javax.swing.DefaultButtonModel.fireActionPerformed(Ljava/awt/event/ActionEvent;)V+34
j  javax.swing.DefaultButtonModel.setPressed(Z)V+117
j  javax.swing.plaf.basic.BasicButtonListener.mouseReleased(Ljava/awt/event/MouseEvent;)V+35
j  java.awt.Component.processMouseEvent(Ljava/awt/event/MouseEvent;)V+64
j  javax.swing.JComponent.processMouseEvent(Ljava/awt/event/MouseEvent;)V+23
J 2318 C1 java.awt.Component.processEvent(Ljava/awt/AWTEvent;)V (220 bytes) @ 0x000000000287b89c [0x000000000287b360+0x53c]
J 2043 C1 java.awt.Container.processEvent(Ljava/awt/AWTEvent;)V (22 bytes) @ 0x00000000027d19ac [0x00000000027d1660+0x34c]
J 1795 C1 java.awt.Component.dispatchEventImpl(Ljava/awt/AWTEvent;)V (883 bytes) @ 0x00000000026d714c [0x00000000026d1c00+0x554c]
J 1027 C1 java.awt.Container.dispatchEventImpl(Ljava/awt/AWTEvent;)V (129 bytes) @ 0x00000000024a3e24 [0x00000000024a3ce0+0x144]
J 2270 C1 java.awt.LightweightDispatcher.retargetMouseEvent(Ljava/awt/Component;ILjava/awt/event/MouseEvent;)V (350 bytes) @ 0x000000000285ffac [0x000000000285da40+0x256c]
J 1812 C1 java.awt.LightweightDispatcher.processMouseEvent(Ljava/awt/event/MouseEvent;)Z (286 bytes) @ 0x00000000026f0104 [0x00000000026ee980+0x1784]
J 2022 C1 java.awt.LightweightDispatcher.dispatchEvent(Ljava/awt/AWTEvent;)Z (73 bytes) @ 0x00000000027c22b4 [0x00000000027c1e80+0x434]
J 1027 C1 java.awt.Container.dispatchEventImpl(Ljava/awt/AWTEvent;)V (129 bytes) @ 0x00000000024a3dc4 [0x00000000024a3ce0+0xe4]
J 1746 C1 java.awt.Window.dispatchEventImpl(Ljava/awt/AWTEvent;)V (23 bytes) @ 0x00000000026a5e6c [0x00000000026a5880+0x5ec]
J 1034 C1 java.awt.EventQueue.dispatchEventImpl(Ljava/awt/AWTEvent;Ljava/lang/Object;)V (149 bytes) @ 0x00000000024a9434 [0x00000000024a7bc0+0x1874]
J 1032 C1 java.awt.EventQueue$3.run()Ljava/lang/Void; (60 bytes) @ 0x00000000024a63dc [0x00000000024a61c0+0x21c]
J 1031 C1 java.awt.EventQueue$3.run()Ljava/lang/Object; (5 bytes) @ 0x00000000024a1554 [0x00000000024a14c0+0x94]
v  ~StubRoutines::call_stub
J 790  java.security.AccessController.doPrivileged(Ljava/security/PrivilegedAction;Ljava/security/AccessControlContext;)Ljava/lang/Object; (0 bytes) @ 0x00000000023fd426 [0x00000000023fd3c0+0x66]
J 1747 C1 java.awt.EventQueue$4.run()Ljava/lang/Object; (5 bytes) @ 0x00000000026a67fc [0x00000000026a63c0+0x43c]
v  ~StubRoutines::call_stub
J 790  java.security.AccessController.doPrivileged(Ljava/security/PrivilegedAction;Ljava/security/AccessControlContext;)Ljava/lang/Object; (0 bytes) @ 0x00000000023fd426 [0x00000000023fd3c0+0x66]
J 960 C1 java.awt.EventQueue.dispatchEvent(Ljava/awt/AWTEvent;)V (80 bytes) @ 0x00000000024767a4 [0x0000000002475900+0xea4]
J 967 C1 java.awt.EventDispatchThread.pumpOneEventForFilters(I)V (295 bytes) @ 0x000000000247b134 [0x00000000024793e0+0x1d54]
j  java.awt.EventDispatchThread.pumpEventsForFilter(ILjava/awt/Conditional;Ljava/awt/EventFilter;)V+35
j  java.awt.EventDispatchThread.pumpEventsForHierarchy(ILjava/awt/Conditional;Ljava/awt/Component;)V+11
j  java.awt.EventDispatchThread.pumpEvents(ILjava/awt/Conditional;)V+4
j  java.awt.EventDispatchThread.pumpEvents(Ljava/awt/Conditional;)V+3
j  java.awt.EventDispatchThread.run()V+9
v  ~StubRoutines::call_stub

---------------  P R O C E S S  ---------------

Java Threads: ( => current thread )
  0x0000000019187800 JavaThread "Swing-Shell" daemon [_thread_blocked, id=9392, stack(0x000000001dcc0000,0x000000001ddc0000)]
  0x00000000192fa800 JavaThread "TimerQueue" daemon [_thread_blocked, id=4136, stack(0x000000001b820000,0x000000001b920000)]
  0x0000000002022800 JavaThread "DestroyJavaVM" [_thread_blocked, id=16692, stack(0x0000000001ea0000,0x0000000001fa0000)]
  0x0000000019102800 JavaThread "org.netbeans.modules.debugger.jpda.visual AWT Access Loop" daemon [_thread_blocked, id=11856, stack(0x000000001ade0000,0x000000001aee0000)]
=>0x00000000190de800 JavaThread "AWT-EventQueue-0" [_thread_in_vm, id=10420, stack(0x000000001ace0000,0x000000001ade0000)]
  0x0000000019076000 JavaThread "AWT-Windows" daemon [_thread_in_native, id=12756, stack(0x00000000199e0000,0x0000000019ae0000)]
  0x0000000019075800 JavaThread "AWT-Shutdown" [_thread_blocked, id=9828, stack(0x00000000198e0000,0x00000000199e0000)]
  0x0000000019074800 JavaThread "Java2D Disposer" daemon [_thread_blocked, id=188, stack(0x00000000197e0000,0x00000000198e0000)]
  0x00000000186fe800 JavaThread "Service Thread" daemon [_thread_blocked, id=15024, stack(0x0000000018cb0000,0x0000000018db0000)]
  0x0000000016cce000 JavaThread "C1 CompilerThread2" daemon [_thread_blocked, id=5020, stack(0x0000000018bb0000,0x0000000018cb0000)]
  0x0000000016ccd000 JavaThread "C2 CompilerThread1" daemon [_thread_blocked, id=13392, stack(0x0000000018ab0000,0x0000000018bb0000)]
  0x0000000016c9a000 JavaThread "C2 CompilerThread0" daemon [_thread_blocked, id=11092, stack(0x00000000185b0000,0x00000000186b0000)]
  0x0000000016c94000 JavaThread "JDWP Command Reader" daemon [_thread_in_native, id=9992, stack(0x00000000184b0000,0x00000000185b0000)]
  0x0000000016c86000 JavaThread "JDWP Event Helper Thread" daemon [_thread_blocked, id=12832, stack(0x00000000183b0000,0x00000000184b0000)]
  0x0000000016c7a000 JavaThread "JDWP Transport Listener: dt_shmem" daemon [_thread_blocked, id=1520, stack(0x00000000182b0000,0x00000000183b0000)]
  0x0000000016c70800 JavaThread "Attach Listener" daemon [_thread_blocked, id=10908, stack(0x00000000181b0000,0x00000000182b0000)]
  0x0000000016c6f000 JavaThread "Signal Dispatcher" daemon [_thread_blocked, id=10900, stack(0x00000000180b0000,0x00000000181b0000)]
  0x000000000211b000 JavaThread "Finalizer" daemon [_thread_blocked, id=9040, stack(0x0000000017ec0000,0x0000000017fc0000)]
  0x0000000002110000 JavaThread "Reference Handler" daemon [_thread_blocked, id=16148, stack(0x0000000017dc0000,0x0000000017ec0000)]

Other Threads:
  0x0000000016c38000 VMThread [stack: 0x0000000017cc0000,0x0000000017dc0000] [id=15640]
  0x000000001870a000 WatcherThread [stack: 0x0000000018db0000,0x0000000018eb0000] [id=7696]

VM state:not at safepoint (normal execution)

VM Mutex/Monitor currently owned by a thread: None

Heap:
 PSYoungGen      total 38400K, used 13244K [0x00000000d5d80000, 0x00000000d8800000, 0x0000000100000000)
  eden space 33280K, 24% used [0x00000000d5d80000,0x00000000d6571da0,0x00000000d7e00000)
  from space 5120K, 99% used [0x00000000d7e00000,0x00000000d82fd4a8,0x00000000d8300000)
  to   space 5120K, 0% used [0x00000000d8300000,0x00000000d8300000,0x00000000d8800000)
 ParOldGen       total 87552K, used 5898K [0x0000000081800000, 0x0000000086d80000, 0x00000000d5d80000)
  object space 87552K, 6% used [0x0000000081800000,0x0000000081dc2b38,0x0000000086d80000)
 Metaspace       used 20256K, capacity 20478K, committed 20864K, reserved 1067008K
  class space    used 2523K, capacity 2618K, committed 2688K, reserved 1048576K

Card table byte_map: [0x00000000114e0000,0x00000000118e0000] byte_map_base: 0x00000000110d4000

Marking Bits: (ParMarkBitMap*) 0x000000007356a6c0
 Begin Bits: [0x0000000011f90000, 0x0000000013f30000)
 End Bits:   [0x0000000013f30000, 0x0000000015ed0000)

Polling page: 0x0000000000690000

CodeCache: size=245760Kb used=7759Kb max_used=7770Kb free=238000Kb
 bounds [0x0000000002120000, 0x00000000028c0000, 0x0000000011120000]
 total_blobs=2926 nmethods=2300 adapters=545
 compilation: enabled

Compilation events (10 events):
Event: 13.557 Thread 0x0000000016cce000 2386       1       sun.util.locale.BaseLocale$Key::hashCode (5 bytes)
Event: 13.557 Thread 0x0000000016cce000 nmethod 2386 0x00000000028bab90 code [0x00000000028bace0, 0x00000000028badf0]
Event: 13.743 Thread 0x0000000016cce000 2388       3       org.netbeans.modules.debugger.jpda.visual.remote.RemoteAWTService::access$400 (4 bytes)
Event: 13.743 Thread 0x0000000016cce000 nmethod 2388 0x00000000028bae50 code [0x00000000028bafa0, 0x00000000028bb0d0]
Event: 26.525 Thread 0x0000000016cce000 2390       3       org.netbeans.modules.debugger.jpda.visual.remote.RemoteAWTService::access$000 (4 bytes)
Event: 26.525 Thread 0x0000000016cce000 nmethod 2390 0x00000000028bb4d0 code [0x00000000028bb620, 0x00000000028bb770]
Event: 26.526 Thread 0x0000000016cce000 2391       3       org.netbeans.modules.debugger.jpda.visual.remote.RemoteAWTService::access$100 (4 bytes)
Event: 26.526 Thread 0x0000000016cce000 nmethod 2391 0x00000000028bb7d0 code [0x00000000028bb920, 0x00000000028bba70]
Event: 65.212 Thread 0x0000000016cce000 2392       1       org.netbeans.modules.debugger.jpda.visual.remote.RemoteAWTService::access$400 (4 bytes)
Event: 65.213 Thread 0x0000000016cce000 nmethod 2392 0x00000000028bbad0 code [0x00000000028bbc20, 0x00000000028bbd10]

GC Heap History (2 events):
Event: 9.821 GC heap before
{Heap before GC invocations=1 (full 0):
 PSYoungGen      total 38400K, used 33280K [0x00000000d5d80000, 0x00000000d8800000, 0x0000000100000000)
  eden space 33280K, 100% used [0x00000000d5d80000,0x00000000d7e00000,0x00000000d7e00000)
  from space 5120K, 0% used [0x00000000d8300000,0x00000000d8300000,0x00000000d8800000)
  to   space 5120K, 0% used [0x00000000d7e00000,0x00000000d7e00000,0x00000000d8300000)
 ParOldGen       total 87552K, used 0K [0x0000000081800000, 0x0000000086d80000, 0x00000000d5d80000)
  object space 87552K, 0% used [0x0000000081800000,0x0000000081800000,0x0000000086d80000)
 Metaspace       used 19251K, capacity 19448K, committed 19968K, reserved 1067008K
  class space    used 2395K, capacity 2489K, committed 2560K, reserved 1048576K
Event: 9.831 GC heap after
Heap after GC invocations=1 (full 0):
 PSYoungGen      total 38400K, used 5109K [0x00000000d5d80000, 0x00000000d8800000, 0x0000000100000000)
  eden space 33280K, 0% used [0x00000000d5d80000,0x00000000d5d80000,0x00000000d7e00000)
  from space 5120K, 99% used [0x00000000d7e00000,0x00000000d82fd4a8,0x00000000d8300000)
  to   space 5120K, 0% used [0x00000000d8300000,0x00000000d8300000,0x00000000d8800000)
 ParOldGen       total 87552K, used 5898K [0x0000000081800000, 0x0000000086d80000, 0x00000000d5d80000)
  object space 87552K, 6% used [0x0000000081800000,0x0000000081dc2b38,0x0000000086d80000)
 Metaspace       used 19251K, capacity 19448K, committed 19968K, reserved 1067008K
  class space    used 2395K, capacity 2489K, committed 2560K, reserved 1048576K
}

Deoptimization events (10 events):
Event: 5.926 Thread 0x00000000190de800 Uncommon trap: reason=class_check action=maybe_recompile pc=0x000000000229a5d4 method=java.lang.String.equals(Ljava/lang/Object;)Z @ 8
Event: 5.927 Thread 0x00000000190de800 Uncommon trap: reason=class_check action=maybe_recompile pc=0x000000000229a5d4 method=java.lang.String.equals(Ljava/lang/Object;)Z @ 8
Event: 6.811 Thread 0x00000000190de800 Uncommon trap: reason=unstable_if action=reinterpret pc=0x00000000024d6734 method=javax.swing.plaf.nimbus.DerivedColor.equals(Ljava/lang/Object;)Z @ 45
Event: 6.811 Thread 0x00000000190de800 Uncommon trap: reason=unstable_if action=reinterpret pc=0x00000000024da8a0 method=javax.swing.plaf.nimbus.DerivedColor.equals(Ljava/lang/Object;)Z @ 45
Event: 7.120 Thread 0x00000000190de800 Uncommon trap: reason=unstable_if action=reinterpret pc=0x00000000025bafdc method=sun.awt.SunToolkit.isInstanceOf(Ljava/lang/Class;Ljava/lang/String;)Z @ 14
Event: 9.802 Thread 0x00000000190de800 Uncommon trap: reason=unstable_if action=reinterpret pc=0x000000000266afb4 method=javax.swing.UIDefaults.getFromResourceBundle(Ljava/lang/Object;Ljava/util/Locale;)Ljava/lang/Object; @ 27
Event: 9.833 Thread 0x00000000190de800 Uncommon trap: reason=unstable_if action=reinterpret pc=0x0000000002782630 method=java.lang.ref.SoftReference.get()Ljava/lang/Object; @ 17
Event: 9.844 Thread 0x00000000190de800 Uncommon trap: reason=unstable_if action=reinterpret pc=0x00000000025c54c0 method=java.lang.ref.SoftReference.get()Ljava/lang/Object; @ 17
Event: 10.248 Thread 0x00000000190de800 Uncommon trap: reason=unstable_if action=reinterpret pc=0x0000000002514364 method=java.util.Hashtable.get(Ljava/lang/Object;)Ljava/lang/Object; @ 48
Event: 10.277 Thread 0x00000000190de800 Uncommon trap: reason=unstable_if action=reinterpret pc=0x000000000272c234 method=javax.swing.plaf.nimbus.NimbusStyle.validate()V @ 916

Internal exceptions (10 events):
Event: 2.503 Thread 0x0000000002022800 Exception <a 'java/lang/ClassNotFoundException': ToolBar> (0x00000000d6309478) thrown at [C:\re\workspace\8-2-build-windows-amd64-cygwin\jdk8u102\7268\hotspot\src\share\vm\classfile\systemDictionary.cpp, line 210]
Event: 2.503 Thread 0x0000000002022800 Exception <a 'java/lang/ClassNotFoundException': ToggleButton> (0x00000000d6309a28) thrown at [C:\re\workspace\8-2-build-windows-amd64-cygwin\jdk8u102\7268\hotspot\src\share\vm\classfile\systemDictionary.cpp, line 210]
Event: 2.503 Thread 0x0000000002022800 Exception <a 'java/lang/ClassNotFoundException': javax/swing/JToolBarSeparator> (0x00000000d6309e88) thrown at [C:\re\workspace\8-2-build-windows-amd64-cygwin\jdk8u102\7268\hotspot\src\share\vm\classfile\systemDictionary.cpp, line 210]
Event: 2.503 Thread 0x0000000002022800 Exception <a 'java/lang/ClassNotFoundException': ToolBarSeparator> (0x00000000d630a320) thrown at [C:\re\workspace\8-2-build-windows-amd64-cygwin\jdk8u102\7268\hotspot\src\share\vm\classfile\systemDictionary.cpp, line 210]
Event: 2.503 Thread 0x0000000002022800 Exception <a 'java/lang/ClassNotFoundException': ToolTip> (0x00000000d630a9b8) thrown at [C:\re\workspace\8-2-build-windows-amd64-cygwin\jdk8u102\7268\hotspot\src\share\vm\classfile\systemDictionary.cpp, line 210]
Event: 2.504 Thread 0x0000000002022800 Exception <a 'java/lang/ClassNotFoundException': Tree> (0x00000000d630b048) thrown at [C:\re\workspace\8-2-build-windows-amd64-cygwin\jdk8u102\7268\hotspot\src\share\vm\classfile\systemDictionary.cpp, line 210]
Event: 2.504 Thread 0x0000000002022800 Exception <a 'java/lang/ClassNotFoundException': Tree> (0x00000000d630b740) thrown at [C:\re\workspace\8-2-build-windows-amd64-cygwin\jdk8u102\7268\hotspot\src\share\vm\classfile\systemDictionary.cpp, line 210]
Event: 2.504 Thread 0x0000000002022800 Exception <a 'java/lang/ClassNotFoundException': javax/swing/JTreeCell> (0x00000000d630bac0) thrown at [C:\re\workspace\8-2-build-windows-amd64-cygwin\jdk8u102\7268\hotspot\src\share\vm\classfile\systemDictionary.cpp, line 210]
Event: 2.504 Thread 0x0000000002022800 Exception <a 'java/lang/ClassNotFoundException': TreeCell> (0x00000000d630bf48) thrown at [C:\re\workspace\8-2-build-windows-amd64-cygwin\jdk8u102\7268\hotspot\src\share\vm\classfile\systemDictionary.cpp, line 210]
Event: 2.504 Thread 0x0000000002022800 Exception <a 'java/lang/ClassNotFoundException': RootPane> (0x00000000d630c768) thrown at [C:\re\workspace\8-2-build-windows-amd64-cygwin\jdk8u102\7268\hotspot\src\share\vm\classfile\systemDictionary.cpp, line 210]

Events (10 events):
Event: 65.213 Thread 0x0000000016cce000 flushing nmethod 0x00000000022e1ad0
Event: 65.213 Thread 0x0000000016cce000 flushing nmethod 0x00000000022e6990
Event: 65.541 Executing VM operation: EnterInterpOnlyMode
Event: 65.541 Executing nested VM operation: Deoptimize
Event: 65.541 Executing nested VM operation: Deoptimize done
Event: 65.542 Executing VM operation: EnterInterpOnlyMode done
Event: 65.542 Executing VM operation: GetCurrentLocation
Event: 65.542 Executing VM operation: GetCurrentLocation done
Event: 65.542 Executing VM operation: ChangeSingleStep
Event: 65.542 Executing VM operation: ChangeSingleStep done


Dynamic libraries:
0x00007ff604a60000 - 0x00007ff604a97000 	C:\Program Files\Java\jdk1.8.0_102\bin\java.exe
0x00007ffb02080000 - 0x00007ffb02252000 	C:\WINDOWS\SYSTEM32\ntdll.dll
0x00007ffb011e0000 - 0x00007ffb0128c000 	C:\WINDOWS\System32\KERNEL32.DLL
0x00007ffae6a70000 - 0x00007ffae6aa3000 	C:\Program Files\AVAST Software\Avast\x64\aswhooka.dll
0x00007ffafe7c0000 - 0x00007ffafe9dd000 	C:\WINDOWS\System32\KERNELBASE.dll
0x00007ffb01d90000 - 0x00007ffb01e32000 	C:\WINDOWS\System32\ADVAPI32.dll
0x00007ffb01140000 - 0x00007ffb011de000 	C:\WINDOWS\System32\msvcrt.dll
0x00007ffaff7d0000 - 0x00007ffaff829000 	C:\WINDOWS\System32\sechost.dll
0x00007ffaff6a0000 - 0x00007ffaff7c1000 	C:\WINDOWS\System32\RPCRT4.dll
0x00007ffb01c10000 - 0x00007ffb01d75000 	C:\WINDOWS\System32\USER32.dll
0x00007ffaff540000 - 0x00007ffaff55e000 	C:\WINDOWS\System32\win32u.dll
0x00007ffaff660000 - 0x00007ffaff694000 	C:\WINDOWS\System32\GDI32.dll
0x00007ffafe640000 - 0x00007ffafe7c0000 	C:\WINDOWS\System32\gdi32full.dll
0x00007ffaedc50000 - 0x00007ffaedeca000 	C:\WINDOWS\WinSxS\amd64_microsoft.windows.common-controls_6595b64144ccf1df_6.0.14393.953_none_42151e83c686086b\COMCTL32.dll
0x00007ffb012a0000 - 0x00007ffb01568000 	C:\WINDOWS\System32\combase.dll
0x00007ffafea80000 - 0x00007ffafeb75000 	C:\WINDOWS\System32\ucrtbase.dll
0x00007ffafe5d0000 - 0x00007ffafe63a000 	C:\WINDOWS\System32\bcryptPrimitives.dll
0x00007ffaff630000 - 0x00007ffaff65e000 	C:\WINDOWS\System32\IMM32.DLL
0x00000000735f0000 - 0x00000000736c1000 	C:\Program Files\Java\jdk1.8.0_102\jre\bin\msvcr100.dll
0x0000000072d50000 - 0x00000000735ea000 	C:\Program Files\Java\jdk1.8.0_102\jre\bin\server\jvm.dll
0x00007ffb01290000 - 0x00007ffb01298000 	C:\WINDOWS\System32\PSAPI.DLL
0x00007ffafb220000 - 0x00007ffafb229000 	C:\WINDOWS\SYSTEM32\WSOCK32.dll
0x00007ffb010d0000 - 0x00007ffb0113a000 	C:\WINDOWS\System32\WS2_32.dll
0x00007ffafc670000 - 0x00007ffafc693000 	C:\WINDOWS\SYSTEM32\WINMM.dll
0x00007ffaef700000 - 0x00007ffaef70a000 	C:\WINDOWS\SYSTEM32\VERSION.dll
0x00007ffafc4e0000 - 0x00007ffafc50b000 	C:\WINDOWS\SYSTEM32\WINMMBASE.dll
0x00007ffafe580000 - 0x00007ffafe5c2000 	C:\WINDOWS\System32\cfgmgr32.dll
0x0000000072d40000 - 0x0000000072d4f000 	C:\Program Files\Java\jdk1.8.0_102\jre\bin\verify.dll
0x0000000072d10000 - 0x0000000072d39000 	C:\Program Files\Java\jdk1.8.0_102\jre\bin\java.dll
0x0000000072cd0000 - 0x0000000072d05000 	C:\Program Files\Java\jdk1.8.0_102\jre\bin\jdwp.dll
0x0000000072cc0000 - 0x0000000072cc8000 	C:\Program Files\Java\jdk1.8.0_102\jre\bin\npt.dll
0x0000000072ca0000 - 0x0000000072cb6000 	C:\Program Files\Java\jdk1.8.0_102\jre\bin\zip.dll
0x00007ffaffb60000 - 0x00007ffb01068000 	C:\WINDOWS\System32\SHELL32.dll
0x00007ffafedb0000 - 0x00007ffaff488000 	C:\WINDOWS\System32\windows.storage.dll
0x00007ffafe510000 - 0x00007ffafe55c000 	C:\WINDOWS\System32\powrprof.dll
0x00007ffb01070000 - 0x00007ffb010c2000 	C:\WINDOWS\System32\shlwapi.dll
0x00007ffafe500000 - 0x00007ffafe50f000 	C:\WINDOWS\System32\kernel.appcore.dll
0x00007ffaff560000 - 0x00007ffaff609000 	C:\WINDOWS\System32\shcore.dll
0x00007ffafe560000 - 0x00007ffafe574000 	C:\WINDOWS\System32\profapi.dll
0x0000000072c90000 - 0x0000000072c9b000 	C:\Program Files\Java\jdk1.8.0_102\jre\bin\dt_shmem.dll
0x0000000072a00000 - 0x0000000072b98000 	C:\Program Files\Java\jdk1.8.0_102\jre\bin\awt.dll
0x00007ffaffa40000 - 0x00007ffaffaff000 	C:\WINDOWS\System32\OLEAUT32.dll
0x00007ffafe9e0000 - 0x00007ffafea7c000 	C:\WINDOWS\System32\msvcp_win.dll
0x00007ffafcb70000 - 0x00007ffafcbea000 	C:\WINDOWS\SYSTEM32\apphelp.dll
0x00007ffafcca0000 - 0x00007ffafcd35000 	C:\WINDOWS\system32\uxtheme.dll
0x00007ffb01ab0000 - 0x00007ffb01c0a000 	C:\WINDOWS\System32\MSCTF.dll
0x00007ffafc240000 - 0x00007ffafc266000 	C:\WINDOWS\system32\dwmapi.dll
0x00007ffb01f40000 - 0x00007ffb02078000 	C:\WINDOWS\System32\ole32.dll
0x00000000729b0000 - 0x00000000729f7000 	C:\Program Files\Java\jdk1.8.0_102\jre\bin\fontmanager.dll
0x0000000072990000 - 0x00000000729aa000 	C:\Program Files\Java\jdk1.8.0_102\jre\bin\net.dll
0x00007ffafde20000 - 0x00007ffafde7c000 	C:\WINDOWS\system32\mswsock.dll
0x0000000072970000 - 0x0000000072981000 	C:\Program Files\Java\jdk1.8.0_102\jre\bin\nio.dll
0x0000000072920000 - 0x0000000072962000 	C:\Program Files\Java\jdk1.8.0_102\jre\bin\t2k.dll
0x00000000728f0000 - 0x000000007291a000 	C:\Program Files\Java\jdk1.8.0_102\jre\bin\dcpr.dll
0x00007ffafdfc0000 - 0x00007ffafdfd7000 	C:\WINDOWS\SYSTEM32\CRYPTSP.dll
0x00007ffafda20000 - 0x00007ffafda53000 	C:\WINDOWS\system32\rsaenh.dll
0x00007ffafe0d0000 - 0x00007ffafe0fb000 	C:\WINDOWS\SYSTEM32\bcrypt.dll
0x00007ffafdca0000 - 0x00007ffafdcbf000 	C:\WINDOWS\SYSTEM32\USERENV.dll
0x00007ffafdfe0000 - 0x00007ffafdfeb000 	C:\WINDOWS\SYSTEM32\CRYPTBASE.dll
0x00007ffafdba0000 - 0x00007ffafdbd8000 	C:\WINDOWS\SYSTEM32\IPHLPAPI.DLL
0x00007ffb01d80000 - 0x00007ffb01d88000 	C:\WINDOWS\System32\NSI.dll
0x00007ffaf5c90000 - 0x00007ffaf5ca6000 	C:\WINDOWS\SYSTEM32\dhcpcsvc6.DLL
0x00007ffaf5c70000 - 0x00007ffaf5c8a000 	C:\WINDOWS\SYSTEM32\dhcpcsvc.DLL
0x000000006cd80000 - 0x000000006ce70000 	C:\Users\Jozef\AppData\Local\Temp\sqlite-3.16.1-9c7134bb-73e4-4389-974b-ebcede674078-sqlitejdbc.dll
0x00007ffadb800000 - 0x00007ffadb9ac000 	C:\dislin\win\disjava.dll
0x00007ffae0b30000 - 0x00007ffae0c53000 	C:\WINDOWS\SYSTEM32\OPENGL32.dll
0x00007ffaef7f0000 - 0x00007ffaef81d000 	C:\WINDOWS\SYSTEM32\GLU32.dll
0x00007ffae0920000 - 0x00007ffae0a17000 	C:\WINDOWS\SYSTEM32\DDRAW.dll
0x00007ffaeaf10000 - 0x00007ffaeaf18000 	C:\WINDOWS\SYSTEM32\DCIMAN32.dll
0x00007ffb01580000 - 0x00007ffb0161f000 	C:\WINDOWS\System32\clbcatq.dll
0x00007ffafba70000 - 0x00007ffafbc18000 	C:\WINDOWS\SYSTEM32\WindowsCodecs.dll
0x00007ffae5a90000 - 0x00007ffae5ad9000 	C:\WINDOWS\system32\dataexchange.dll
0x00007ffafb550000 - 0x00007ffafb806000 	C:\WINDOWS\system32\d3d11.dll
0x00007ffafc510000 - 0x00007ffafc661000 	C:\WINDOWS\system32\dcomp.dll
0x00007ffafd590000 - 0x00007ffafd62f000 	C:\WINDOWS\system32\dxgi.dll
0x00007ffafd020000 - 0x00007ffafd13c000 	C:\WINDOWS\system32\twinapi.appcore.dll
0x00007ffad9f10000 - 0x00007ffad9fbc000 	C:\WINDOWS\WinSxS\amd64_microsoft.windows.common-controls_6595b64144ccf1df_5.82.14393.447_none_0d5aa7fbb6d35646\comctl32.dll
0x00007ffafc030000 - 0x00007ffafc1b5000 	C:\WINDOWS\system32\propsys.dll
0x00007ffadada0000 - 0x00007ffadaec7000 	C:\WINDOWS\system32\NetworkExplorer.dll
0x00007ffaeb0d0000 - 0x00007ffaeb435000 	C:\Windows\System32\ActXPrxy.dll
0x00007ffaf2430000 - 0x00007ffaf244b000 	C:\WINDOWS\SYSTEM32\MPR.dll
0x00007ffaefa10000 - 0x00007ffaefa26000 	C:\WINDOWS\System32\ntlanman.dll
0x00007ffafab30000 - 0x00007ffafab3b000 	C:\WINDOWS\System32\drprov.dll
0x00007ffafd770000 - 0x00007ffafd7c6000 	C:\WINDOWS\System32\WINSTA.dll
0x00007ffaef8d0000 - 0x00007ffaef8f0000 	C:\WINDOWS\System32\davclnt.dll
0x00007ffaf7130000 - 0x00007ffaf713c000 	C:\WINDOWS\System32\DAVHLPR.dll
0x00007ffafbc20000 - 0x00007ffafbc36000 	C:\WINDOWS\System32\wkscli.dll
0x00007ffaea2d0000 - 0x00007ffaea2e2000 	C:\WINDOWS\SYSTEM32\cscapi.dll
0x00007ffafdbe0000 - 0x00007ffafdbed000 	C:\WINDOWS\System32\netutils.dll
0x0000000180000000 - 0x00000001800df000 	C:\Program Files (x86)\Nokia\Nokia PC Suite 7\PhoneBrowser64.dll
0x00007ffae0520000 - 0x00007ffae0658000 	C:\Program Files (x86)\Nokia\Nokia PC Suite 7\NGSCM64.DLL
0x00007ffb01e40000 - 0x00007ffb01f3a000 	C:\WINDOWS\System32\COMDLG32.dll
0x00007ffaeded0000 - 0x00007ffaee19a000 	C:\WINDOWS\SYSTEM32\WININET.dll
0x00007ffaf1ee0000 - 0x00007ffaf2079000 	C:\WINDOWS\WinSxS\amd64_microsoft.windows.gdiplus_6595b64144ccf1df_1.1.14393.1715_none_aec701fbddd850fa\gdiplus.dll
0x0000000074f40000 - 0x0000000075013000 	C:\WINDOWS\WinSxS\amd64_microsoft.vc90.crt_1fc8b3b9a1e18e3b_9.0.30729.9247_none_08e394a1a83e212f\MSVCP90.dll
0x0000000075c00000 - 0x0000000075ca3000 	C:\WINDOWS\WinSxS\amd64_microsoft.vc90.crt_1fc8b3b9a1e18e3b_9.0.30729.9247_none_08e394a1a83e212f\MSVCR90.dll
0x00007ffaeca50000 - 0x00007ffaecc13000 	C:\WINDOWS\SYSTEM32\urlmon.dll
0x00007ffaf2080000 - 0x00007ffaf2087000 	C:\WINDOWS\SYSTEM32\MSIMG32.dll
0x00007ffaf37f0000 - 0x00007ffaf3a95000 	C:\WINDOWS\SYSTEM32\iertutil.dll
0x000000001aae0000 - 0x000000001aae8000 	C:\Program Files (x86)\Nokia\Nokia PC Suite 7\Lang\PhoneBrowser_eng.nlr
0x000000001ac50000 - 0x000000001acdd000 	C:\Program Files (x86)\Nokia\Nokia PC Suite 7\Resource\PhoneBrowser_Nokia.ngr
0x00007ffad66a0000 - 0x00007ffad66ed000 	C:\Windows\System32\dlnashext.dll
0x00007ffaeb940000 - 0x00007ffaeb9b0000 	C:\Windows\System32\PlayToDevice.dll
0x00007ffafbcc0000 - 0x00007ffafbcde000 	C:\Windows\System32\DevDispItemProvider.dll
0x00007ffaf6d40000 - 0x00007ffaf6db1000 	C:\WINDOWS\System32\MMDevApi.dll
0x00007ffafd2d0000 - 0x00007ffafd2f8000 	C:\WINDOWS\System32\DEVOBJ.dll
0x00007ffaf5dd0000 - 0x00007ffaf5ddb000 	C:\WINDOWS\SYSTEM32\WINNSI.DLL
0x00007ffaf1600000 - 0x00007ffaf1636000 	C:\WINDOWS\System32\netprofm.dll
0x00007ffaf0120000 - 0x00007ffaf012e000 	C:\WINDOWS\System32\npmproxy.dll
0x00007ffac9800000 - 0x00007ffac99ff000 	C:\WINDOWS\system32\wpdshext.dll
0x00007ffaf92c0000 - 0x00007ffaf935e000 	C:\Windows\System32\PortableDeviceApi.dll
0x00007ffb01620000 - 0x00007ffb01a49000 	C:\WINDOWS\System32\SETUPAPI.dll
0x00007ffafeb80000 - 0x00007ffafebd5000 	C:\WINDOWS\System32\WINTRUST.dll
0x00007ffafe4f0000 - 0x00007ffafe500000 	C:\WINDOWS\System32\MSASN1.dll
0x00007ffafebe0000 - 0x00007ffafeda9000 	C:\WINDOWS\System32\CRYPT32.dll
0x00007ffade430000 - 0x00007ffade466000 	C:\Windows\System32\EhStorShell.dll
0x00007ffaf04d0000 - 0x00007ffaf04f5000 	C:\Windows\System32\EhStorAPI.dll
0x00007ffafbf60000 - 0x00007ffafbf73000 	C:\Windows\System32\WTSAPI32.dll
0x00007ffaea340000 - 0x00007ffaea350000 	C:\WINDOWS\SYSTEM32\LINKINFO.dll
0x00007ffafad70000 - 0x00007ffafaf02000 	C:\WINDOWS\SYSTEM32\dbghelp.dll

VM Arguments:
jvm_args: -Xdebug -Xrunjdwp:transport=dt_shmem,address=javadebug -Dfile.encoding=UTF-8 
java_command: emft_vol2.main_class
java_class_path (initial): C:\Users\Jozef\AppData\Roaming\NetBeans\8.1\modules\ext\sqlite-jdbc-3.16.1.jar;C:\Users\Jozef\Documents\NetBeansProjects\EMFTvol2\log4j-1.2.15.jar;C:\Users\Jozef\Documents\NetBeansProjects\EMFTvol2\jdelaunay-master.zip;C:\Users\Jozef\Documents\NetBeansProjects\EMFTvol2\EMFT_vol2\delaunay.jar;C:\Users\Jozef\Documents\NetBeansProjects\EMFTvol2\EMFT_vol2\quickhull-src.jar;C:\Users\Jozef\Documents\NetBeansProjects\EMFTvol2\EMFT_vol2\Dislin.jar;C:\Users\Jozef\Documents\NetBeansProjects\EMFTvol2\EMFT_vol2\commons-math-2.2\commons-math-2.2-javadoc.jar;C:\Users\Jozef\Documents\NetBeansProjects\EMFTvol2\EMFT_vol2\commons-math-2.2\commons-math-2.2-sources.jar;C:\Users\Jozef\Documents\NetBeansProjects\EMFTvol2\EMFT_vol2\commons-math-2.2\commons-math-2.2.jar;C:\Users\Jozef\Documents\NetBeansProjects\EMFTvol2\EMFT_vol2\build\classes
Launcher Type: SUN_STANDARD

Environment Variables:
PATH=C:\Program Files (x86)\PC Connectivity Solution\;C:\ProgramData\Oracle\Java\javapath;C:\Program Files (x86)\Intel\iCLS Client\;C:\Program Files\Intel\iCLS Client\;C:\WINDOWS\system32;C:\WINDOWS;C:\WINDOWS\System32\Wbem;C:\WINDOWS\System32\WindowsPowerShell\v1.0\;C:\Program Files (x86)\Intel\Intel(R) Management Engine Components\DAL;C:\Program Files\Intel\Intel(R) Management Engine Components\DAL;C:\Program Files (x86)\Intel\Intel(R) Management Engine Components\IPT;C:\Program Files\Intel\Intel(R) Management Engine Components\IPT;C:\Program Files (x86)\Pico Technology\PicoScope6\;C:\Program Files\Intel\WiFi\bin\;C:\Program Files\Common Files\Intel\WirelessCommon\;C:\Users\Jozef\AppData\Local\Programs\MiKTeX 2.9\miktex\bin\x64\;C:\myPF\miktex\bin\x64\;C:\MinGW\bin;C:\MinGW\msys\1.0\bin;c:\dislin\win;%USERPROFILE%\AppData\Local\Microsoft\WindowsApps;
USERNAME=Jozef
OS=Windows_NT
PROCESSOR_IDENTIFIER=Intel64 Family 6 Model 78 Stepping 3, GenuineIntel



---------------  S Y S T E M  ---------------

OS: Windows 10.0 , 64 bit Build 14393 (10.0.14393.1198)

CPU:total 4 (2 cores per cpu, 2 threads per core) family 6 model 78 stepping 3, cmov, cx8, fxsr, mmx, sse, sse2, sse3, ssse3, sse4.1, sse4.2, popcnt, avx, avx2, aes, clmul, erms, 3dnowpref, lzcnt, ht, tsc, tscinvbit, bmi1, bmi2, adx

Memory: 4k page, physical 8282200k(2241744k free), swap 12007240k(2824896k free)

vm_info: Java HotSpot(TM) 64-Bit Server VM (25.102-b14) for windows-amd64 JRE (1.8.0_102-b14), built on Jun 22 2016 13:15:21 by "java_re" with MS VC++ 10.0 (VS2010)

time: Fri Oct 20 13:06:51 2017
elapsed time: 65 seconds (0d 0h 1m 5s)

